[0.402s] Invoking command in '/ros2_ws/ros2_ws/src/my_robot': PYTHONPATH=/ros2_ws/ros2_ws/src/build/my_robot/prefix_override:/usr/lib/python3/dist-packages/colcon_core/task/python/colcon_distutils_commands:/ros2_ws/ros2_ws/src/install/my_robot/lib/python3.10/site-packages:${PYTHONPATH} /usr/bin/python3 -W ignore:setup.py install is deprecated -W ignore:easy_install command is deprecated setup.py egg_info --egg-base ../build/my_robot build --build-base /ros2_ws/ros2_ws/src/build/my_robot/build install --record /ros2_ws/ros2_ws/src/build/my_robot/install.log --single-version-externally-managed install_data
[0.524s] running egg_info
[0.524s] creating ../build/my_robot/my_robot.egg-info
[0.524s] writing ../build/my_robot/my_robot.egg-info/PKG-INFO
[0.525s] writing dependency_links to ../build/my_robot/my_robot.egg-info/dependency_links.txt
[0.525s] writing entry points to ../build/my_robot/my_robot.egg-info/entry_points.txt
[0.525s] writing requirements to ../build/my_robot/my_robot.egg-info/requires.txt
[0.525s] writing top-level names to ../build/my_robot/my_robot.egg-info/top_level.txt
[0.525s] writing manifest file '../build/my_robot/my_robot.egg-info/SOURCES.txt'
[0.527s] reading manifest file '../build/my_robot/my_robot.egg-info/SOURCES.txt'
[0.527s] writing manifest file '../build/my_robot/my_robot.egg-info/SOURCES.txt'
[0.527s] running build
[0.527s] running build_py
[0.527s] creating /ros2_ws/ros2_ws/src/build/my_robot/build
[0.527s] creating /ros2_ws/ros2_ws/src/build/my_robot/build/lib
[0.527s] creating /ros2_ws/ros2_ws/src/build/my_robot/build/lib/my_robot
[0.527s] copying my_robot/__init__.py -> /ros2_ws/ros2_ws/src/build/my_robot/build/lib/my_robot
[0.527s] running install
[0.528s] running install_lib
[0.528s] creating /ros2_ws/ros2_ws/src/install/my_robot/lib/python3.10/site-packages/my_robot
[0.528s] copying /ros2_ws/ros2_ws/src/build/my_robot/build/lib/my_robot/__init__.py -> /ros2_ws/ros2_ws/src/install/my_robot/lib/python3.10/site-packages/my_robot
[0.529s] byte-compiling /ros2_ws/ros2_ws/src/install/my_robot/lib/python3.10/site-packages/my_robot/__init__.py to __init__.cpython-310.pyc
[0.529s] running install_data
[0.529s] creating /ros2_ws/ros2_ws/src/install/my_robot/share/ament_index
[0.529s] creating /ros2_ws/ros2_ws/src/install/my_robot/share/ament_index/resource_index
[0.529s] creating /ros2_ws/ros2_ws/src/install/my_robot/share/ament_index/resource_index/packages
[0.529s] copying resource/my_robot -> /ros2_ws/ros2_ws/src/install/my_robot/share/ament_index/resource_index/packages
[0.529s] copying package.xml -> /ros2_ws/ros2_ws/src/install/my_robot/share/my_robot
[0.529s] running install_egg_info
[0.531s] Copying ../build/my_robot/my_robot.egg-info to /ros2_ws/ros2_ws/src/install/my_robot/lib/python3.10/site-packages/my_robot-0.0.0-py3.10.egg-info
[0.531s] running install_scripts
[0.553s] writing list of installed files to '/ros2_ws/ros2_ws/src/build/my_robot/install.log'
[0.583s] Invoked command in '/ros2_ws/ros2_ws/src/my_robot' returned '0': PYTHONPATH=/ros2_ws/ros2_ws/src/build/my_robot/prefix_override:/usr/lib/python3/dist-packages/colcon_core/task/python/colcon_distutils_commands:/ros2_ws/ros2_ws/src/install/my_robot/lib/python3.10/site-packages:${PYTHONPATH} /usr/bin/python3 -W ignore:setup.py install is deprecated -W ignore:easy_install command is deprecated setup.py egg_info --egg-base ../build/my_robot build --build-base /ros2_ws/ros2_ws/src/build/my_robot/build install --record /ros2_ws/ros2_ws/src/build/my_robot/install.log --single-version-externally-managed install_data
