[0.028s] Invoking command in '/raspberry-pg/ros2_ws/build/navigation_pkg': CMAKE_PREFIX_PATH=/opt/ros/humble /usr/bin/cmake /raspberry-pg/ros2_ws/src/navigation_pkg -DCMAKE_INSTALL_PREFIX=/raspberry-pg/ros2_ws/install/navigation_pkg
[0.198s] -- The C compiler identification is GNU 11.4.0
[0.337s] -- The CXX compiler identification is GNU 11.4.0
[0.356s] -- Detecting C compiler ABI info
[0.490s] -- Detecting C compiler ABI info - done
[0.512s] -- Check for working C compiler: /usr/bin/cc - skipped
[0.512s] -- Detecting C compile features
[0.514s] -- Detecting C compile features - done
[0.521s] -- Detecting CXX compiler ABI info
[0.671s] -- Detecting CXX compiler ABI info - done
[0.687s] -- Check for working CXX compiler: /usr/bin/c++ - skipped
[0.687s] -- Detecting CXX compile features
[0.688s] -- Detecting CXX compile features - done
[0.694s] -- Found ament_cmake: 1.3.10 (/opt/ros/humble/share/ament_cmake/cmake)
[1.000s] -- Found Python3: /usr/bin/python3 (found version "3.10.12") found components: Interpreter 
[1.213s] -- Found ament_lint_auto: 0.12.11 (/opt/ros/humble/share/ament_lint_auto/cmake)
[1.404s] -- Added test 'lint_cmake' to check CMake code style
[1.406s] -- Added test 'xmllint' to check XML markup files
[1.409s] -- Configuring done
[1.415s] -- Generating done
[1.416s] -- Build files have been written to: /raspberry-pg/ros2_ws/build/navigation_pkg
[1.425s] Invoked command in '/raspberry-pg/ros2_ws/build/navigation_pkg' returned '0': CMAKE_PREFIX_PATH=/opt/ros/humble /usr/bin/cmake /raspberry-pg/ros2_ws/src/navigation_pkg -DCMAKE_INSTALL_PREFIX=/raspberry-pg/ros2_ws/install/navigation_pkg
[1.429s] Invoking command in '/raspberry-pg/ros2_ws/build/navigation_pkg': CMAKE_PREFIX_PATH=/opt/ros/humble /usr/bin/cmake --build /raspberry-pg/ros2_ws/build/navigation_pkg -- -j8 -l8
[1.498s] Invoked command in '/raspberry-pg/ros2_ws/build/navigation_pkg' returned '0': CMAKE_PREFIX_PATH=/opt/ros/humble /usr/bin/cmake --build /raspberry-pg/ros2_ws/build/navigation_pkg -- -j8 -l8
[1.555s] Invoking command in '/raspberry-pg/ros2_ws/build/navigation_pkg': CMAKE_PREFIX_PATH=/opt/ros/humble /usr/bin/cmake --install /raspberry-pg/ros2_ws/build/navigation_pkg
[1.570s] -- Install configuration: ""
[1.570s] -- Installing: /raspberry-pg/ros2_ws/install/navigation_pkg/share/ament_index/resource_index/package_run_dependencies/navigation_pkg
[1.570s] -- Installing: /raspberry-pg/ros2_ws/install/navigation_pkg/share/ament_index/resource_index/parent_prefix_path/navigation_pkg
[1.571s] -- Installing: /raspberry-pg/ros2_ws/install/navigation_pkg/share/navigation_pkg/environment/ament_prefix_path.sh
[1.571s] -- Installing: /raspberry-pg/ros2_ws/install/navigation_pkg/share/navigation_pkg/environment/ament_prefix_path.dsv
[1.572s] -- Installing: /raspberry-pg/ros2_ws/install/navigation_pkg/share/navigation_pkg/environment/path.sh
[1.572s] -- Installing: /raspberry-pg/ros2_ws/install/navigation_pkg/share/navigation_pkg/environment/path.dsv
[1.572s] -- Installing: /raspberry-pg/ros2_ws/install/navigation_pkg/share/navigation_pkg/local_setup.bash
[1.573s] -- Installing: /raspberry-pg/ros2_ws/install/navigation_pkg/share/navigation_pkg/local_setup.sh
[1.573s] -- Installing: /raspberry-pg/ros2_ws/install/navigation_pkg/share/navigation_pkg/local_setup.zsh
[1.573s] -- Installing: /raspberry-pg/ros2_ws/install/navigation_pkg/share/navigation_pkg/local_setup.dsv
[1.573s] -- Installing: /raspberry-pg/ros2_ws/install/navigation_pkg/share/navigation_pkg/package.dsv
[1.574s] -- Installing: /raspberry-pg/ros2_ws/install/navigation_pkg/share/ament_index/resource_index/packages/navigation_pkg
[1.574s] -- Installing: /raspberry-pg/ros2_ws/install/navigation_pkg/share/navigation_pkg/cmake/navigation_pkgConfig.cmake
[1.574s] -- Installing: /raspberry-pg/ros2_ws/install/navigation_pkg/share/navigation_pkg/cmake/navigation_pkgConfig-version.cmake
[1.575s] -- Installing: /raspberry-pg/ros2_ws/install/navigation_pkg/share/navigation_pkg/package.xml
[1.580s] Invoked command in '/raspberry-pg/ros2_ws/build/navigation_pkg' returned '0': CMAKE_PREFIX_PATH=/opt/ros/humble /usr/bin/cmake --install /raspberry-pg/ros2_ws/build/navigation_pkg
