-- Found ament_cmake: 1.3.11 (/opt/ros/humble/share/ament_cmake/cmake)
-- Found rclcpp: 16.0.12 (/opt/ros/humble/share/rclcpp/cmake)
-- Found rosidl_generator_c: 3.1.6 (/opt/ros/humble/share/rosidl_generator_c/cmake)
-- Found rosidl_adapter: 3.1.6 (/opt/ros/humble/share/rosidl_adapter/cmake)
-- Found rosidl_generator_cpp: 3.1.6 (/opt/ros/humble/share/rosidl_generator_cpp/cmake)
-- Using all available rosidl_typesupport_c: rosidl_typesupport_fastrtps_c;rosidl_typesupport_introspection_c
-- Using all available rosidl_typesupport_cpp: rosidl_typesupport_fastrtps_cpp;rosidl_typesupport_introspection_cpp
-- Found rmw_implementation_cmake: 6.1.2 (/opt/ros/humble/share/rmw_implementation_cmake/cmake)
-- Found rmw_fastrtps_cpp: 6.2.7 (/opt/ros/humble/share/rmw_fastrtps_cpp/cmake)
-- Using RMW implementation 'rmw_fastrtps_cpp' as default
-- Found geometry_msgs: 4.8.0 (/opt/ros/humble/share/geometry_msgs/cmake)
-- Configuring done
-- Generating done
-- Build files have been written to: /ros2_ws/build/uart_publisher
[35m[1mConsolidate compiler generated dependencies of target uart_publisher[0m
[100%] Built target uart_publisher
-- Install configuration: ""
-- Up-to-date: /ros2_ws/install/uart_publisher/lib/uart_publisher/uart_publisher
-- Up-to-date: /ros2_ws/install/uart_publisher/share/ament_index/resource_index/package_run_dependencies/uart_publisher
-- Up-to-date: /ros2_ws/install/uart_publisher/share/ament_index/resource_index/parent_prefix_path/uart_publisher
-- Up-to-date: /ros2_ws/install/uart_publisher/share/uart_publisher/environment/ament_prefix_path.sh
-- Installing: /ros2_ws/install/uart_publisher/share/uart_publisher/environment/ament_prefix_path.dsv
-- Up-to-date: /ros2_ws/install/uart_publisher/share/uart_publisher/environment/path.sh
-- Installing: /ros2_ws/install/uart_publisher/share/uart_publisher/environment/path.dsv
-- Up-to-date: /ros2_ws/install/uart_publisher/share/uart_publisher/local_setup.bash
-- Up-to-date: /ros2_ws/install/uart_publisher/share/uart_publisher/local_setup.sh
-- Up-to-date: /ros2_ws/install/uart_publisher/share/uart_publisher/local_setup.zsh
-- Installing: /ros2_ws/install/uart_publisher/share/uart_publisher/local_setup.dsv
-- Installing: /ros2_ws/install/uart_publisher/share/uart_publisher/package.dsv
-- Up-to-date: /ros2_ws/install/uart_publisher/share/ament_index/resource_index/packages/uart_publisher
-- Up-to-date: /ros2_ws/install/uart_publisher/share/uart_publisher/cmake/uart_publisherConfig.cmake
-- Up-to-date: /ros2_ws/install/uart_publisher/share/uart_publisher/cmake/uart_publisherConfig-version.cmake
-- Installing: /ros2_ws/install/uart_publisher/share/uart_publisher/package.xml
