[0.011s] Invoking command in '/ros2_ws/build/uart_publisher': CMAKE_PREFIX_PATH=/opt/ros/humble:${CMAKE_PREFIX_PATH} /usr/bin/cmake /ros2_ws/src/uart_publisher -DCMAKE_INSTALL_PREFIX=/ros2_ws/install/uart_publisher
[0.025s] -- Found ament_cmake: 1.3.11 (/opt/ros/humble/share/ament_cmake/cmake)
[0.148s] -- Found rclcpp: 16.0.12 (/opt/ros/humble/share/rclcpp/cmake)
[0.170s] -- Found rosidl_generator_c: 3.1.6 (/opt/ros/humble/share/rosidl_generator_c/cmake)
[0.172s] -- Found rosidl_adapter: 3.1.6 (/opt/ros/humble/share/rosidl_adapter/cmake)
[0.176s] -- Found rosidl_generator_cpp: 3.1.6 (/opt/ros/humble/share/rosidl_generator_cpp/cmake)
[0.184s] -- Using all available rosidl_typesupport_c: rosidl_typesupport_fastrtps_c;rosidl_typesupport_introspection_c
[0.199s] -- Using all available rosidl_typesupport_cpp: rosidl_typesupport_fastrtps_cpp;rosidl_typesupport_introspection_cpp
[0.237s] -- Found rmw_implementation_cmake: 6.1.2 (/opt/ros/humble/share/rmw_implementation_cmake/cmake)
[0.238s] -- Found rmw_fastrtps_cpp: 6.2.7 (/opt/ros/humble/share/rmw_fastrtps_cpp/cmake)
[0.334s] -- Using RMW implementation 'rmw_fastrtps_cpp' as default
[0.367s] -- Found geometry_msgs: 4.8.0 (/opt/ros/humble/share/geometry_msgs/cmake)
[0.430s] -- Configuring done
[0.444s] -- Generating done
[0.449s] -- Build files have been written to: /ros2_ws/build/uart_publisher
[0.455s] Invoked command in '/ros2_ws/build/uart_publisher' returned '0': CMAKE_PREFIX_PATH=/opt/ros/humble:${CMAKE_PREFIX_PATH} /usr/bin/cmake /ros2_ws/src/uart_publisher -DCMAKE_INSTALL_PREFIX=/ros2_ws/install/uart_publisher
[0.456s] Invoking command in '/ros2_ws/build/uart_publisher': CMAKE_PREFIX_PATH=/opt/ros/humble:${CMAKE_PREFIX_PATH} /usr/bin/cmake --build /ros2_ws/build/uart_publisher -- -j12 -l12
[0.497s] [35m[1mConsolidate compiler generated dependencies of target uart_publisher[0m
[0.518s] [100%] Built target uart_publisher
[0.529s] Invoked command in '/ros2_ws/build/uart_publisher' returned '0': CMAKE_PREFIX_PATH=/opt/ros/humble:${CMAKE_PREFIX_PATH} /usr/bin/cmake --build /ros2_ws/build/uart_publisher -- -j12 -l12
[0.530s] Invoking command in '/ros2_ws/build/uart_publisher': CMAKE_PREFIX_PATH=/opt/ros/humble:${CMAKE_PREFIX_PATH} /usr/bin/cmake --install /ros2_ws/build/uart_publisher
[0.539s] -- Install configuration: ""
[0.539s] -- Up-to-date: /ros2_ws/install/uart_publisher/lib/uart_publisher/uart_publisher
[0.539s] -- Up-to-date: /ros2_ws/install/uart_publisher/share/ament_index/resource_index/package_run_dependencies/uart_publisher
[0.539s] -- Up-to-date: /ros2_ws/install/uart_publisher/share/ament_index/resource_index/parent_prefix_path/uart_publisher
[0.539s] -- Up-to-date: /ros2_ws/install/uart_publisher/share/uart_publisher/environment/ament_prefix_path.sh
[0.540s] -- Installing: /ros2_ws/install/uart_publisher/share/uart_publisher/environment/ament_prefix_path.dsv
[0.540s] -- Up-to-date: /ros2_ws/install/uart_publisher/share/uart_publisher/environment/path.sh
[0.540s] -- Installing: /ros2_ws/install/uart_publisher/share/uart_publisher/environment/path.dsv
[0.540s] -- Up-to-date: /ros2_ws/install/uart_publisher/share/uart_publisher/local_setup.bash
[0.540s] -- Up-to-date: /ros2_ws/install/uart_publisher/share/uart_publisher/local_setup.sh
[0.540s] -- Up-to-date: /ros2_ws/install/uart_publisher/share/uart_publisher/local_setup.zsh
[0.540s] -- Installing: /ros2_ws/install/uart_publisher/share/uart_publisher/local_setup.dsv
[0.540s] -- Installing: /ros2_ws/install/uart_publisher/share/uart_publisher/package.dsv
[0.540s] -- Up-to-date: /ros2_ws/install/uart_publisher/share/ament_index/resource_index/packages/uart_publisher
[0.541s] -- Up-to-date: /ros2_ws/install/uart_publisher/share/uart_publisher/cmake/uart_publisherConfig.cmake
[0.541s] -- Up-to-date: /ros2_ws/install/uart_publisher/share/uart_publisher/cmake/uart_publisherConfig-version.cmake
[0.541s] -- Installing: /ros2_ws/install/uart_publisher/share/uart_publisher/package.xml
[0.542s] Invoked command in '/ros2_ws/build/uart_publisher' returned '0': CMAKE_PREFIX_PATH=/opt/ros/humble:${CMAKE_PREFIX_PATH} /usr/bin/cmake --install /ros2_ws/build/uart_publisher
