[0.010s] Invoking command in '/ros2_ws/build/uart_publisher': CMAKE_PREFIX_PATH=/opt/ros/humble /usr/bin/cmake /ros2_ws/ros2_ws/src/uart_publisher -DCMAKE_INSTALL_PREFIX=/ros2_ws/install/uart_publisher
[0.074s] -- The C compiler identification is GNU 11.4.0
[0.157s] -- The CXX compiler identification is GNU 11.4.0
[0.169s] -- Detecting C compiler ABI info
[0.260s] -- Detecting C compiler ABI info - done
[0.281s] -- Check for working C compiler: /usr/bin/cc - skipped
[0.281s] -- Detecting C compile features
[0.284s] -- Detecting C compile features - done
[0.290s] -- Detecting CXX compiler ABI info
[0.429s] -- Detecting CXX compiler ABI info - done
[0.444s] -- Check for working CXX compiler: /usr/bin/c++ - skipped
[0.445s] -- Detecting CXX compile features
[0.447s] -- Detecting CXX compile features - done
[0.455s] -- Found ament_cmake: 1.3.11 (/opt/ros/humble/share/ament_cmake/cmake)
[0.673s] -- Found Python3: /usr/bin/python3 (found version "3.10.12") found components: Interpreter 
[0.793s] -- Found rclcpp: 16.0.12 (/opt/ros/humble/share/rclcpp/cmake)
[0.866s] -- Found rosidl_generator_c: 3.1.6 (/opt/ros/humble/share/rosidl_generator_c/cmake)
[0.873s] -- Found rosidl_adapter: 3.1.6 (/opt/ros/humble/share/rosidl_adapter/cmake)
[0.889s] -- Found rosidl_generator_cpp: 3.1.6 (/opt/ros/humble/share/rosidl_generator_cpp/cmake)
[0.908s] -- Using all available rosidl_typesupport_c: rosidl_typesupport_fastrtps_c;rosidl_typesupport_introspection_c
[0.928s] -- Using all available rosidl_typesupport_cpp: rosidl_typesupport_fastrtps_cpp;rosidl_typesupport_introspection_cpp
[0.981s] -- Found rmw_implementation_cmake: 6.1.2 (/opt/ros/humble/share/rmw_implementation_cmake/cmake)
[0.984s] -- Found rmw_fastrtps_cpp: 6.2.7 (/opt/ros/humble/share/rmw_fastrtps_cpp/cmake)
[1.090s] -- Found OpenSSL: /usr/lib/x86_64-linux-gnu/libcrypto.so (found version "3.0.2")  
[1.132s] -- Found FastRTPS: /opt/ros/humble/include  
[1.213s] -- Using RMW implementation 'rmw_fastrtps_cpp' as default
[1.229s] -- Looking for pthread.h
[1.343s] -- Looking for pthread.h - found
[1.344s] -- Performing Test CMAKE_HAVE_LIBC_PTHREAD
[1.454s] -- Performing Test CMAKE_HAVE_LIBC_PTHREAD - Success
[1.456s] -- Found Threads: TRUE  
[1.534s] -- Found geometry_msgs: 4.8.0 (/opt/ros/humble/share/geometry_msgs/cmake)
[1.667s] -- Configuring done
[1.684s] -- Generating done
[1.689s] -- Build files have been written to: /ros2_ws/build/uart_publisher
[1.706s] Invoked command in '/ros2_ws/build/uart_publisher' returned '0': CMAKE_PREFIX_PATH=/opt/ros/humble /usr/bin/cmake /ros2_ws/ros2_ws/src/uart_publisher -DCMAKE_INSTALL_PREFIX=/ros2_ws/install/uart_publisher
[1.709s] Invoking command in '/ros2_ws/build/uart_publisher': CMAKE_PREFIX_PATH=/opt/ros/humble /usr/bin/cmake --build /ros2_ws/build/uart_publisher -- -j12 -l12
[1.785s] [ 50%] [32mBuilding CXX object CMakeFiles/uart_publisher.dir/src/uart_publisher.cpp.o[0m
[12.688s] [100%] [32m[1mLinking CXX executable uart_publisher[0m
[13.181s] [100%] Built target uart_publisher
[13.196s] Invoked command in '/ros2_ws/build/uart_publisher' returned '0': CMAKE_PREFIX_PATH=/opt/ros/humble /usr/bin/cmake --build /ros2_ws/build/uart_publisher -- -j12 -l12
[13.198s] Invoking command in '/ros2_ws/build/uart_publisher': CMAKE_PREFIX_PATH=/opt/ros/humble /usr/bin/cmake --install /ros2_ws/build/uart_publisher
[13.207s] -- Install configuration: ""
[13.207s] -- Installing: /ros2_ws/install/uart_publisher/lib/uart_publisher/uart_publisher
[13.210s] -- Set runtime path of "/ros2_ws/install/uart_publisher/lib/uart_publisher/uart_publisher" to ""
[13.211s] -- Installing: /ros2_ws/install/uart_publisher/share/ament_index/resource_index/package_run_dependencies/uart_publisher
[13.211s] -- Installing: /ros2_ws/install/uart_publisher/share/ament_index/resource_index/parent_prefix_path/uart_publisher
[13.211s] -- Installing: /ros2_ws/install/uart_publisher/share/uart_publisher/environment/ament_prefix_path.sh
[13.211s] -- Installing: /ros2_ws/install/uart_publisher/share/uart_publisher/environment/ament_prefix_path.dsv
[13.212s] -- Installing: /ros2_ws/install/uart_publisher/share/uart_publisher/environment/path.sh
[13.212s] -- Installing: /ros2_ws/install/uart_publisher/share/uart_publisher/environment/path.dsv
[13.212s] -- Installing: /ros2_ws/install/uart_publisher/share/uart_publisher/local_setup.bash
[13.212s] -- Installing: /ros2_ws/install/uart_publisher/share/uart_publisher/local_setup.sh
[13.212s] -- Installing: /ros2_ws/install/uart_publisher/share/uart_publisher/local_setup.zsh
[13.212s] -- Installing: /ros2_ws/install/uart_publisher/share/uart_publisher/local_setup.dsv
[13.212s] -- Installing: /ros2_ws/install/uart_publisher/share/uart_publisher/package.dsv
[13.212s] -- Installing: /ros2_ws/install/uart_publisher/share/ament_index/resource_index/packages/uart_publisher
[13.212s] -- Installing: /ros2_ws/install/uart_publisher/share/uart_publisher/cmake/uart_publisherConfig.cmake
[13.212s] -- Installing: /ros2_ws/install/uart_publisher/share/uart_publisher/cmake/uart_publisherConfig-version.cmake
[13.213s] -- Installing: /ros2_ws/install/uart_publisher/share/uart_publisher/package.xml
[13.216s] Invoked command in '/ros2_ws/build/uart_publisher' returned '0': CMAKE_PREFIX_PATH=/opt/ros/humble /usr/bin/cmake --install /ros2_ws/build/uart_publisher
