[0.147s] Invoking command in '/ros2_ws/ros2_ws/build/uart_publisher': CMAKE_PREFIX_PATH=${CMAKE_PREFIX_PATH}:/ros2_ws/ros2_ws/install/my_robot:/ros2_ws/install/my_robot:/opt/ros/humble /usr/bin/cmake --build /ros2_ws/ros2_ws/build/uart_publisher -- -j12 -l12
[0.191s] [100%] Built target uart_publisher
[0.199s] Invoked command in '/ros2_ws/ros2_ws/build/uart_publisher' returned '0': CMAKE_PREFIX_PATH=${CMAKE_PREFIX_PATH}:/ros2_ws/ros2_ws/install/my_robot:/ros2_ws/install/my_robot:/opt/ros/humble /usr/bin/cmake --build /ros2_ws/ros2_ws/build/uart_publisher -- -j12 -l12
[0.200s] Invoking command in '/ros2_ws/ros2_ws/build/uart_publisher': CMAKE_PREFIX_PATH=${CMAKE_PREFIX_PATH}:/ros2_ws/ros2_ws/install/my_robot:/ros2_ws/install/my_robot:/opt/ros/humble /usr/bin/cmake --install /ros2_ws/ros2_ws/build/uart_publisher
[0.207s] -- Install configuration: ""
[0.207s] -- Up-to-date: /ros2_ws/ros2_ws/install/uart_publisher/lib/uart_publisher/uart_publisher
[0.207s] -- Up-to-date: /ros2_ws/ros2_ws/install/uart_publisher/share/ament_index/resource_index/package_run_dependencies/uart_publisher
[0.208s] -- Up-to-date: /ros2_ws/ros2_ws/install/uart_publisher/share/ament_index/resource_index/parent_prefix_path/uart_publisher
[0.208s] -- Up-to-date: /ros2_ws/ros2_ws/install/uart_publisher/share/uart_publisher/environment/ament_prefix_path.sh
[0.208s] -- Up-to-date: /ros2_ws/ros2_ws/install/uart_publisher/share/uart_publisher/environment/ament_prefix_path.dsv
[0.208s] -- Up-to-date: /ros2_ws/ros2_ws/install/uart_publisher/share/uart_publisher/environment/path.sh
[0.208s] -- Up-to-date: /ros2_ws/ros2_ws/install/uart_publisher/share/uart_publisher/environment/path.dsv
[0.208s] -- Up-to-date: /ros2_ws/ros2_ws/install/uart_publisher/share/uart_publisher/local_setup.bash
[0.208s] -- Up-to-date: /ros2_ws/ros2_ws/install/uart_publisher/share/uart_publisher/local_setup.sh
[0.208s] -- Up-to-date: /ros2_ws/ros2_ws/install/uart_publisher/share/uart_publisher/local_setup.zsh
[0.208s] -- Up-to-date: /ros2_ws/ros2_ws/install/uart_publisher/share/uart_publisher/local_setup.dsv
[0.208s] -- Installing: /ros2_ws/ros2_ws/install/uart_publisher/share/uart_publisher/package.dsv
[0.208s] -- Up-to-date: /ros2_ws/ros2_ws/install/uart_publisher/share/ament_index/resource_index/packages/uart_publisher
[0.208s] -- Up-to-date: /ros2_ws/ros2_ws/install/uart_publisher/share/uart_publisher/cmake/uart_publisherConfig.cmake
[0.208s] -- Up-to-date: /ros2_ws/ros2_ws/install/uart_publisher/share/uart_publisher/cmake/uart_publisherConfig-version.cmake
[0.208s] -- Up-to-date: /ros2_ws/ros2_ws/install/uart_publisher/share/uart_publisher/package.xml
[0.209s] Invoked command in '/ros2_ws/ros2_ws/build/uart_publisher' returned '0': CMAKE_PREFIX_PATH=${CMAKE_PREFIX_PATH}:/ros2_ws/ros2_ws/install/my_robot:/ros2_ws/install/my_robot:/opt/ros/humble /usr/bin/cmake --install /ros2_ws/ros2_ws/build/uart_publisher
