[0.508s] Invoking command in '/ros2_ws/ros2_ws/src/my_robot': PYTHONPATH=/ros2_ws/build/my_robot/prefix_override:/usr/lib/python3/dist-packages/colcon_core/task/python/colcon_distutils_commands:/ros2_ws/install/my_robot/lib/python3.10/site-packages:${PYTHONPATH} /usr/bin/python3 -W ignore:setup.py install is deprecated -W ignore:easy_install command is deprecated setup.py egg_info --egg-base ../../../build/my_robot build --build-base /ros2_ws/build/my_robot/build install --record /ros2_ws/build/my_robot/install.log --single-version-externally-managed install_data
[0.649s] running egg_info
[0.650s] writing ../../../build/my_robot/my_robot.egg-info/PKG-INFO
[0.650s] writing dependency_links to ../../../build/my_robot/my_robot.egg-info/dependency_links.txt
[0.650s] writing entry points to ../../../build/my_robot/my_robot.egg-info/entry_points.txt
[0.650s] writing requirements to ../../../build/my_robot/my_robot.egg-info/requires.txt
[0.650s] writing top-level names to ../../../build/my_robot/my_robot.egg-info/top_level.txt
[0.651s] reading manifest file '../../../build/my_robot/my_robot.egg-info/SOURCES.txt'
[0.652s] writing manifest file '../../../build/my_robot/my_robot.egg-info/SOURCES.txt'
[0.652s] running build
[0.652s] running build_py
[0.652s] running install
[0.652s] running install_lib
[0.653s] running install_data
[0.653s] copying launch/full_slam_launch.py -> /ros2_ws/install/my_robot/share/my_robot/launch
[0.653s] creating /ros2_ws/install/my_robot/share/my_robot/config
[0.653s] copying config/slam_config.yaml -> /ros2_ws/install/my_robot/share/my_robot/config
[0.653s] running install_egg_info
[0.656s] removing '/ros2_ws/install/my_robot/lib/python3.10/site-packages/my_robot-0.0.0-py3.10.egg-info' (and everything under it)
[0.656s] Copying ../../../build/my_robot/my_robot.egg-info to /ros2_ws/install/my_robot/lib/python3.10/site-packages/my_robot-0.0.0-py3.10.egg-info
[0.656s] running install_scripts
[0.674s] writing list of installed files to '/ros2_ws/build/my_robot/install.log'
[0.700s] Invoked command in '/ros2_ws/ros2_ws/src/my_robot' returned '0': PYTHONPATH=/ros2_ws/build/my_robot/prefix_override:/usr/lib/python3/dist-packages/colcon_core/task/python/colcon_distutils_commands:/ros2_ws/install/my_robot/lib/python3.10/site-packages:${PYTHONPATH} /usr/bin/python3 -W ignore:setup.py install is deprecated -W ignore:easy_install command is deprecated setup.py egg_info --egg-base ../../../build/my_robot build --build-base /ros2_ws/build/my_robot/build install --record /ros2_ws/build/my_robot/install.log --single-version-externally-managed install_data
