-- Found ament_cmake: 1.3.11 (/opt/ros/humble/share/ament_cmake/cmake)
-- Found Python3: /usr/bin/python3 (found version "3.10.12") found components: Interpreter 
-- Found rclcpp: 16.0.12 (/opt/ros/humble/share/rclcpp/cmake)
-- Found rosidl_generator_c: 3.1.6 (/opt/ros/humble/share/rosidl_generator_c/cmake)
-- Found rosidl_adapter: 3.1.6 (/opt/ros/humble/share/rosidl_adapter/cmake)
-- Found rosidl_generator_cpp: 3.1.6 (/opt/ros/humble/share/rosidl_generator_cpp/cmake)
-- Using all available rosidl_typesupport_c: rosidl_typesupport_fastrtps_c;rosidl_typesupport_introspection_c
-- Using all available rosidl_typesupport_cpp: rosidl_typesupport_fastrtps_cpp;rosidl_typesupport_introspection_cpp
-- Found rmw_implementation_cmake: 6.1.2 (/opt/ros/humble/share/rmw_implementation_cmake/cmake)
-- Found rmw_fastrtps_cpp: 6.2.7 (/opt/ros/humble/share/rmw_fastrtps_cpp/cmake)
-- Found OpenSSL: /usr/lib/x86_64-linux-gnu/libcrypto.so (found version "3.0.2")  
-- Found FastRTPS: /opt/ros/humble/include  
-- Using RMW implementation 'rmw_fastrtps_cpp' as default
-- Looking for pthread.h
-- Looking for pthread.h - found
-- Performing Test CMAKE_HAVE_LIBC_PTHREAD
-- Performing Test CMAKE_HAVE_LIBC_PTHREAD - Success
-- Found Threads: TRUE  
-- Found geometry_msgs: 4.8.0 (/opt/ros/humble/share/geometry_msgs/cmake)
-- Configuring done
-- Generating done
[33mCMake Warning:
  Manually-specified variables were not used by the project:

    CATKIN_INSTALL_INTO_PREFIX_ROOT

[0m
-- Build files have been written to: /ros2_ws/build/uart_publisher
[ 50%] [32mBuilding CXX object CMakeFiles/uart_publisher.dir/src/uart_publisher.cpp.o[0m
[100%] [32m[1mLinking CXX executable uart_publisher[0m
[100%] Built target uart_publisher
-- Install configuration: ""
-- Installing: /ros2_ws/install/uart_publisher/lib/uart_publisher/uart_publisher
-- Set runtime path of "/ros2_ws/install/uart_publisher/lib/uart_publisher/uart_publisher" to ""
-- Installing: /ros2_ws/install/uart_publisher/share/ament_index/resource_index/package_run_dependencies/uart_publisher
-- Installing: /ros2_ws/install/uart_publisher/share/ament_index/resource_index/parent_prefix_path/uart_publisher
-- Installing: /ros2_ws/install/uart_publisher/share/uart_publisher/environment/ament_prefix_path.sh
-- Installing: /ros2_ws/install/uart_publisher/share/uart_publisher/environment/ament_prefix_path.dsv
-- Installing: /ros2_ws/install/uart_publisher/share/uart_publisher/environment/path.sh
-- Installing: /ros2_ws/install/uart_publisher/share/uart_publisher/environment/path.dsv
-- Installing: /ros2_ws/install/uart_publisher/share/uart_publisher/local_setup.bash
-- Installing: /ros2_ws/install/uart_publisher/share/uart_publisher/local_setup.sh
-- Installing: /ros2_ws/install/uart_publisher/share/uart_publisher/local_setup.zsh
-- Installing: /ros2_ws/install/uart_publisher/share/uart_publisher/local_setup.dsv
-- Installing: /ros2_ws/install/uart_publisher/share/uart_publisher/package.dsv
-- Installing: /ros2_ws/install/uart_publisher/share/ament_index/resource_index/packages/uart_publisher
-- Installing: /ros2_ws/install/uart_publisher/share/uart_publisher/cmake/uart_publisherConfig.cmake
-- Installing: /ros2_ws/install/uart_publisher/share/uart_publisher/cmake/uart_publisherConfig-version.cmake
-- Installing: /ros2_ws/install/uart_publisher/share/uart_publisher/package.xml
