[0.019s] Invoking command in '/ros2_ws/build/uart_publisher': /usr/bin/cmake /ros2_ws/src/uart_publisher -DCATKIN_INSTALL_INTO_PREFIX_ROOT=0 -DCMAKE_INSTALL_PREFIX=/ros2_ws/install/uart_publisher
[0.048s] -- Found ament_cmake: 1.3.11 (/opt/ros/humble/share/ament_cmake/cmake)
[0.275s] -- Found Python3: /usr/bin/python3 (found version "3.10.12") found components: Interpreter 
[0.418s] -- Found rclcpp: 16.0.12 (/opt/ros/humble/share/rclcpp/cmake)
[0.494s] -- Found rosidl_generator_c: 3.1.6 (/opt/ros/humble/share/rosidl_generator_c/cmake)
[0.504s] -- Found rosidl_adapter: 3.1.6 (/opt/ros/humble/share/rosidl_adapter/cmake)
[0.522s] -- Found rosidl_generator_cpp: 3.1.6 (/opt/ros/humble/share/rosidl_generator_cpp/cmake)
[0.544s] -- Using all available rosidl_typesupport_c: rosidl_typesupport_fastrtps_c;rosidl_typesupport_introspection_c
[0.574s] -- Using all available rosidl_typesupport_cpp: rosidl_typesupport_fastrtps_cpp;rosidl_typesupport_introspection_cpp
[0.644s] -- Found rmw_implementation_cmake: 6.1.2 (/opt/ros/humble/share/rmw_implementation_cmake/cmake)
[0.647s] -- Found rmw_fastrtps_cpp: 6.2.7 (/opt/ros/humble/share/rmw_fastrtps_cpp/cmake)
[0.744s] -- Found OpenSSL: /usr/lib/x86_64-linux-gnu/libcrypto.so (found version "3.0.2")  
[0.776s] -- Found FastRTPS: /opt/ros/humble/include  
[0.823s] -- Using RMW implementation 'rmw_fastrtps_cpp' as default
[0.838s] -- Looking for pthread.h
[0.940s] -- Looking for pthread.h - found
[0.940s] -- Performing Test CMAKE_HAVE_LIBC_PTHREAD
[1.041s] -- Performing Test CMAKE_HAVE_LIBC_PTHREAD - Success
[1.044s] -- Found Threads: TRUE  
[1.144s] -- Found geometry_msgs: 4.8.0 (/opt/ros/humble/share/geometry_msgs/cmake)
[1.275s] -- Configuring done
[1.288s] -- Generating done
[1.290s] [33mCMake Warning:
[1.290s]   Manually-specified variables were not used by the project:
[1.290s] 
[1.290s]     CATKIN_INSTALL_INTO_PREFIX_ROOT
[1.290s] 
[1.290s] [0m
[1.294s] -- Build files have been written to: /ros2_ws/build/uart_publisher
[1.307s] Invoked command in '/ros2_ws/build/uart_publisher' returned '0': /usr/bin/cmake /ros2_ws/src/uart_publisher -DCATKIN_INSTALL_INTO_PREFIX_ROOT=0 -DCMAKE_INSTALL_PREFIX=/ros2_ws/install/uart_publisher
[1.308s] Invoking command in '/ros2_ws/build/uart_publisher': /usr/bin/cmake --build /ros2_ws/build/uart_publisher -- -j12 -l12
[1.370s] [ 50%] [32mBuilding CXX object CMakeFiles/uart_publisher.dir/src/uart_publisher.cpp.o[0m
[8.408s] [100%] [32m[1mLinking CXX executable uart_publisher[0m
[8.733s] [100%] Built target uart_publisher
[8.744s] Invoked command in '/ros2_ws/build/uart_publisher' returned '0': /usr/bin/cmake --build /ros2_ws/build/uart_publisher -- -j12 -l12
[8.746s] Invoking command in '/ros2_ws/build/uart_publisher': /usr/bin/cmake --install /ros2_ws/build/uart_publisher
[8.756s] -- Install configuration: ""
[8.756s] -- Installing: /ros2_ws/install/uart_publisher/lib/uart_publisher/uart_publisher
[8.758s] -- Set runtime path of "/ros2_ws/install/uart_publisher/lib/uart_publisher/uart_publisher" to ""
[8.759s] -- Installing: /ros2_ws/install/uart_publisher/share/ament_index/resource_index/package_run_dependencies/uart_publisher
[8.759s] -- Installing: /ros2_ws/install/uart_publisher/share/ament_index/resource_index/parent_prefix_path/uart_publisher
[8.759s] -- Installing: /ros2_ws/install/uart_publisher/share/uart_publisher/environment/ament_prefix_path.sh
[8.759s] -- Installing: /ros2_ws/install/uart_publisher/share/uart_publisher/environment/ament_prefix_path.dsv
[8.759s] -- Installing: /ros2_ws/install/uart_publisher/share/uart_publisher/environment/path.sh
[8.759s] -- Installing: /ros2_ws/install/uart_publisher/share/uart_publisher/environment/path.dsv
[8.759s] -- Installing: /ros2_ws/install/uart_publisher/share/uart_publisher/local_setup.bash
[8.759s] -- Installing: /ros2_ws/install/uart_publisher/share/uart_publisher/local_setup.sh
[8.759s] -- Installing: /ros2_ws/install/uart_publisher/share/uart_publisher/local_setup.zsh
[8.760s] -- Installing: /ros2_ws/install/uart_publisher/share/uart_publisher/local_setup.dsv
[8.760s] -- Installing: /ros2_ws/install/uart_publisher/share/uart_publisher/package.dsv
[8.760s] -- Installing: /ros2_ws/install/uart_publisher/share/ament_index/resource_index/packages/uart_publisher
[8.760s] -- Installing: /ros2_ws/install/uart_publisher/share/uart_publisher/cmake/uart_publisherConfig.cmake
[8.760s] -- Installing: /ros2_ws/install/uart_publisher/share/uart_publisher/cmake/uart_publisherConfig-version.cmake
[8.760s] -- Installing: /ros2_ws/install/uart_publisher/share/uart_publisher/package.xml
[8.761s] Invoked command in '/ros2_ws/build/uart_publisher' returned '0': /usr/bin/cmake --install /ros2_ws/build/uart_publisher
