[0.000000] (-) TimerEvent: {}
[0.000503] (ldlidar_stl_ros2) JobQueued: {'identifier': 'ldlidar_stl_ros2', 'dependencies': OrderedDict()}
[0.000544] (uart_publisher) JobQueued: {'identifier': 'uart_publisher', 'dependencies': OrderedDict()}
[0.000572] (ldlidar_stl_ros2) JobStarted: {'identifier': 'ldlidar_stl_ros2'}
[0.007332] (uart_publisher) JobStarted: {'identifier': 'uart_publisher'}
[0.011460] (ldlidar_stl_ros2) JobProgress: {'identifier': 'ldlidar_stl_ros2', 'progress': 'cmake'}
[0.012087] (ldlidar_stl_ros2) Command: {'cmd': ['/usr/bin/cmake', '/ros2_ws/ros2_ws/src/ldlidar_stl_ros2', '-DCMAKE_INSTALL_PREFIX=/ros2_ws/install/ldlidar_stl_ros2'], 'cwd': '/ros2_ws/build/ldlidar_stl_ros2', 'env': OrderedDict([('HOSTNAME', 'kamil-laptop'), ('SHLVL', '1'), ('LD_LIBRARY_PATH', '/usr/lib/x86_64-linux-gnu/gazebo-11/plugins:/opt/ros/humble/opt/rviz_ogre_vendor/lib:/opt/ros/humble/lib/x86_64-linux-gnu:/opt/ros/humble/lib'), ('HOME', '/root'), ('ROS_PYTHON_VERSION', '3'), ('REMOTE_CONTAINERS', 'true'), ('ROS_DISTRO', 'humble'), ('REMOTE_CONTAINERS_IPC', '/tmp/vscode-remote-containers-ipc-3137115a-6215-4255-8240-a17f8dd67323.sock'), ('_', '/usr/bin/cat'), ('ROS_VERSION', '2'), ('TERM', 'xterm'), ('ROS_LOCALHOST_ONLY', '0'), ('PATH', '/opt/ros/humble/bin:/usr/local/sbin:/usr/local/bin:/usr/sbin:/usr/bin:/sbin:/bin'), ('DISPLAY', ':0'), ('REMOTE_CONTAINERS_SOCKETS', '["/root/.gnupg/S.gpg-agent"]'), ('LANG', 'C.UTF-8'), ('LS_COLORS', ''), ('ROS_DOMAIN_ID', '0'), ('DEBIAN_FRONTEND', 'noninteractive'), ('AMENT_PREFIX_PATH', '/opt/ros/humble'), ('LC_ALL', 'C.UTF-8'), ('PWD', '/ros2_ws/build/ldlidar_stl_ros2'), ('PYTHONPATH', '/opt/ros/humble/lib/python3.10/site-packages:/opt/ros/humble/local/lib/python3.10/dist-packages'), ('COLCON', '1'), ('CMAKE_PREFIX_PATH', '/opt/ros/humble')]), 'shell': False}
[0.016325] (uart_publisher) JobProgress: {'identifier': 'uart_publisher', 'progress': 'cmake'}
[0.016972] (uart_publisher) Command: {'cmd': ['/usr/bin/cmake', '/ros2_ws/ros2_ws/src/uart_publisher', '-DCMAKE_INSTALL_PREFIX=/ros2_ws/install/uart_publisher'], 'cwd': '/ros2_ws/build/uart_publisher', 'env': OrderedDict([('HOSTNAME', 'kamil-laptop'), ('SHLVL', '1'), ('LD_LIBRARY_PATH', '/usr/lib/x86_64-linux-gnu/gazebo-11/plugins:/opt/ros/humble/opt/rviz_ogre_vendor/lib:/opt/ros/humble/lib/x86_64-linux-gnu:/opt/ros/humble/lib'), ('HOME', '/root'), ('ROS_PYTHON_VERSION', '3'), ('REMOTE_CONTAINERS', 'true'), ('ROS_DISTRO', 'humble'), ('REMOTE_CONTAINERS_IPC', '/tmp/vscode-remote-containers-ipc-3137115a-6215-4255-8240-a17f8dd67323.sock'), ('_', '/usr/bin/cat'), ('ROS_VERSION', '2'), ('TERM', 'xterm'), ('ROS_LOCALHOST_ONLY', '0'), ('PATH', '/opt/ros/humble/bin:/usr/local/sbin:/usr/local/bin:/usr/sbin:/usr/bin:/sbin:/bin'), ('DISPLAY', ':0'), ('REMOTE_CONTAINERS_SOCKETS', '["/root/.gnupg/S.gpg-agent"]'), ('LANG', 'C.UTF-8'), ('LS_COLORS', ''), ('ROS_DOMAIN_ID', '0'), ('DEBIAN_FRONTEND', 'noninteractive'), ('AMENT_PREFIX_PATH', '/opt/ros/humble'), ('LC_ALL', 'C.UTF-8'), ('PWD', '/ros2_ws/build/uart_publisher'), ('PYTHONPATH', '/opt/ros/humble/lib/python3.10/site-packages:/opt/ros/humble/local/lib/python3.10/dist-packages'), ('COLCON', '1'), ('CMAKE_PREFIX_PATH', '/opt/ros/humble')]), 'shell': False}
[0.076853] (ldlidar_stl_ros2) StdoutLine: {'line': b'-- The C compiler identification is GNU 11.4.0\n'}
[0.081828] (uart_publisher) StdoutLine: {'line': b'-- The C compiler identification is GNU 11.4.0\n'}
[0.099751] (-) TimerEvent: {}
[0.164396] (uart_publisher) StdoutLine: {'line': b'-- The CXX compiler identification is GNU 11.4.0\n'}
[0.172994] (ldlidar_stl_ros2) StdoutLine: {'line': b'-- The CXX compiler identification is GNU 11.4.0\n'}
[0.176669] (uart_publisher) StdoutLine: {'line': b'-- Detecting C compiler ABI info\n'}
[0.184301] (ldlidar_stl_ros2) StdoutLine: {'line': b'-- Detecting C compiler ABI info\n'}
[0.199915] (-) TimerEvent: {}
[0.267384] (uart_publisher) StdoutLine: {'line': b'-- Detecting C compiler ABI info - done\n'}
[0.276019] (ldlidar_stl_ros2) StdoutLine: {'line': b'-- Detecting C compiler ABI info - done\n'}
[0.288207] (uart_publisher) StdoutLine: {'line': b'-- Check for working C compiler: /usr/bin/cc - skipped\n'}
[0.288736] (uart_publisher) StdoutLine: {'line': b'-- Detecting C compile features\n'}
[0.291180] (uart_publisher) StdoutLine: {'line': b'-- Detecting C compile features - done\n'}
[0.293150] (ldlidar_stl_ros2) StdoutLine: {'line': b'-- Check for working C compiler: /usr/bin/cc - skipped\n'}
[0.293362] (ldlidar_stl_ros2) StdoutLine: {'line': b'-- Detecting C compile features\n'}
[0.293454] (ldlidar_stl_ros2) StdoutLine: {'line': b'-- Detecting C compile features - done\n'}
[0.297776] (uart_publisher) StdoutLine: {'line': b'-- Detecting CXX compiler ABI info\n'}
[0.299076] (ldlidar_stl_ros2) StdoutLine: {'line': b'-- Detecting CXX compiler ABI info\n'}
[0.299984] (-) TimerEvent: {}
[0.400782] (-) TimerEvent: {}
[0.431861] (ldlidar_stl_ros2) StdoutLine: {'line': b'-- Detecting CXX compiler ABI info - done\n'}
[0.436226] (uart_publisher) StdoutLine: {'line': b'-- Detecting CXX compiler ABI info - done\n'}
[0.443629] (ldlidar_stl_ros2) StdoutLine: {'line': b'-- Check for working CXX compiler: /usr/bin/c++ - skipped\n'}
[0.444171] (ldlidar_stl_ros2) StdoutLine: {'line': b'-- Detecting CXX compile features\n'}
[0.445225] (ldlidar_stl_ros2) StdoutLine: {'line': b'-- Detecting CXX compile features - done\n'}
[0.450726] (ldlidar_stl_ros2) StdoutLine: {'line': b'-- Found ament_cmake: 1.3.11 (/opt/ros/humble/share/ament_cmake/cmake)\n'}
[0.451983] (uart_publisher) StdoutLine: {'line': b'-- Check for working CXX compiler: /usr/bin/c++ - skipped\n'}
[0.452771] (uart_publisher) StdoutLine: {'line': b'-- Detecting CXX compile features\n'}
[0.454531] (uart_publisher) StdoutLine: {'line': b'-- Detecting CXX compile features - done\n'}
[0.462836] (uart_publisher) StdoutLine: {'line': b'-- Found ament_cmake: 1.3.11 (/opt/ros/humble/share/ament_cmake/cmake)\n'}
[0.501499] (-) TimerEvent: {}
[0.602078] (-) TimerEvent: {}
[0.675584] (ldlidar_stl_ros2) StdoutLine: {'line': b'-- Found Python3: /usr/bin/python3 (found version "3.10.12") found components: Interpreter \n'}
[0.680695] (uart_publisher) StdoutLine: {'line': b'-- Found Python3: /usr/bin/python3 (found version "3.10.12") found components: Interpreter \n'}
[0.702224] (-) TimerEvent: {}
[0.798631] (ldlidar_stl_ros2) StdoutLine: {'line': b'-- Found rclcpp: 16.0.12 (/opt/ros/humble/share/rclcpp/cmake)\n'}
[0.800318] (uart_publisher) StdoutLine: {'line': b'-- Found rclcpp: 16.0.12 (/opt/ros/humble/share/rclcpp/cmake)\n'}
[0.802302] (-) TimerEvent: {}
[0.873816] (uart_publisher) StdoutLine: {'line': b'-- Found rosidl_generator_c: 3.1.6 (/opt/ros/humble/share/rosidl_generator_c/cmake)\n'}
[0.881080] (uart_publisher) StdoutLine: {'line': b'-- Found rosidl_adapter: 3.1.6 (/opt/ros/humble/share/rosidl_adapter/cmake)\n'}
[0.893437] (ldlidar_stl_ros2) StdoutLine: {'line': b'-- Found rosidl_generator_c: 3.1.6 (/opt/ros/humble/share/rosidl_generator_c/cmake)\n'}
[0.896511] (uart_publisher) StdoutLine: {'line': b'-- Found rosidl_generator_cpp: 3.1.6 (/opt/ros/humble/share/rosidl_generator_cpp/cmake)\n'}
[0.899668] (ldlidar_stl_ros2) StdoutLine: {'line': b'-- Found rosidl_adapter: 3.1.6 (/opt/ros/humble/share/rosidl_adapter/cmake)\n'}
[0.902473] (-) TimerEvent: {}
[0.914917] (ldlidar_stl_ros2) StdoutLine: {'line': b'-- Found rosidl_generator_cpp: 3.1.6 (/opt/ros/humble/share/rosidl_generator_cpp/cmake)\n'}
[0.915407] (uart_publisher) StdoutLine: {'line': b'-- Using all available rosidl_typesupport_c: rosidl_typesupport_fastrtps_c;rosidl_typesupport_introspection_c\n'}
[0.929635] (ldlidar_stl_ros2) StdoutLine: {'line': b'-- Using all available rosidl_typesupport_c: rosidl_typesupport_fastrtps_c;rosidl_typesupport_introspection_c\n'}
[0.936051] (uart_publisher) StdoutLine: {'line': b'-- Using all available rosidl_typesupport_cpp: rosidl_typesupport_fastrtps_cpp;rosidl_typesupport_introspection_cpp\n'}
[0.948598] (ldlidar_stl_ros2) StdoutLine: {'line': b'-- Using all available rosidl_typesupport_cpp: rosidl_typesupport_fastrtps_cpp;rosidl_typesupport_introspection_cpp\n'}
[0.989072] (uart_publisher) StdoutLine: {'line': b'-- Found rmw_implementation_cmake: 6.1.2 (/opt/ros/humble/share/rmw_implementation_cmake/cmake)\n'}
[0.991914] (uart_publisher) StdoutLine: {'line': b'-- Found rmw_fastrtps_cpp: 6.2.7 (/opt/ros/humble/share/rmw_fastrtps_cpp/cmake)\n'}
[1.000992] (ldlidar_stl_ros2) StdoutLine: {'line': b'-- Found rmw_implementation_cmake: 6.1.2 (/opt/ros/humble/share/rmw_implementation_cmake/cmake)\n'}
[1.002536] (-) TimerEvent: {}
[1.003535] (ldlidar_stl_ros2) StdoutLine: {'line': b'-- Found rmw_fastrtps_cpp: 6.2.7 (/opt/ros/humble/share/rmw_fastrtps_cpp/cmake)\n'}
[1.097762] (uart_publisher) StdoutLine: {'line': b'-- Found OpenSSL: /usr/lib/x86_64-linux-gnu/libcrypto.so (found version "3.0.2")  \n'}
[1.103358] (-) TimerEvent: {}
[1.112732] (ldlidar_stl_ros2) StdoutLine: {'line': b'-- Found OpenSSL: /usr/lib/x86_64-linux-gnu/libcrypto.so (found version "3.0.2")  \n'}
[1.139452] (uart_publisher) StdoutLine: {'line': b'-- Found FastRTPS: /opt/ros/humble/include  \n'}
[1.159780] (ldlidar_stl_ros2) StdoutLine: {'line': b'-- Found FastRTPS: /opt/ros/humble/include  \n'}
[1.204235] (-) TimerEvent: {}
[1.220906] (uart_publisher) StdoutLine: {'line': b"-- Using RMW implementation 'rmw_fastrtps_cpp' as default\n"}
[1.236529] (uart_publisher) StdoutLine: {'line': b'-- Looking for pthread.h\n'}
[1.243803] (ldlidar_stl_ros2) StdoutLine: {'line': b"-- Using RMW implementation 'rmw_fastrtps_cpp' as default\n"}
[1.261144] (ldlidar_stl_ros2) StdoutLine: {'line': b'-- Looking for pthread.h\n'}
[1.307069] (-) TimerEvent: {}
[1.350488] (uart_publisher) StdoutLine: {'line': b'-- Looking for pthread.h - found\n'}
[1.351314] (uart_publisher) StdoutLine: {'line': b'-- Performing Test CMAKE_HAVE_LIBC_PTHREAD\n'}
[1.369176] (ldlidar_stl_ros2) StdoutLine: {'line': b'-- Looking for pthread.h - found\n'}
[1.369797] (ldlidar_stl_ros2) StdoutLine: {'line': b'-- Performing Test CMAKE_HAVE_LIBC_PTHREAD\n'}
[1.407208] (-) TimerEvent: {}
[1.461853] (uart_publisher) StdoutLine: {'line': b'-- Performing Test CMAKE_HAVE_LIBC_PTHREAD - Success\n'}
[1.463276] (uart_publisher) StdoutLine: {'line': b'-- Found Threads: TRUE  \n'}
[1.470918] (ldlidar_stl_ros2) StdoutLine: {'line': b'-- Performing Test CMAKE_HAVE_LIBC_PTHREAD - Success\n'}
[1.474163] (ldlidar_stl_ros2) StdoutLine: {'line': b'-- Found Threads: TRUE  \n'}
[1.507312] (-) TimerEvent: {}
[1.541849] (uart_publisher) StdoutLine: {'line': b'-- Found geometry_msgs: 4.8.0 (/opt/ros/humble/share/geometry_msgs/cmake)\n'}
[1.560936] (ldlidar_stl_ros2) StdoutLine: {'line': b'-- Found sensor_msgs: 4.8.0 (/opt/ros/humble/share/sensor_msgs/cmake)\n'}
[1.605066] (ldlidar_stl_ros2) StdoutLine: {'line': b'-- Found ament_lint_auto: 0.12.12 (/opt/ros/humble/share/ament_lint_auto/cmake)\n'}
[1.607415] (-) TimerEvent: {}
[1.674368] (uart_publisher) StdoutLine: {'line': b'-- Configuring done\n'}
[1.691252] (uart_publisher) StdoutLine: {'line': b'-- Generating done\n'}
[1.697225] (uart_publisher) StdoutLine: {'line': b'-- Build files have been written to: /ros2_ws/build/uart_publisher\n'}
[1.707536] (-) TimerEvent: {}
[1.713064] (uart_publisher) CommandEnded: {'returncode': 0}
[1.716682] (uart_publisher) JobProgress: {'identifier': 'uart_publisher', 'progress': 'build'}
[1.716788] (uart_publisher) Command: {'cmd': ['/usr/bin/cmake', '--build', '/ros2_ws/build/uart_publisher', '--', '-j12', '-l12'], 'cwd': '/ros2_ws/build/uart_publisher', 'env': OrderedDict([('HOSTNAME', 'kamil-laptop'), ('SHLVL', '1'), ('LD_LIBRARY_PATH', '/usr/lib/x86_64-linux-gnu/gazebo-11/plugins:/opt/ros/humble/opt/rviz_ogre_vendor/lib:/opt/ros/humble/lib/x86_64-linux-gnu:/opt/ros/humble/lib'), ('HOME', '/root'), ('ROS_PYTHON_VERSION', '3'), ('REMOTE_CONTAINERS', 'true'), ('ROS_DISTRO', 'humble'), ('REMOTE_CONTAINERS_IPC', '/tmp/vscode-remote-containers-ipc-3137115a-6215-4255-8240-a17f8dd67323.sock'), ('_', '/usr/bin/cat'), ('ROS_VERSION', '2'), ('TERM', 'xterm'), ('ROS_LOCALHOST_ONLY', '0'), ('PATH', '/opt/ros/humble/bin:/usr/local/sbin:/usr/local/bin:/usr/sbin:/usr/bin:/sbin:/bin'), ('DISPLAY', ':0'), ('REMOTE_CONTAINERS_SOCKETS', '["/root/.gnupg/S.gpg-agent"]'), ('LANG', 'C.UTF-8'), ('LS_COLORS', ''), ('ROS_DOMAIN_ID', '0'), ('DEBIAN_FRONTEND', 'noninteractive'), ('AMENT_PREFIX_PATH', '/opt/ros/humble'), ('LC_ALL', 'C.UTF-8'), ('PWD', '/ros2_ws/build/uart_publisher'), ('PYTHONPATH', '/opt/ros/humble/lib/python3.10/site-packages:/opt/ros/humble/local/lib/python3.10/dist-packages'), ('COLCON', '1'), ('CMAKE_PREFIX_PATH', '/opt/ros/humble')]), 'shell': False}
[1.743733] (ldlidar_stl_ros2) StdoutLine: {'line': b"-- Added test 'copyright' to check source files copyright and LICENSE\n"}
[1.750996] (ldlidar_stl_ros2) StdoutLine: {'line': b"-- Added test 'cppcheck' to perform static code analysis on C / C++ code\n"}
[1.752052] (ldlidar_stl_ros2) StdoutLine: {'line': b'-- Configured cppcheck include dirs: /ros2_ws/ros2_ws/src/ldlidar_stl_ros2/include;/ros2_ws/ros2_ws/src/ldlidar_stl_ros2/ldlidar_driver/include/core;/ros2_ws/ros2_ws/src/ldlidar_stl_ros2/ldlidar_driver/include/dataprocess;/ros2_ws/ros2_ws/src/ldlidar_stl_ros2/ldlidar_driver/include/filter;/ros2_ws/ros2_ws/src/ldlidar_stl_ros2/ldlidar_driver/include/logger;/ros2_ws/ros2_ws/src/ldlidar_stl_ros2/ldlidar_driver/include/networkcom;/ros2_ws/ros2_ws/src/ldlidar_stl_ros2/ldlidar_driver/include/serialcom\n'}
[1.752201] (ldlidar_stl_ros2) StdoutLine: {'line': b'-- Configured cppcheck exclude dirs and/or files: \n'}
[1.759997] (ldlidar_stl_ros2) StdoutLine: {'line': b"-- Added test 'cpplint' to check C / C++ code against the Google style\n"}
[1.760362] (ldlidar_stl_ros2) StdoutLine: {'line': b'-- Configured cpplint exclude dirs and/or files: \n'}
[1.763304] (ldlidar_stl_ros2) StdoutLine: {'line': b"-- Added test 'flake8' to check Python code syntax and style conventions\n"}
[1.765357] (ldlidar_stl_ros2) StdoutLine: {'line': b"-- Added test 'lint_cmake' to check CMake code style\n"}
[1.767027] (ldlidar_stl_ros2) StdoutLine: {'line': b"-- Added test 'pep257' to check Python code against some of the docstring style conventions in PEP 257\n"}
[1.774872] (ldlidar_stl_ros2) StdoutLine: {'line': b"-- Added test 'uncrustify' to check C / C++ code style\n"}
[1.775319] (ldlidar_stl_ros2) StdoutLine: {'line': b'-- Configured uncrustify additional arguments: \n'}
[1.777547] (ldlidar_stl_ros2) StdoutLine: {'line': b"-- Added test 'xmllint' to check XML markup files\n"}
[1.779752] (ldlidar_stl_ros2) StdoutLine: {'line': b'-- Configuring done\n'}
[1.792967] (uart_publisher) StdoutLine: {'line': b'[ 50%] \x1b[32mBuilding CXX object CMakeFiles/uart_publisher.dir/src/uart_publisher.cpp.o\x1b[0m\n'}
[1.795323] (ldlidar_stl_ros2) StdoutLine: {'line': b'-- Generating done\n'}
[1.802013] (ldlidar_stl_ros2) StdoutLine: {'line': b'-- Build files have been written to: /ros2_ws/build/ldlidar_stl_ros2\n'}
[1.807694] (-) TimerEvent: {}
[1.816387] (ldlidar_stl_ros2) CommandEnded: {'returncode': 0}
[1.817112] (ldlidar_stl_ros2) JobProgress: {'identifier': 'ldlidar_stl_ros2', 'progress': 'build'}
[1.817428] (ldlidar_stl_ros2) Command: {'cmd': ['/usr/bin/cmake', '--build', '/ros2_ws/build/ldlidar_stl_ros2', '--', '-j12', '-l12'], 'cwd': '/ros2_ws/build/ldlidar_stl_ros2', 'env': OrderedDict([('HOSTNAME', 'kamil-laptop'), ('SHLVL', '1'), ('LD_LIBRARY_PATH', '/usr/lib/x86_64-linux-gnu/gazebo-11/plugins:/opt/ros/humble/opt/rviz_ogre_vendor/lib:/opt/ros/humble/lib/x86_64-linux-gnu:/opt/ros/humble/lib'), ('HOME', '/root'), ('ROS_PYTHON_VERSION', '3'), ('REMOTE_CONTAINERS', 'true'), ('ROS_DISTRO', 'humble'), ('REMOTE_CONTAINERS_IPC', '/tmp/vscode-remote-containers-ipc-3137115a-6215-4255-8240-a17f8dd67323.sock'), ('_', '/usr/bin/cat'), ('ROS_VERSION', '2'), ('TERM', 'xterm'), ('ROS_LOCALHOST_ONLY', '0'), ('PATH', '/opt/ros/humble/bin:/usr/local/sbin:/usr/local/bin:/usr/sbin:/usr/bin:/sbin:/bin'), ('DISPLAY', ':0'), ('REMOTE_CONTAINERS_SOCKETS', '["/root/.gnupg/S.gpg-agent"]'), ('LANG', 'C.UTF-8'), ('LS_COLORS', ''), ('ROS_DOMAIN_ID', '0'), ('DEBIAN_FRONTEND', 'noninteractive'), ('AMENT_PREFIX_PATH', '/opt/ros/humble'), ('LC_ALL', 'C.UTF-8'), ('PWD', '/ros2_ws/build/ldlidar_stl_ros2'), ('PYTHONPATH', '/opt/ros/humble/lib/python3.10/site-packages:/opt/ros/humble/local/lib/python3.10/dist-packages'), ('COLCON', '1'), ('CMAKE_PREFIX_PATH', '/opt/ros/humble')]), 'shell': False}
[1.888523] (ldlidar_stl_ros2) StdoutLine: {'line': b'[ 37%] \x1b[32mBuilding CXX object CMakeFiles/ldlidar_stl_ros2_node.dir/src/demo.cpp.o\x1b[0m\n'}
[1.889161] (ldlidar_stl_ros2) StdoutLine: {'line': b'[ 37%] \x1b[32mBuilding CXX object CMakeFiles/ldlidar_stl_ros2_node.dir/ldlidar_driver/src/filter/tofbf.cpp.o\x1b[0m\n'}
[1.889435] (ldlidar_stl_ros2) StdoutLine: {'line': b'[ 50%] \x1b[32mBuilding CXX object CMakeFiles/ldlidar_stl_ros2_node.dir/ldlidar_driver/src/logger/log_module.cpp.o\x1b[0m\n'}
[1.889599] (ldlidar_stl_ros2) StdoutLine: {'line': b'[ 50%] \x1b[32mBuilding CXX object CMakeFiles/ldlidar_stl_ros2_node.dir/ldlidar_driver/src/core/ldlidar_driver.cpp.o\x1b[0m\n'}
[1.889743] (ldlidar_stl_ros2) StdoutLine: {'line': b'[ 62%] \x1b[32mBuilding CXX object CMakeFiles/ldlidar_stl_ros2_node.dir/ldlidar_driver/src/dataprocess/lipkg.cpp.o\x1b[0m\n'}
[1.894414] (ldlidar_stl_ros2) StdoutLine: {'line': b'[ 75%] \x1b[32mBuilding CXX object CMakeFiles/ldlidar_stl_ros2_node.dir/ldlidar_driver/src/serialcom/serial_interface_linux.cpp.o\x1b[0m\n'}
[1.899182] (ldlidar_stl_ros2) StdoutLine: {'line': b'[ 87%] \x1b[32mBuilding CXX object CMakeFiles/ldlidar_stl_ros2_node.dir/ldlidar_driver/src/networkcom/network_socket_interface_linux.cpp.o\x1b[0m\n'}
[1.908689] (-) TimerEvent: {}
[2.009331] (-) TimerEvent: {}
[2.111098] (-) TimerEvent: {}
[2.215880] (-) TimerEvent: {}
[2.316781] (-) TimerEvent: {}
[2.417723] (-) TimerEvent: {}
[2.521351] (-) TimerEvent: {}
[2.624155] (-) TimerEvent: {}
[2.724692] (-) TimerEvent: {}
[2.825297] (-) TimerEvent: {}
[2.927307] (-) TimerEvent: {}
[3.028081] (-) TimerEvent: {}
[3.130276] (-) TimerEvent: {}
[3.233110] (-) TimerEvent: {}
[3.335430] (-) TimerEvent: {}
[3.437512] (-) TimerEvent: {}
[3.541199] (-) TimerEvent: {}
[3.641749] (-) TimerEvent: {}
[3.742432] (-) TimerEvent: {}
[3.842835] (-) TimerEvent: {}
[3.943231] (-) TimerEvent: {}
[4.047287] (-) TimerEvent: {}
[4.147948] (-) TimerEvent: {}
[4.250265] (-) TimerEvent: {}
[4.350727] (-) TimerEvent: {}
[4.451226] (-) TimerEvent: {}
[4.551882] (-) TimerEvent: {}
[4.652303] (-) TimerEvent: {}
[4.752787] (-) TimerEvent: {}
[4.853096] (-) TimerEvent: {}
[4.953469] (-) TimerEvent: {}
[5.054054] (-) TimerEvent: {}
[5.154493] (-) TimerEvent: {}
[5.255448] (-) TimerEvent: {}
[5.355855] (-) TimerEvent: {}
[5.456263] (-) TimerEvent: {}
[5.556672] (-) TimerEvent: {}
[5.657089] (-) TimerEvent: {}
[5.757489] (-) TimerEvent: {}
[5.857847] (-) TimerEvent: {}
[5.958340] (-) TimerEvent: {}
[6.058779] (-) TimerEvent: {}
[6.159190] (-) TimerEvent: {}
[6.259580] (-) TimerEvent: {}
[6.360022] (-) TimerEvent: {}
[6.460386] (-) TimerEvent: {}
[6.560715] (-) TimerEvent: {}
[6.661200] (-) TimerEvent: {}
[6.761544] (-) TimerEvent: {}
[6.861930] (-) TimerEvent: {}
[6.962379] (-) TimerEvent: {}
[7.062774] (-) TimerEvent: {}
[7.163103] (-) TimerEvent: {}
[7.263462] (-) TimerEvent: {}
[7.363799] (-) TimerEvent: {}
[7.464181] (-) TimerEvent: {}
[7.564534] (-) TimerEvent: {}
[7.664895] (-) TimerEvent: {}
[7.765325] (-) TimerEvent: {}
[7.865633] (-) TimerEvent: {}
[7.966041] (-) TimerEvent: {}
[8.066400] (-) TimerEvent: {}
[8.166806] (-) TimerEvent: {}
[8.267181] (-) TimerEvent: {}
[8.367468] (-) TimerEvent: {}
[8.467741] (-) TimerEvent: {}
[8.568185] (-) TimerEvent: {}
[8.668546] (-) TimerEvent: {}
[8.768927] (-) TimerEvent: {}
[8.789239] (ldlidar_stl_ros2) StdoutLine: {'line': b'[100%] \x1b[32m\x1b[1mLinking CXX executable ldlidar_stl_ros2_node\x1b[0m\n'}
[8.869053] (-) TimerEvent: {}
[8.969387] (-) TimerEvent: {}
[9.064476] (ldlidar_stl_ros2) StdoutLine: {'line': b'[100%] Built target ldlidar_stl_ros2_node\n'}
[9.069501] (-) TimerEvent: {}
[9.075463] (ldlidar_stl_ros2) CommandEnded: {'returncode': 0}
[9.076238] (ldlidar_stl_ros2) JobProgress: {'identifier': 'ldlidar_stl_ros2', 'progress': 'install'}
[9.084513] (ldlidar_stl_ros2) Command: {'cmd': ['/usr/bin/cmake', '--install', '/ros2_ws/build/ldlidar_stl_ros2'], 'cwd': '/ros2_ws/build/ldlidar_stl_ros2', 'env': OrderedDict([('HOSTNAME', 'kamil-laptop'), ('SHLVL', '1'), ('LD_LIBRARY_PATH', '/usr/lib/x86_64-linux-gnu/gazebo-11/plugins:/opt/ros/humble/opt/rviz_ogre_vendor/lib:/opt/ros/humble/lib/x86_64-linux-gnu:/opt/ros/humble/lib'), ('HOME', '/root'), ('ROS_PYTHON_VERSION', '3'), ('REMOTE_CONTAINERS', 'true'), ('ROS_DISTRO', 'humble'), ('REMOTE_CONTAINERS_IPC', '/tmp/vscode-remote-containers-ipc-3137115a-6215-4255-8240-a17f8dd67323.sock'), ('_', '/usr/bin/cat'), ('ROS_VERSION', '2'), ('TERM', 'xterm'), ('ROS_LOCALHOST_ONLY', '0'), ('PATH', '/opt/ros/humble/bin:/usr/local/sbin:/usr/local/bin:/usr/sbin:/usr/bin:/sbin:/bin'), ('DISPLAY', ':0'), ('REMOTE_CONTAINERS_SOCKETS', '["/root/.gnupg/S.gpg-agent"]'), ('LANG', 'C.UTF-8'), ('LS_COLORS', ''), ('ROS_DOMAIN_ID', '0'), ('DEBIAN_FRONTEND', 'noninteractive'), ('AMENT_PREFIX_PATH', '/opt/ros/humble'), ('LC_ALL', 'C.UTF-8'), ('PWD', '/ros2_ws/build/ldlidar_stl_ros2'), ('PYTHONPATH', '/opt/ros/humble/lib/python3.10/site-packages:/opt/ros/humble/local/lib/python3.10/dist-packages'), ('COLCON', '1'), ('CMAKE_PREFIX_PATH', '/opt/ros/humble')]), 'shell': False}
[9.092430] (ldlidar_stl_ros2) StdoutLine: {'line': b'-- Install configuration: ""\n'}
[9.092660] (ldlidar_stl_ros2) StdoutLine: {'line': b'-- Installing: /ros2_ws/install/ldlidar_stl_ros2/lib/ldlidar_stl_ros2/ldlidar_stl_ros2_node\n'}
[9.093631] (ldlidar_stl_ros2) StdoutLine: {'line': b'-- Set runtime path of "/ros2_ws/install/ldlidar_stl_ros2/lib/ldlidar_stl_ros2/ldlidar_stl_ros2_node" to ""\n'}
[9.093886] (ldlidar_stl_ros2) StdoutLine: {'line': b'-- Installing: /ros2_ws/install/ldlidar_stl_ros2/share/ldlidar_stl_ros2//launch\n'}
[9.094050] (ldlidar_stl_ros2) StdoutLine: {'line': b'-- Installing: /ros2_ws/install/ldlidar_stl_ros2/share/ldlidar_stl_ros2//launch/viewer_stl27l.launch.py\n'}
[9.094258] (ldlidar_stl_ros2) StdoutLine: {'line': b'-- Installing: /ros2_ws/install/ldlidar_stl_ros2/share/ldlidar_stl_ros2//launch/viewer_ld19.launch.py\n'}
[9.094411] (ldlidar_stl_ros2) StdoutLine: {'line': b'-- Installing: /ros2_ws/install/ldlidar_stl_ros2/share/ldlidar_stl_ros2//launch/viewer_ld06.launch.py\n'}
[9.094771] (ldlidar_stl_ros2) StdoutLine: {'line': b'-- Installing: /ros2_ws/install/ldlidar_stl_ros2/share/ldlidar_stl_ros2//launch/stl27l.launch.py\n'}
[9.094955] (ldlidar_stl_ros2) StdoutLine: {'line': b'-- Installing: /ros2_ws/install/ldlidar_stl_ros2/share/ldlidar_stl_ros2//launch/ld06.launch.py\n'}
[9.095213] (ldlidar_stl_ros2) StdoutLine: {'line': b'-- Installing: /ros2_ws/install/ldlidar_stl_ros2/share/ldlidar_stl_ros2//launch/ld19.launch.py\n'}
[9.095631] (ldlidar_stl_ros2) StdoutLine: {'line': b'-- Installing: /ros2_ws/install/ldlidar_stl_ros2/share/ldlidar_stl_ros2//rviz2\n'}
[9.095931] (ldlidar_stl_ros2) StdoutLine: {'line': b'-- Installing: /ros2_ws/install/ldlidar_stl_ros2/share/ldlidar_stl_ros2//rviz2/ldlidar.rviz\n'}
[9.096482] (ldlidar_stl_ros2) StdoutLine: {'line': b'-- Installing: /ros2_ws/install/ldlidar_stl_ros2/share/ament_index/resource_index/package_run_dependencies/ldlidar_stl_ros2\n'}
[9.096698] (ldlidar_stl_ros2) StdoutLine: {'line': b'-- Installing: /ros2_ws/install/ldlidar_stl_ros2/share/ament_index/resource_index/parent_prefix_path/ldlidar_stl_ros2\n'}
[9.096922] (ldlidar_stl_ros2) StdoutLine: {'line': b'-- Installing: /ros2_ws/install/ldlidar_stl_ros2/share/ldlidar_stl_ros2/environment/ament_prefix_path.sh\n'}
[9.097131] (ldlidar_stl_ros2) StdoutLine: {'line': b'-- Installing: /ros2_ws/install/ldlidar_stl_ros2/share/ldlidar_stl_ros2/environment/ament_prefix_path.dsv\n'}
[9.097299] (ldlidar_stl_ros2) StdoutLine: {'line': b'-- Installing: /ros2_ws/install/ldlidar_stl_ros2/share/ldlidar_stl_ros2/environment/path.sh\n'}
[9.097572] (ldlidar_stl_ros2) StdoutLine: {'line': b'-- Installing: /ros2_ws/install/ldlidar_stl_ros2/share/ldlidar_stl_ros2/environment/path.dsv\n'}
[9.097761] (ldlidar_stl_ros2) StdoutLine: {'line': b'-- Installing: /ros2_ws/install/ldlidar_stl_ros2/share/ldlidar_stl_ros2/local_setup.bash\n'}
[9.097891] (ldlidar_stl_ros2) StdoutLine: {'line': b'-- Installing: /ros2_ws/install/ldlidar_stl_ros2/share/ldlidar_stl_ros2/local_setup.sh\n'}
[9.098046] (ldlidar_stl_ros2) StdoutLine: {'line': b'-- Installing: /ros2_ws/install/ldlidar_stl_ros2/share/ldlidar_stl_ros2/local_setup.zsh\n'}
[9.098257] (ldlidar_stl_ros2) StdoutLine: {'line': b'-- Installing: /ros2_ws/install/ldlidar_stl_ros2/share/ldlidar_stl_ros2/local_setup.dsv\n'}
[9.098415] (ldlidar_stl_ros2) StdoutLine: {'line': b'-- Installing: /ros2_ws/install/ldlidar_stl_ros2/share/ldlidar_stl_ros2/package.dsv\n'}
[9.098657] (ldlidar_stl_ros2) StdoutLine: {'line': b'-- Installing: /ros2_ws/install/ldlidar_stl_ros2/share/ament_index/resource_index/packages/ldlidar_stl_ros2\n'}
[9.098879] (ldlidar_stl_ros2) StdoutLine: {'line': b'-- Installing: /ros2_ws/install/ldlidar_stl_ros2/share/ldlidar_stl_ros2/cmake/ldlidar_stl_ros2Config.cmake\n'}
[9.099084] (ldlidar_stl_ros2) StdoutLine: {'line': b'-- Installing: /ros2_ws/install/ldlidar_stl_ros2/share/ldlidar_stl_ros2/cmake/ldlidar_stl_ros2Config-version.cmake\n'}
[9.099214] (ldlidar_stl_ros2) StdoutLine: {'line': b'-- Installing: /ros2_ws/install/ldlidar_stl_ros2/share/ldlidar_stl_ros2/package.xml\n'}
[9.103658] (ldlidar_stl_ros2) CommandEnded: {'returncode': 0}
[9.133696] (ldlidar_stl_ros2) JobEnded: {'identifier': 'ldlidar_stl_ros2', 'rc': 0}
[9.169638] (-) TimerEvent: {}
[9.270030] (-) TimerEvent: {}
[9.370376] (-) TimerEvent: {}
[9.470734] (-) TimerEvent: {}
[9.571126] (-) TimerEvent: {}
[9.671635] (-) TimerEvent: {}
[9.772098] (-) TimerEvent: {}
[9.874114] (-) TimerEvent: {}
[9.974683] (-) TimerEvent: {}
[10.075071] (-) TimerEvent: {}
[10.175449] (-) TimerEvent: {}
[10.275801] (-) TimerEvent: {}
[10.376206] (-) TimerEvent: {}
[10.476557] (-) TimerEvent: {}
[10.576886] (-) TimerEvent: {}
[10.677228] (-) TimerEvent: {}
[10.777707] (-) TimerEvent: {}
[10.878109] (-) TimerEvent: {}
[10.978589] (-) TimerEvent: {}
[11.078900] (-) TimerEvent: {}
[11.179229] (-) TimerEvent: {}
[11.279671] (-) TimerEvent: {}
[11.380003] (-) TimerEvent: {}
[11.480407] (-) TimerEvent: {}
[11.580839] (-) TimerEvent: {}
[11.681241] (-) TimerEvent: {}
[11.781706] (-) TimerEvent: {}
[11.882095] (-) TimerEvent: {}
[11.982442] (-) TimerEvent: {}
[12.082771] (-) TimerEvent: {}
[12.184156] (-) TimerEvent: {}
[12.284537] (-) TimerEvent: {}
[12.384927] (-) TimerEvent: {}
[12.485369] (-) TimerEvent: {}
[12.585753] (-) TimerEvent: {}
[12.686169] (-) TimerEvent: {}
[12.695512] (uart_publisher) StdoutLine: {'line': b'[100%] \x1b[32m\x1b[1mLinking CXX executable uart_publisher\x1b[0m\n'}
[12.786858] (-) TimerEvent: {}
[12.887556] (-) TimerEvent: {}
[12.987939] (-) TimerEvent: {}
[13.088401] (-) TimerEvent: {}
[13.188784] (uart_publisher) StdoutLine: {'line': b'[100%] Built target uart_publisher\n'}
[13.189102] (-) TimerEvent: {}
[13.204071] (uart_publisher) CommandEnded: {'returncode': 0}
[13.204925] (uart_publisher) JobProgress: {'identifier': 'uart_publisher', 'progress': 'install'}
[13.205238] (uart_publisher) Command: {'cmd': ['/usr/bin/cmake', '--install', '/ros2_ws/build/uart_publisher'], 'cwd': '/ros2_ws/build/uart_publisher', 'env': OrderedDict([('HOSTNAME', 'kamil-laptop'), ('SHLVL', '1'), ('LD_LIBRARY_PATH', '/usr/lib/x86_64-linux-gnu/gazebo-11/plugins:/opt/ros/humble/opt/rviz_ogre_vendor/lib:/opt/ros/humble/lib/x86_64-linux-gnu:/opt/ros/humble/lib'), ('HOME', '/root'), ('ROS_PYTHON_VERSION', '3'), ('REMOTE_CONTAINERS', 'true'), ('ROS_DISTRO', 'humble'), ('REMOTE_CONTAINERS_IPC', '/tmp/vscode-remote-containers-ipc-3137115a-6215-4255-8240-a17f8dd67323.sock'), ('_', '/usr/bin/cat'), ('ROS_VERSION', '2'), ('TERM', 'xterm'), ('ROS_LOCALHOST_ONLY', '0'), ('PATH', '/opt/ros/humble/bin:/usr/local/sbin:/usr/local/bin:/usr/sbin:/usr/bin:/sbin:/bin'), ('DISPLAY', ':0'), ('REMOTE_CONTAINERS_SOCKETS', '["/root/.gnupg/S.gpg-agent"]'), ('LANG', 'C.UTF-8'), ('LS_COLORS', ''), ('ROS_DOMAIN_ID', '0'), ('DEBIAN_FRONTEND', 'noninteractive'), ('AMENT_PREFIX_PATH', '/opt/ros/humble'), ('LC_ALL', 'C.UTF-8'), ('PWD', '/ros2_ws/build/uart_publisher'), ('PYTHONPATH', '/opt/ros/humble/lib/python3.10/site-packages:/opt/ros/humble/local/lib/python3.10/dist-packages'), ('COLCON', '1'), ('CMAKE_PREFIX_PATH', '/opt/ros/humble')]), 'shell': False}
[13.214606] (uart_publisher) StdoutLine: {'line': b'-- Install configuration: ""\n'}
[13.215148] (uart_publisher) StdoutLine: {'line': b'-- Installing: /ros2_ws/install/uart_publisher/lib/uart_publisher/uart_publisher\n'}
[13.218072] (uart_publisher) StdoutLine: {'line': b'-- Set runtime path of "/ros2_ws/install/uart_publisher/lib/uart_publisher/uart_publisher" to ""\n'}
[13.218411] (uart_publisher) StdoutLine: {'line': b'-- Installing: /ros2_ws/install/uart_publisher/share/ament_index/resource_index/package_run_dependencies/uart_publisher\n'}
[13.218731] (uart_publisher) StdoutLine: {'line': b'-- Installing: /ros2_ws/install/uart_publisher/share/ament_index/resource_index/parent_prefix_path/uart_publisher\n'}
[13.218918] (uart_publisher) StdoutLine: {'line': b'-- Installing: /ros2_ws/install/uart_publisher/share/uart_publisher/environment/ament_prefix_path.sh\n'}
[13.219125] (uart_publisher) StdoutLine: {'line': b'-- Installing: /ros2_ws/install/uart_publisher/share/uart_publisher/environment/ament_prefix_path.dsv\n'}
[13.219330] (uart_publisher) StdoutLine: {'line': b'-- Installing: /ros2_ws/install/uart_publisher/share/uart_publisher/environment/path.sh\n'}
[13.219443] (uart_publisher) StdoutLine: {'line': b'-- Installing: /ros2_ws/install/uart_publisher/share/uart_publisher/environment/path.dsv\n'}
[13.219555] (uart_publisher) StdoutLine: {'line': b'-- Installing: /ros2_ws/install/uart_publisher/share/uart_publisher/local_setup.bash\n'}
[13.219626] (uart_publisher) StdoutLine: {'line': b'-- Installing: /ros2_ws/install/uart_publisher/share/uart_publisher/local_setup.sh\n'}
[13.219703] (uart_publisher) StdoutLine: {'line': b'-- Installing: /ros2_ws/install/uart_publisher/share/uart_publisher/local_setup.zsh\n'}
[13.219774] (uart_publisher) StdoutLine: {'line': b'-- Installing: /ros2_ws/install/uart_publisher/share/uart_publisher/local_setup.dsv\n'}
[13.219847] (uart_publisher) StdoutLine: {'line': b'-- Installing: /ros2_ws/install/uart_publisher/share/uart_publisher/package.dsv\n'}
[13.219918] (uart_publisher) StdoutLine: {'line': b'-- Installing: /ros2_ws/install/uart_publisher/share/ament_index/resource_index/packages/uart_publisher\n'}
[13.220100] (uart_publisher) StdoutLine: {'line': b'-- Installing: /ros2_ws/install/uart_publisher/share/uart_publisher/cmake/uart_publisherConfig.cmake\n'}
[13.220293] (uart_publisher) StdoutLine: {'line': b'-- Installing: /ros2_ws/install/uart_publisher/share/uart_publisher/cmake/uart_publisherConfig-version.cmake\n'}
[13.220414] (uart_publisher) StdoutLine: {'line': b'-- Installing: /ros2_ws/install/uart_publisher/share/uart_publisher/package.xml\n'}
[13.222791] (uart_publisher) CommandEnded: {'returncode': 0}
[13.241771] (uart_publisher) JobEnded: {'identifier': 'uart_publisher', 'rc': 0}
[13.243071] (-) EventReactorShutdown: {}
