[0.171s] Invoking command in '/ros2_ws/build/uart_publisher': CMAKE_PREFIX_PATH=/opt/ros/humble /usr/bin/cmake /ros2_ws/ros2_ws/src/uart_publisher -DCMAKE_INSTALL_PREFIX=/ros2_ws/install/uart_publisher
[0.230s] -- The C compiler identification is GNU 11.4.0
[0.295s] -- The CXX compiler identification is GNU 11.4.0
[0.301s] -- Detecting C compiler ABI info
[0.379s] -- Detecting C compiler ABI info - done
[0.387s] -- Check for working C compiler: /usr/bin/cc - skipped
[0.388s] -- Detecting C compile features
[0.388s] -- Detecting C compile features - done
[0.391s] -- Detecting CXX compiler ABI info
[0.473s] -- Detecting CXX compiler ABI info - done
[0.483s] -- Check for working CXX compiler: /usr/bin/c++ - skipped
[0.484s] -- Detecting CXX compile features
[0.484s] -- Detecting CXX compile features - done
[0.488s] -- Found ament_cmake: 1.3.11 (/opt/ros/humble/share/ament_cmake/cmake)
[0.626s] -- Found Python3: /usr/bin/python3 (found version "3.10.12") found components: Interpreter 
[0.713s] -- Found rclcpp: 16.0.12 (/opt/ros/humble/share/rclcpp/cmake)
[0.765s] -- Found rosidl_generator_c: 3.1.6 (/opt/ros/humble/share/rosidl_generator_c/cmake)
[0.770s] -- Found rosidl_adapter: 3.1.6 (/opt/ros/humble/share/rosidl_adapter/cmake)
[0.776s] -- Found rosidl_generator_cpp: 3.1.6 (/opt/ros/humble/share/rosidl_generator_cpp/cmake)
[0.787s] -- Using all available rosidl_typesupport_c: rosidl_typesupport_fastrtps_c;rosidl_typesupport_introspection_c
[0.801s] -- Using all available rosidl_typesupport_cpp: rosidl_typesupport_fastrtps_cpp;rosidl_typesupport_introspection_cpp
[0.837s] -- Found rmw_implementation_cmake: 6.1.2 (/opt/ros/humble/share/rmw_implementation_cmake/cmake)
[0.839s] -- Found rmw_fastrtps_cpp: 6.2.7 (/opt/ros/humble/share/rmw_fastrtps_cpp/cmake)
[0.927s] -- Found OpenSSL: /usr/lib/x86_64-linux-gnu/libcrypto.so (found version "3.0.2")  
[0.962s] -- Found FastRTPS: /opt/ros/humble/include  
[1.012s] -- Using RMW implementation 'rmw_fastrtps_cpp' as default
[1.023s] -- Looking for pthread.h
[1.089s] -- Looking for pthread.h - found
[1.089s] -- Performing Test CMAKE_HAVE_LIBC_PTHREAD
[1.159s] -- Performing Test CMAKE_HAVE_LIBC_PTHREAD - Success
[1.160s] -- Found Threads: TRUE  
[1.212s] -- Found geometry_msgs: 4.8.0 (/opt/ros/humble/share/geometry_msgs/cmake)
[1.304s] -- Configuring done
[1.314s] -- Generating done
[1.318s] -- Build files have been written to: /ros2_ws/build/uart_publisher
[1.327s] Invoked command in '/ros2_ws/build/uart_publisher' returned '0': CMAKE_PREFIX_PATH=/opt/ros/humble /usr/bin/cmake /ros2_ws/ros2_ws/src/uart_publisher -DCMAKE_INSTALL_PREFIX=/ros2_ws/install/uart_publisher
[1.328s] Invoking command in '/ros2_ws/build/uart_publisher': CMAKE_PREFIX_PATH=/opt/ros/humble /usr/bin/cmake --build /ros2_ws/build/uart_publisher -- -j12 -l12
[1.384s] [ 50%] [32mBuilding CXX object CMakeFiles/uart_publisher.dir/src/uart_publisher.cpp.o[0m
[8.075s] [100%] [32m[1mLinking CXX executable uart_publisher[0m
[8.401s] [100%] Built target uart_publisher
[8.410s] Invoked command in '/ros2_ws/build/uart_publisher' returned '0': CMAKE_PREFIX_PATH=/opt/ros/humble /usr/bin/cmake --build /ros2_ws/build/uart_publisher -- -j12 -l12
[8.413s] Invoking command in '/ros2_ws/build/uart_publisher': CMAKE_PREFIX_PATH=/opt/ros/humble /usr/bin/cmake --install /ros2_ws/build/uart_publisher
[8.418s] -- Install configuration: ""
[8.418s] -- Installing: /ros2_ws/install/uart_publisher/lib/uart_publisher/uart_publisher
[8.420s] -- Set runtime path of "/ros2_ws/install/uart_publisher/lib/uart_publisher/uart_publisher" to ""
[8.420s] -- Installing: /ros2_ws/install/uart_publisher/share/ament_index/resource_index/package_run_dependencies/uart_publisher
[8.420s] -- Installing: /ros2_ws/install/uart_publisher/share/ament_index/resource_index/parent_prefix_path/uart_publisher
[8.421s] -- Installing: /ros2_ws/install/uart_publisher/share/uart_publisher/environment/ament_prefix_path.sh
[8.421s] -- Installing: /ros2_ws/install/uart_publisher/share/uart_publisher/environment/ament_prefix_path.dsv
[8.421s] -- Installing: /ros2_ws/install/uart_publisher/share/uart_publisher/environment/path.sh
[8.421s] -- Installing: /ros2_ws/install/uart_publisher/share/uart_publisher/environment/path.dsv
[8.421s] -- Installing: /ros2_ws/install/uart_publisher/share/uart_publisher/local_setup.bash
[8.421s] -- Installing: /ros2_ws/install/uart_publisher/share/uart_publisher/local_setup.sh
[8.421s] -- Installing: /ros2_ws/install/uart_publisher/share/uart_publisher/local_setup.zsh
[8.421s] -- Installing: /ros2_ws/install/uart_publisher/share/uart_publisher/local_setup.dsv
[8.421s] -- Installing: /ros2_ws/install/uart_publisher/share/uart_publisher/package.dsv
[8.422s] -- Installing: /ros2_ws/install/uart_publisher/share/ament_index/resource_index/packages/uart_publisher
[8.422s] -- Installing: /ros2_ws/install/uart_publisher/share/uart_publisher/cmake/uart_publisherConfig.cmake
[8.422s] -- Installing: /ros2_ws/install/uart_publisher/share/uart_publisher/cmake/uart_publisherConfig-version.cmake
[8.422s] -- Installing: /ros2_ws/install/uart_publisher/share/uart_publisher/package.xml
[8.423s] Invoked command in '/ros2_ws/build/uart_publisher' returned '0': CMAKE_PREFIX_PATH=/opt/ros/humble /usr/bin/cmake --install /ros2_ws/build/uart_publisher
