[0.065s] DEBUG:colcon:Command line arguments: ['/usr/bin/colcon', 'build']
[0.065s] DEBUG:colcon:Parsed command line arguments: Namespace(log_base=None, log_level=None, verb_name='build', build_base='build', install_base='install', merge_install=False, symlink_install=False, test_result_base=None, continue_on_error=False, executor='parallel', parallel_workers=12, event_handlers=None, ignore_user_meta=False, metas=['./colcon.meta'], base_paths=['.'], packages_ignore=None, packages_ignore_regex=None, paths=None, packages_up_to=None, packages_up_to_regex=None, packages_above=None, packages_above_and_dependencies=None, packages_above_depth=None, packages_select_by_dep=None, packages_skip_by_dep=None, packages_skip_up_to=None, packages_select_build_failed=False, packages_skip_build_finished=False, packages_select_test_failures=False, packages_skip_test_passed=False, packages_select=None, packages_skip=None, packages_select_regex=None, packages_skip_regex=None, packages_start=None, packages_end=None, cmake_args=None, cmake_target=None, cmake_target_skip_unavailable=False, cmake_clean_cache=False, cmake_clean_first=False, cmake_force_configure=False, ament_cmake_args=None, catkin_cmake_args=None, catkin_skip_building_tests=False, mixin_files=None, mixin=None, verb_parser=<colcon_mixin.mixin.mixin_argument.MixinArgumentDecorator object at 0x75aa8cac6b30>, verb_extension=<colcon_core.verb.build.BuildVerb object at 0x75aa8cac6560>, main=<bound method BuildVerb.main of <colcon_core.verb.build.BuildVerb object at 0x75aa8cac6560>>, mixin_verb=('build',))
[0.130s] Level 1:colcon.colcon_core.package_discovery:discover_packages(colcon_meta) check parameters
[0.131s] INFO:colcon.colcon_metadata.package_discovery.colcon_meta:Using configuration from '/root/.colcon/metadata/default/Gazebo.meta'
[0.131s] INFO:colcon.colcon_metadata.package_discovery.colcon_meta:Using configuration from '/root/.colcon/metadata/default/fastrtps.meta'
[0.131s] Level 1:colcon.colcon_core.package_discovery:discover_packages(recursive) check parameters
[0.131s] Level 1:colcon.colcon_core.package_discovery:discover_packages(ignore) check parameters
[0.131s] Level 1:colcon.colcon_core.package_discovery:discover_packages(path) check parameters
[0.131s] Level 1:colcon.colcon_core.package_discovery:discover_packages(colcon_meta) discover
[0.131s] Level 1:colcon.colcon_core.package_discovery:discover_packages(recursive) discover
[0.131s] INFO:colcon.colcon_core.package_discovery:Crawling recursively for packages in '/ros2_ws/ros2_ws/src'
[0.131s] Level 1:colcon.colcon_core.package_identification:_identify(.) by extensions ['ignore', 'ignore_ament_install']
[0.131s] Level 1:colcon.colcon_core.package_identification:_identify(.) by extension 'ignore'
[0.131s] Level 1:colcon.colcon_core.package_identification:_identify(.) by extension 'ignore_ament_install'
[0.131s] Level 1:colcon.colcon_core.package_identification:_identify(.) by extensions ['colcon_pkg']
[0.132s] Level 1:colcon.colcon_core.package_identification:_identify(.) by extension 'colcon_pkg'
[0.132s] Level 1:colcon.colcon_core.package_identification:_identify(.) by extensions ['colcon_meta']
[0.132s] Level 1:colcon.colcon_core.package_identification:_identify(.) by extension 'colcon_meta'
[0.132s] Level 1:colcon.colcon_core.package_identification:_identify(.) by extensions ['ros']
[0.132s] Level 1:colcon.colcon_core.package_identification:_identify(.) by extension 'ros'
[0.138s] Level 1:colcon.colcon_core.package_identification:_identify(.) by extensions ['cmake', 'python']
[0.138s] Level 1:colcon.colcon_core.package_identification:_identify(.) by extension 'cmake'
[0.138s] Level 1:colcon.colcon_core.package_identification:_identify(.) by extension 'python'
[0.138s] Level 1:colcon.colcon_core.package_identification:_identify(.) by extensions ['python_setup_py']
[0.138s] Level 1:colcon.colcon_core.package_identification:_identify(.) by extension 'python_setup_py'
[0.138s] Level 1:colcon.colcon_core.package_identification:_identify(build) by extensions ['ignore', 'ignore_ament_install']
[0.138s] Level 1:colcon.colcon_core.package_identification:_identify(build) by extension 'ignore'
[0.138s] Level 1:colcon.colcon_core.package_identification:_identify(build) ignored
[0.138s] Level 1:colcon.colcon_core.package_identification:_identify(config) by extensions ['ignore', 'ignore_ament_install']
[0.138s] Level 1:colcon.colcon_core.package_identification:_identify(config) by extension 'ignore'
[0.138s] Level 1:colcon.colcon_core.package_identification:_identify(config) by extension 'ignore_ament_install'
[0.138s] Level 1:colcon.colcon_core.package_identification:_identify(config) by extensions ['colcon_pkg']
[0.138s] Level 1:colcon.colcon_core.package_identification:_identify(config) by extension 'colcon_pkg'
[0.138s] Level 1:colcon.colcon_core.package_identification:_identify(config) by extensions ['colcon_meta']
[0.138s] Level 1:colcon.colcon_core.package_identification:_identify(config) by extension 'colcon_meta'
[0.138s] Level 1:colcon.colcon_core.package_identification:_identify(config) by extensions ['ros']
[0.138s] Level 1:colcon.colcon_core.package_identification:_identify(config) by extension 'ros'
[0.138s] Level 1:colcon.colcon_core.package_identification:_identify(config) by extensions ['cmake', 'python']
[0.138s] Level 1:colcon.colcon_core.package_identification:_identify(config) by extension 'cmake'
[0.138s] Level 1:colcon.colcon_core.package_identification:_identify(config) by extension 'python'
[0.138s] Level 1:colcon.colcon_core.package_identification:_identify(config) by extensions ['python_setup_py']
[0.138s] Level 1:colcon.colcon_core.package_identification:_identify(config) by extension 'python_setup_py'
[0.139s] Level 1:colcon.colcon_core.package_identification:_identify(install) by extensions ['ignore', 'ignore_ament_install']
[0.139s] Level 1:colcon.colcon_core.package_identification:_identify(install) by extension 'ignore'
[0.139s] Level 1:colcon.colcon_core.package_identification:_identify(install) ignored
[0.139s] Level 1:colcon.colcon_core.package_identification:_identify(ldlidar_stl_ros2) by extensions ['ignore', 'ignore_ament_install']
[0.139s] Level 1:colcon.colcon_core.package_identification:_identify(ldlidar_stl_ros2) by extension 'ignore'
[0.139s] Level 1:colcon.colcon_core.package_identification:_identify(ldlidar_stl_ros2) by extension 'ignore_ament_install'
[0.139s] Level 1:colcon.colcon_core.package_identification:_identify(ldlidar_stl_ros2) by extensions ['colcon_pkg']
[0.139s] Level 1:colcon.colcon_core.package_identification:_identify(ldlidar_stl_ros2) by extension 'colcon_pkg'
[0.139s] Level 1:colcon.colcon_core.package_identification:_identify(ldlidar_stl_ros2) by extensions ['colcon_meta']
[0.139s] Level 1:colcon.colcon_core.package_identification:_identify(ldlidar_stl_ros2) by extension 'colcon_meta'
[0.139s] Level 1:colcon.colcon_core.package_identification:_identify(ldlidar_stl_ros2) by extensions ['ros']
[0.139s] Level 1:colcon.colcon_core.package_identification:_identify(ldlidar_stl_ros2) by extension 'ros'
[0.141s] DEBUG:colcon.colcon_core.package_identification:Package 'ldlidar_stl_ros2' with type 'ros.ament_cmake' and name 'ldlidar_stl_ros2'
[0.141s] Level 1:colcon.colcon_core.package_identification:_identify(log) by extensions ['ignore', 'ignore_ament_install']
[0.141s] Level 1:colcon.colcon_core.package_identification:_identify(log) by extension 'ignore'
[0.141s] Level 1:colcon.colcon_core.package_identification:_identify(log) ignored
[0.141s] Level 1:colcon.colcon_core.package_identification:_identify(my_robot) by extensions ['ignore', 'ignore_ament_install']
[0.141s] Level 1:colcon.colcon_core.package_identification:_identify(my_robot) by extension 'ignore'
[0.141s] Level 1:colcon.colcon_core.package_identification:_identify(my_robot) by extension 'ignore_ament_install'
[0.141s] Level 1:colcon.colcon_core.package_identification:_identify(my_robot) by extensions ['colcon_pkg']
[0.141s] Level 1:colcon.colcon_core.package_identification:_identify(my_robot) by extension 'colcon_pkg'
[0.141s] Level 1:colcon.colcon_core.package_identification:_identify(my_robot) by extensions ['colcon_meta']
[0.141s] Level 1:colcon.colcon_core.package_identification:_identify(my_robot) by extension 'colcon_meta'
[0.141s] Level 1:colcon.colcon_core.package_identification:_identify(my_robot) by extensions ['ros']
[0.141s] Level 1:colcon.colcon_core.package_identification:_identify(my_robot) by extension 'ros'
[0.142s] DEBUG:colcon.colcon_core.package_identification:Package 'my_robot' with type 'ros.ament_python' and name 'my_robot'
[0.142s] Level 1:colcon.colcon_core.package_identification:_identify(uart_publisher) by extensions ['ignore', 'ignore_ament_install']
[0.142s] Level 1:colcon.colcon_core.package_identification:_identify(uart_publisher) by extension 'ignore'
[0.142s] Level 1:colcon.colcon_core.package_identification:_identify(uart_publisher) by extension 'ignore_ament_install'
[0.142s] Level 1:colcon.colcon_core.package_identification:_identify(uart_publisher) by extensions ['colcon_pkg']
[0.142s] Level 1:colcon.colcon_core.package_identification:_identify(uart_publisher) by extension 'colcon_pkg'
[0.142s] Level 1:colcon.colcon_core.package_identification:_identify(uart_publisher) by extensions ['colcon_meta']
[0.142s] Level 1:colcon.colcon_core.package_identification:_identify(uart_publisher) by extension 'colcon_meta'
[0.142s] Level 1:colcon.colcon_core.package_identification:_identify(uart_publisher) by extensions ['ros']
[0.142s] Level 1:colcon.colcon_core.package_identification:_identify(uart_publisher) by extension 'ros'
[0.142s] DEBUG:colcon.colcon_core.package_identification:Package 'uart_publisher' with type 'ros.ament_cmake' and name 'uart_publisher'
[0.142s] Level 1:colcon.colcon_core.package_discovery:discover_packages(recursive) using defaults
[0.142s] Level 1:colcon.colcon_core.package_discovery:discover_packages(ignore) discover
[0.142s] Level 1:colcon.colcon_core.package_discovery:discover_packages(ignore) using defaults
[0.142s] Level 1:colcon.colcon_core.package_discovery:discover_packages(path) discover
[0.142s] Level 1:colcon.colcon_core.package_discovery:discover_packages(path) using defaults
[0.155s] Level 5:colcon.colcon_core.verb:set package 'ldlidar_stl_ros2' build argument 'cmake_args' from command line to 'None'
[0.155s] Level 5:colcon.colcon_core.verb:set package 'ldlidar_stl_ros2' build argument 'cmake_target' from command line to 'None'
[0.155s] Level 5:colcon.colcon_core.verb:set package 'ldlidar_stl_ros2' build argument 'cmake_target_skip_unavailable' from command line to 'False'
[0.155s] Level 5:colcon.colcon_core.verb:set package 'ldlidar_stl_ros2' build argument 'cmake_clean_cache' from command line to 'False'
[0.155s] Level 5:colcon.colcon_core.verb:set package 'ldlidar_stl_ros2' build argument 'cmake_clean_first' from command line to 'False'
[0.155s] Level 5:colcon.colcon_core.verb:set package 'ldlidar_stl_ros2' build argument 'cmake_force_configure' from command line to 'False'
[0.155s] Level 5:colcon.colcon_core.verb:set package 'ldlidar_stl_ros2' build argument 'ament_cmake_args' from command line to 'None'
[0.155s] Level 5:colcon.colcon_core.verb:set package 'ldlidar_stl_ros2' build argument 'catkin_cmake_args' from command line to 'None'
[0.155s] Level 5:colcon.colcon_core.verb:set package 'ldlidar_stl_ros2' build argument 'catkin_skip_building_tests' from command line to 'False'
[0.155s] DEBUG:colcon.colcon_core.verb:Building package 'ldlidar_stl_ros2' with the following arguments: {'ament_cmake_args': None, 'build_base': '/ros2_ws/ros2_ws/src/build/ldlidar_stl_ros2', 'catkin_cmake_args': None, 'catkin_skip_building_tests': False, 'cmake_args': None, 'cmake_clean_cache': False, 'cmake_clean_first': False, 'cmake_force_configure': False, 'cmake_target': None, 'cmake_target_skip_unavailable': False, 'install_base': '/ros2_ws/ros2_ws/src/install/ldlidar_stl_ros2', 'merge_install': False, 'path': '/ros2_ws/ros2_ws/src/ldlidar_stl_ros2', 'symlink_install': False, 'test_result_base': None}
[0.155s] Level 5:colcon.colcon_core.verb:set package 'my_robot' build argument 'cmake_args' from command line to 'None'
[0.155s] Level 5:colcon.colcon_core.verb:set package 'my_robot' build argument 'cmake_target' from command line to 'None'
[0.155s] Level 5:colcon.colcon_core.verb:set package 'my_robot' build argument 'cmake_target_skip_unavailable' from command line to 'False'
[0.155s] Level 5:colcon.colcon_core.verb:set package 'my_robot' build argument 'cmake_clean_cache' from command line to 'False'
[0.155s] Level 5:colcon.colcon_core.verb:set package 'my_robot' build argument 'cmake_clean_first' from command line to 'False'
[0.155s] Level 5:colcon.colcon_core.verb:set package 'my_robot' build argument 'cmake_force_configure' from command line to 'False'
[0.155s] Level 5:colcon.colcon_core.verb:set package 'my_robot' build argument 'ament_cmake_args' from command line to 'None'
[0.155s] Level 5:colcon.colcon_core.verb:set package 'my_robot' build argument 'catkin_cmake_args' from command line to 'None'
[0.155s] Level 5:colcon.colcon_core.verb:set package 'my_robot' build argument 'catkin_skip_building_tests' from command line to 'False'
[0.155s] DEBUG:colcon.colcon_core.verb:Building package 'my_robot' with the following arguments: {'ament_cmake_args': None, 'build_base': '/ros2_ws/ros2_ws/src/build/my_robot', 'catkin_cmake_args': None, 'catkin_skip_building_tests': False, 'cmake_args': None, 'cmake_clean_cache': False, 'cmake_clean_first': False, 'cmake_force_configure': False, 'cmake_target': None, 'cmake_target_skip_unavailable': False, 'install_base': '/ros2_ws/ros2_ws/src/install/my_robot', 'merge_install': False, 'path': '/ros2_ws/ros2_ws/src/my_robot', 'symlink_install': False, 'test_result_base': None}
[0.156s] Level 5:colcon.colcon_core.verb:set package 'uart_publisher' build argument 'cmake_args' from command line to 'None'
[0.156s] Level 5:colcon.colcon_core.verb:set package 'uart_publisher' build argument 'cmake_target' from command line to 'None'
[0.156s] Level 5:colcon.colcon_core.verb:set package 'uart_publisher' build argument 'cmake_target_skip_unavailable' from command line to 'False'
[0.156s] Level 5:colcon.colcon_core.verb:set package 'uart_publisher' build argument 'cmake_clean_cache' from command line to 'False'
[0.156s] Level 5:colcon.colcon_core.verb:set package 'uart_publisher' build argument 'cmake_clean_first' from command line to 'False'
[0.156s] Level 5:colcon.colcon_core.verb:set package 'uart_publisher' build argument 'cmake_force_configure' from command line to 'False'
[0.156s] Level 5:colcon.colcon_core.verb:set package 'uart_publisher' build argument 'ament_cmake_args' from command line to 'None'
[0.156s] Level 5:colcon.colcon_core.verb:set package 'uart_publisher' build argument 'catkin_cmake_args' from command line to 'None'
[0.156s] Level 5:colcon.colcon_core.verb:set package 'uart_publisher' build argument 'catkin_skip_building_tests' from command line to 'False'
[0.156s] DEBUG:colcon.colcon_core.verb:Building package 'uart_publisher' with the following arguments: {'ament_cmake_args': None, 'build_base': '/ros2_ws/ros2_ws/src/build/uart_publisher', 'catkin_cmake_args': None, 'catkin_skip_building_tests': False, 'cmake_args': None, 'cmake_clean_cache': False, 'cmake_clean_first': False, 'cmake_force_configure': False, 'cmake_target': None, 'cmake_target_skip_unavailable': False, 'install_base': '/ros2_ws/ros2_ws/src/install/uart_publisher', 'merge_install': False, 'path': '/ros2_ws/ros2_ws/src/uart_publisher', 'symlink_install': False, 'test_result_base': None}
[0.156s] INFO:colcon.colcon_core.executor:Executing jobs using 'parallel' executor
[0.157s] DEBUG:colcon.colcon_parallel_executor.executor.parallel:run_until_complete
[0.157s] INFO:colcon.colcon_ros.task.ament_cmake.build:Building ROS package in '/ros2_ws/ros2_ws/src/ldlidar_stl_ros2' with build type 'ament_cmake'
[0.157s] INFO:colcon.colcon_cmake.task.cmake.build:Building CMake package in '/ros2_ws/ros2_ws/src/ldlidar_stl_ros2'
[0.158s] INFO:colcon.colcon_core.plugin_system:Skipping extension 'colcon_core.shell.bat': Not used on non-Windows systems
[0.158s] INFO:colcon.colcon_core.shell:Skip shell extension 'powershell' for command environment: Not usable outside of PowerShell
[0.158s] DEBUG:colcon.colcon_core.shell:Skip shell extension 'dsv' for command environment
[0.161s] INFO:colcon.colcon_ros.task.ament_python.build:Building ROS package in '/ros2_ws/ros2_ws/src/my_robot' with build type 'ament_python'
[0.161s] Level 1:colcon.colcon_core.shell:create_environment_hook('my_robot', 'ament_prefix_path')
[0.161s] INFO:colcon.colcon_core.shell:Creating environment hook '/ros2_ws/ros2_ws/src/install/my_robot/share/my_robot/hook/ament_prefix_path.ps1'
[0.161s] INFO:colcon.colcon_core.shell:Creating environment descriptor '/ros2_ws/ros2_ws/src/install/my_robot/share/my_robot/hook/ament_prefix_path.dsv'
[0.162s] INFO:colcon.colcon_core.shell:Creating environment hook '/ros2_ws/ros2_ws/src/install/my_robot/share/my_robot/hook/ament_prefix_path.sh'
[0.162s] INFO:colcon.colcon_core.shell:Skip shell extension 'powershell' for command environment: Not usable outside of PowerShell
[0.162s] DEBUG:colcon.colcon_core.shell:Skip shell extension 'dsv' for command environment
[0.164s] INFO:colcon.colcon_ros.task.ament_cmake.build:Building ROS package in '/ros2_ws/ros2_ws/src/uart_publisher' with build type 'ament_cmake'
[0.164s] INFO:colcon.colcon_cmake.task.cmake.build:Building CMake package in '/ros2_ws/ros2_ws/src/uart_publisher'
[0.164s] INFO:colcon.colcon_core.shell:Skip shell extension 'powershell' for command environment: Not usable outside of PowerShell
[0.164s] DEBUG:colcon.colcon_core.shell:Skip shell extension 'dsv' for command environment
[0.170s] DEBUG:colcon.colcon_core.event_handler.log_command:Invoking command in '/ros2_ws/ros2_ws/src/build/ldlidar_stl_ros2': CMAKE_PREFIX_PATH=${CMAKE_PREFIX_PATH}:/opt/ros/humble /usr/bin/cmake /ros2_ws/ros2_ws/src/ldlidar_stl_ros2 -DCMAKE_INSTALL_PREFIX=/ros2_ws/ros2_ws/src/install/ldlidar_stl_ros2
[0.294s] INFO:colcon.colcon_core.task.python.build:Building Python package in '/ros2_ws/ros2_ws/src/my_robot'
[0.294s] INFO:colcon.colcon_core.shell:Skip shell extension 'powershell' for command environment: Not usable outside of PowerShell
[0.294s] DEBUG:colcon.colcon_core.shell:Skip shell extension 'dsv' for command environment
[0.299s] DEBUG:colcon.colcon_core.event_handler.log_command:Invoking command in '/ros2_ws/ros2_ws/src/build/uart_publisher': CMAKE_PREFIX_PATH=${CMAKE_PREFIX_PATH}:/opt/ros/humble /usr/bin/cmake /ros2_ws/ros2_ws/src/uart_publisher -DCMAKE_INSTALL_PREFIX=/ros2_ws/ros2_ws/src/install/uart_publisher
[0.563s] DEBUG:colcon.colcon_core.event_handler.log_command:Invoking command in '/ros2_ws/ros2_ws/src/my_robot': PYTHONPATH=/ros2_ws/ros2_ws/src/build/my_robot/prefix_override:/usr/lib/python3/dist-packages/colcon_core/task/python/colcon_distutils_commands:/ros2_ws/ros2_ws/src/install/my_robot/lib/python3.10/site-packages:${PYTHONPATH} /usr/bin/python3 -W ignore:setup.py install is deprecated -W ignore:easy_install command is deprecated setup.py egg_info --egg-base ../build/my_robot build --build-base /ros2_ws/ros2_ws/src/build/my_robot/build install --record /ros2_ws/ros2_ws/src/build/my_robot/install.log --single-version-externally-managed install_data
[0.745s] DEBUG:colcon.colcon_core.event_handler.log_command:Invoked command in '/ros2_ws/ros2_ws/src/my_robot' returned '0': PYTHONPATH=/ros2_ws/ros2_ws/src/build/my_robot/prefix_override:/usr/lib/python3/dist-packages/colcon_core/task/python/colcon_distutils_commands:/ros2_ws/ros2_ws/src/install/my_robot/lib/python3.10/site-packages:${PYTHONPATH} /usr/bin/python3 -W ignore:setup.py install is deprecated -W ignore:easy_install command is deprecated setup.py egg_info --egg-base ../build/my_robot build --build-base /ros2_ws/ros2_ws/src/build/my_robot/build install --record /ros2_ws/ros2_ws/src/build/my_robot/install.log --single-version-externally-managed install_data
[0.746s] Level 1:colcon.colcon_core.environment:checking '/ros2_ws/ros2_ws/src/install/my_robot' for CMake module files
[0.747s] Level 1:colcon.colcon_core.environment:checking '/ros2_ws/ros2_ws/src/install/my_robot' for CMake config files
[0.747s] Level 1:colcon.colcon_core.environment:checking '/ros2_ws/ros2_ws/src/install/my_robot/lib'
[0.747s] Level 1:colcon.colcon_core.environment:checking '/ros2_ws/ros2_ws/src/install/my_robot/bin'
[0.747s] Level 1:colcon.colcon_core.environment:checking '/ros2_ws/ros2_ws/src/install/my_robot/lib/pkgconfig/my_robot.pc'
[0.747s] Level 1:colcon.colcon_core.environment:checking '/ros2_ws/ros2_ws/src/install/my_robot/lib/python3.10/site-packages'
[0.747s] Level 1:colcon.colcon_core.shell:create_environment_hook('my_robot', 'pythonpath')
[0.747s] INFO:colcon.colcon_core.shell:Creating environment hook '/ros2_ws/ros2_ws/src/install/my_robot/share/my_robot/hook/pythonpath.ps1'
[0.748s] INFO:colcon.colcon_core.shell:Creating environment descriptor '/ros2_ws/ros2_ws/src/install/my_robot/share/my_robot/hook/pythonpath.dsv'
[0.748s] INFO:colcon.colcon_core.shell:Creating environment hook '/ros2_ws/ros2_ws/src/install/my_robot/share/my_robot/hook/pythonpath.sh'
[0.748s] Level 1:colcon.colcon_core.environment:checking '/ros2_ws/ros2_ws/src/install/my_robot/bin'
[0.748s] Level 1:colcon.colcon_core.environment:create_environment_scripts_only(my_robot)
[0.749s] INFO:colcon.colcon_core.shell:Creating package script '/ros2_ws/ros2_ws/src/install/my_robot/share/my_robot/package.ps1'
[0.749s] INFO:colcon.colcon_core.shell:Creating package descriptor '/ros2_ws/ros2_ws/src/install/my_robot/share/my_robot/package.dsv'
[0.750s] INFO:colcon.colcon_core.shell:Creating package script '/ros2_ws/ros2_ws/src/install/my_robot/share/my_robot/package.sh'
[0.751s] INFO:colcon.colcon_core.shell:Creating package script '/ros2_ws/ros2_ws/src/install/my_robot/share/my_robot/package.bash'
[0.751s] INFO:colcon.colcon_core.shell:Creating package script '/ros2_ws/ros2_ws/src/install/my_robot/share/my_robot/package.zsh'
[0.752s] Level 1:colcon.colcon_core.environment:create_file_with_runtime_dependencies(/ros2_ws/ros2_ws/src/install/my_robot/share/colcon-core/packages/my_robot)
[1.141s] DEBUG:colcon.colcon_core.event_handler.log_command:Invoked command in '/ros2_ws/ros2_ws/src/build/uart_publisher' returned '0': CMAKE_PREFIX_PATH=${CMAKE_PREFIX_PATH}:/opt/ros/humble /usr/bin/cmake /ros2_ws/ros2_ws/src/uart_publisher -DCMAKE_INSTALL_PREFIX=/ros2_ws/ros2_ws/src/install/uart_publisher
[1.143s] DEBUG:colcon.colcon_core.event_handler.log_command:Invoking command in '/ros2_ws/ros2_ws/src/build/uart_publisher': CMAKE_PREFIX_PATH=${CMAKE_PREFIX_PATH}:/opt/ros/humble /usr/bin/cmake --build /ros2_ws/ros2_ws/src/build/uart_publisher -- -j12 -l12
[1.150s] DEBUG:colcon.colcon_core.event_handler.log_command:Invoked command in '/ros2_ws/ros2_ws/src/build/ldlidar_stl_ros2' returned '0': CMAKE_PREFIX_PATH=${CMAKE_PREFIX_PATH}:/opt/ros/humble /usr/bin/cmake /ros2_ws/ros2_ws/src/ldlidar_stl_ros2 -DCMAKE_INSTALL_PREFIX=/ros2_ws/ros2_ws/src/install/ldlidar_stl_ros2
[1.152s] DEBUG:colcon.colcon_core.event_handler.log_command:Invoking command in '/ros2_ws/ros2_ws/src/build/ldlidar_stl_ros2': CMAKE_PREFIX_PATH=${CMAKE_PREFIX_PATH}:/opt/ros/humble /usr/bin/cmake --build /ros2_ws/ros2_ws/src/build/ldlidar_stl_ros2 -- -j12 -l12
[4.339s] DEBUG:colcon.colcon_core.event_handler.log_command:Invoked command in '/ros2_ws/ros2_ws/src/build/ldlidar_stl_ros2' returned '0': CMAKE_PREFIX_PATH=${CMAKE_PREFIX_PATH}:/opt/ros/humble /usr/bin/cmake --build /ros2_ws/ros2_ws/src/build/ldlidar_stl_ros2 -- -j12 -l12
[4.347s] DEBUG:colcon.colcon_core.event_handler.log_command:Invoking command in '/ros2_ws/ros2_ws/src/build/ldlidar_stl_ros2': CMAKE_PREFIX_PATH=${CMAKE_PREFIX_PATH}:/opt/ros/humble /usr/bin/cmake --install /ros2_ws/ros2_ws/src/build/ldlidar_stl_ros2
[4.354s] Level 1:colcon.colcon_core.environment:create_environment_scripts_only(ldlidar_stl_ros2)
[4.355s] Level 1:colcon.colcon_core.environment:checking '/ros2_ws/ros2_ws/src/install/ldlidar_stl_ros2' for CMake module files
[4.355s] DEBUG:colcon.colcon_core.event_handler.log_command:Invoked command in '/ros2_ws/ros2_ws/src/build/ldlidar_stl_ros2' returned '0': CMAKE_PREFIX_PATH=${CMAKE_PREFIX_PATH}:/opt/ros/humble /usr/bin/cmake --install /ros2_ws/ros2_ws/src/build/ldlidar_stl_ros2
[4.355s] Level 1:colcon.colcon_core.environment:checking '/ros2_ws/ros2_ws/src/install/ldlidar_stl_ros2' for CMake config files
[4.355s] Level 1:colcon.colcon_core.shell:create_environment_hook('ldlidar_stl_ros2', 'cmake_prefix_path')
[4.355s] INFO:colcon.colcon_core.shell:Creating environment hook '/ros2_ws/ros2_ws/src/install/ldlidar_stl_ros2/share/ldlidar_stl_ros2/hook/cmake_prefix_path.ps1'
[4.356s] INFO:colcon.colcon_core.shell:Creating environment descriptor '/ros2_ws/ros2_ws/src/install/ldlidar_stl_ros2/share/ldlidar_stl_ros2/hook/cmake_prefix_path.dsv'
[4.356s] INFO:colcon.colcon_core.shell:Creating environment hook '/ros2_ws/ros2_ws/src/install/ldlidar_stl_ros2/share/ldlidar_stl_ros2/hook/cmake_prefix_path.sh'
[4.356s] Level 1:colcon.colcon_core.environment:checking '/ros2_ws/ros2_ws/src/install/ldlidar_stl_ros2/lib'
[4.356s] Level 1:colcon.colcon_core.environment:checking '/ros2_ws/ros2_ws/src/install/ldlidar_stl_ros2/bin'
[4.356s] Level 1:colcon.colcon_core.environment:checking '/ros2_ws/ros2_ws/src/install/ldlidar_stl_ros2/lib/pkgconfig/ldlidar_stl_ros2.pc'
[4.357s] Level 1:colcon.colcon_core.environment:checking '/ros2_ws/ros2_ws/src/install/ldlidar_stl_ros2/lib/python3.10/site-packages'
[4.357s] Level 1:colcon.colcon_core.environment:checking '/ros2_ws/ros2_ws/src/install/ldlidar_stl_ros2/bin'
[4.357s] INFO:colcon.colcon_core.shell:Creating package script '/ros2_ws/ros2_ws/src/install/ldlidar_stl_ros2/share/ldlidar_stl_ros2/package.ps1'
[4.357s] INFO:colcon.colcon_core.shell:Creating package descriptor '/ros2_ws/ros2_ws/src/install/ldlidar_stl_ros2/share/ldlidar_stl_ros2/package.dsv'
[4.357s] INFO:colcon.colcon_core.shell:Creating package script '/ros2_ws/ros2_ws/src/install/ldlidar_stl_ros2/share/ldlidar_stl_ros2/package.sh'
[4.357s] INFO:colcon.colcon_core.shell:Creating package script '/ros2_ws/ros2_ws/src/install/ldlidar_stl_ros2/share/ldlidar_stl_ros2/package.bash'
[4.358s] INFO:colcon.colcon_core.shell:Creating package script '/ros2_ws/ros2_ws/src/install/ldlidar_stl_ros2/share/ldlidar_stl_ros2/package.zsh'
[4.358s] Level 1:colcon.colcon_core.environment:create_file_with_runtime_dependencies(/ros2_ws/ros2_ws/src/install/ldlidar_stl_ros2/share/colcon-core/packages/ldlidar_stl_ros2)
[4.358s] Level 1:colcon.colcon_core.environment:create_environment_scripts_only(ldlidar_stl_ros2)
[4.358s] Level 1:colcon.colcon_core.environment:checking '/ros2_ws/ros2_ws/src/install/ldlidar_stl_ros2' for CMake module files
[4.359s] Level 1:colcon.colcon_core.environment:checking '/ros2_ws/ros2_ws/src/install/ldlidar_stl_ros2' for CMake config files
[4.359s] Level 1:colcon.colcon_core.shell:create_environment_hook('ldlidar_stl_ros2', 'cmake_prefix_path')
[4.359s] INFO:colcon.colcon_core.shell:Creating environment hook '/ros2_ws/ros2_ws/src/install/ldlidar_stl_ros2/share/ldlidar_stl_ros2/hook/cmake_prefix_path.ps1'
[4.359s] INFO:colcon.colcon_core.shell:Creating environment descriptor '/ros2_ws/ros2_ws/src/install/ldlidar_stl_ros2/share/ldlidar_stl_ros2/hook/cmake_prefix_path.dsv'
[4.359s] INFO:colcon.colcon_core.shell:Creating environment hook '/ros2_ws/ros2_ws/src/install/ldlidar_stl_ros2/share/ldlidar_stl_ros2/hook/cmake_prefix_path.sh'
[4.359s] Level 1:colcon.colcon_core.environment:checking '/ros2_ws/ros2_ws/src/install/ldlidar_stl_ros2/lib'
[4.359s] Level 1:colcon.colcon_core.environment:checking '/ros2_ws/ros2_ws/src/install/ldlidar_stl_ros2/bin'
[4.359s] Level 1:colcon.colcon_core.environment:checking '/ros2_ws/ros2_ws/src/install/ldlidar_stl_ros2/lib/pkgconfig/ldlidar_stl_ros2.pc'
[4.360s] Level 1:colcon.colcon_core.environment:checking '/ros2_ws/ros2_ws/src/install/ldlidar_stl_ros2/lib/python3.10/site-packages'
[4.360s] Level 1:colcon.colcon_core.environment:checking '/ros2_ws/ros2_ws/src/install/ldlidar_stl_ros2/bin'
[4.360s] INFO:colcon.colcon_core.shell:Creating package script '/ros2_ws/ros2_ws/src/install/ldlidar_stl_ros2/share/ldlidar_stl_ros2/package.ps1'
[4.360s] INFO:colcon.colcon_core.shell:Creating package descriptor '/ros2_ws/ros2_ws/src/install/ldlidar_stl_ros2/share/ldlidar_stl_ros2/package.dsv'
[4.360s] INFO:colcon.colcon_core.shell:Creating package script '/ros2_ws/ros2_ws/src/install/ldlidar_stl_ros2/share/ldlidar_stl_ros2/package.sh'
[4.361s] INFO:colcon.colcon_core.shell:Creating package script '/ros2_ws/ros2_ws/src/install/ldlidar_stl_ros2/share/ldlidar_stl_ros2/package.bash'
[4.361s] INFO:colcon.colcon_core.shell:Creating package script '/ros2_ws/ros2_ws/src/install/ldlidar_stl_ros2/share/ldlidar_stl_ros2/package.zsh'
[4.361s] Level 1:colcon.colcon_core.environment:create_file_with_runtime_dependencies(/ros2_ws/ros2_ws/src/install/ldlidar_stl_ros2/share/colcon-core/packages/ldlidar_stl_ros2)
[6.456s] DEBUG:colcon.colcon_core.event_handler.log_command:Invoked command in '/ros2_ws/ros2_ws/src/build/uart_publisher' returned '0': CMAKE_PREFIX_PATH=${CMAKE_PREFIX_PATH}:/opt/ros/humble /usr/bin/cmake --build /ros2_ws/ros2_ws/src/build/uart_publisher -- -j12 -l12
[6.457s] DEBUG:colcon.colcon_core.event_handler.log_command:Invoking command in '/ros2_ws/ros2_ws/src/build/uart_publisher': CMAKE_PREFIX_PATH=${CMAKE_PREFIX_PATH}:/opt/ros/humble /usr/bin/cmake --install /ros2_ws/ros2_ws/src/build/uart_publisher
[6.466s] Level 1:colcon.colcon_core.environment:create_environment_scripts_only(uart_publisher)
[6.466s] Level 1:colcon.colcon_core.environment:checking '/ros2_ws/ros2_ws/src/install/uart_publisher' for CMake module files
[6.466s] DEBUG:colcon.colcon_core.event_handler.log_command:Invoked command in '/ros2_ws/ros2_ws/src/build/uart_publisher' returned '0': CMAKE_PREFIX_PATH=${CMAKE_PREFIX_PATH}:/opt/ros/humble /usr/bin/cmake --install /ros2_ws/ros2_ws/src/build/uart_publisher
[6.466s] Level 1:colcon.colcon_core.environment:checking '/ros2_ws/ros2_ws/src/install/uart_publisher' for CMake config files
[6.466s] Level 1:colcon.colcon_core.shell:create_environment_hook('uart_publisher', 'cmake_prefix_path')
[6.467s] INFO:colcon.colcon_core.shell:Creating environment hook '/ros2_ws/ros2_ws/src/install/uart_publisher/share/uart_publisher/hook/cmake_prefix_path.ps1'
[6.467s] INFO:colcon.colcon_core.shell:Creating environment descriptor '/ros2_ws/ros2_ws/src/install/uart_publisher/share/uart_publisher/hook/cmake_prefix_path.dsv'
[6.467s] INFO:colcon.colcon_core.shell:Creating environment hook '/ros2_ws/ros2_ws/src/install/uart_publisher/share/uart_publisher/hook/cmake_prefix_path.sh'
[6.467s] Level 1:colcon.colcon_core.environment:checking '/ros2_ws/ros2_ws/src/install/uart_publisher/lib'
[6.467s] Level 1:colcon.colcon_core.environment:checking '/ros2_ws/ros2_ws/src/install/uart_publisher/bin'
[6.468s] Level 1:colcon.colcon_core.environment:checking '/ros2_ws/ros2_ws/src/install/uart_publisher/lib/pkgconfig/uart_publisher.pc'
[6.468s] Level 1:colcon.colcon_core.environment:checking '/ros2_ws/ros2_ws/src/install/uart_publisher/lib/python3.10/site-packages'
[6.468s] Level 1:colcon.colcon_core.environment:checking '/ros2_ws/ros2_ws/src/install/uart_publisher/bin'
[6.468s] INFO:colcon.colcon_core.shell:Creating package script '/ros2_ws/ros2_ws/src/install/uart_publisher/share/uart_publisher/package.ps1'
[6.468s] INFO:colcon.colcon_core.shell:Creating package descriptor '/ros2_ws/ros2_ws/src/install/uart_publisher/share/uart_publisher/package.dsv'
[6.468s] INFO:colcon.colcon_core.shell:Creating package script '/ros2_ws/ros2_ws/src/install/uart_publisher/share/uart_publisher/package.sh'
[6.469s] INFO:colcon.colcon_core.shell:Creating package script '/ros2_ws/ros2_ws/src/install/uart_publisher/share/uart_publisher/package.bash'
[6.469s] INFO:colcon.colcon_core.shell:Creating package script '/ros2_ws/ros2_ws/src/install/uart_publisher/share/uart_publisher/package.zsh'
[6.469s] Level 1:colcon.colcon_core.environment:create_file_with_runtime_dependencies(/ros2_ws/ros2_ws/src/install/uart_publisher/share/colcon-core/packages/uart_publisher)
[6.469s] Level 1:colcon.colcon_core.environment:create_environment_scripts_only(uart_publisher)
[6.469s] Level 1:colcon.colcon_core.environment:checking '/ros2_ws/ros2_ws/src/install/uart_publisher' for CMake module files
[6.470s] Level 1:colcon.colcon_core.environment:checking '/ros2_ws/ros2_ws/src/install/uart_publisher' for CMake config files
[6.470s] Level 1:colcon.colcon_core.shell:create_environment_hook('uart_publisher', 'cmake_prefix_path')
[6.470s] INFO:colcon.colcon_core.shell:Creating environment hook '/ros2_ws/ros2_ws/src/install/uart_publisher/share/uart_publisher/hook/cmake_prefix_path.ps1'
[6.470s] INFO:colcon.colcon_core.shell:Creating environment descriptor '/ros2_ws/ros2_ws/src/install/uart_publisher/share/uart_publisher/hook/cmake_prefix_path.dsv'
[6.470s] INFO:colcon.colcon_core.shell:Creating environment hook '/ros2_ws/ros2_ws/src/install/uart_publisher/share/uart_publisher/hook/cmake_prefix_path.sh'
[6.470s] Level 1:colcon.colcon_core.environment:checking '/ros2_ws/ros2_ws/src/install/uart_publisher/lib'
[6.470s] Level 1:colcon.colcon_core.environment:checking '/ros2_ws/ros2_ws/src/install/uart_publisher/bin'
[6.470s] Level 1:colcon.colcon_core.environment:checking '/ros2_ws/ros2_ws/src/install/uart_publisher/lib/pkgconfig/uart_publisher.pc'
[6.471s] Level 1:colcon.colcon_core.environment:checking '/ros2_ws/ros2_ws/src/install/uart_publisher/lib/python3.10/site-packages'
[6.471s] Level 1:colcon.colcon_core.environment:checking '/ros2_ws/ros2_ws/src/install/uart_publisher/bin'
[6.471s] INFO:colcon.colcon_core.shell:Creating package script '/ros2_ws/ros2_ws/src/install/uart_publisher/share/uart_publisher/package.ps1'
[6.471s] INFO:colcon.colcon_core.shell:Creating package descriptor '/ros2_ws/ros2_ws/src/install/uart_publisher/share/uart_publisher/package.dsv'
[6.471s] INFO:colcon.colcon_core.shell:Creating package script '/ros2_ws/ros2_ws/src/install/uart_publisher/share/uart_publisher/package.sh'
[6.472s] INFO:colcon.colcon_core.shell:Creating package script '/ros2_ws/ros2_ws/src/install/uart_publisher/share/uart_publisher/package.bash'
[6.472s] INFO:colcon.colcon_core.shell:Creating package script '/ros2_ws/ros2_ws/src/install/uart_publisher/share/uart_publisher/package.zsh'
[6.472s] Level 1:colcon.colcon_core.environment:create_file_with_runtime_dependencies(/ros2_ws/ros2_ws/src/install/uart_publisher/share/colcon-core/packages/uart_publisher)
[6.472s] DEBUG:colcon.colcon_parallel_executor.executor.parallel:closing loop
[6.472s] DEBUG:colcon.colcon_parallel_executor.executor.parallel:loop closed
[6.472s] DEBUG:colcon.colcon_parallel_executor.executor.parallel:run_until_complete finished with '0'
[6.472s] DEBUG:colcon.colcon_core.event_reactor:joining thread
[6.476s] INFO:colcon.colcon_core.plugin_system:Skipping extension 'colcon_notification.desktop_notification.notify_send': Could not find 'notify-send'
[6.476s] INFO:colcon.colcon_core.plugin_system:Skipping extension 'colcon_notification.desktop_notification.terminal_notifier': Not used on non-Darwin systems
[6.476s] INFO:colcon.colcon_core.plugin_system:Skipping extension 'colcon_notification.desktop_notification.win32': Not used on non-Windows systems
[6.476s] INFO:colcon.colcon_notification.desktop_notification:Sending desktop notification using 'notify2'
[6.480s] DEBUG:colcon.colcon_notification.desktop_notification.notify2:Failed to initialize notify2: org.freedesktop.DBus.Error.ServiceUnknown: The name org.freedesktop.Notifications was not provided by any .service files
[6.480s] DEBUG:colcon.colcon_core.event_reactor:joined thread
[6.481s] INFO:colcon.colcon_core.shell:Creating prefix script '/ros2_ws/ros2_ws/src/install/local_setup.ps1'
[6.493s] INFO:colcon.colcon_core.shell:Creating prefix util module '/ros2_ws/ros2_ws/src/install/_local_setup_util_ps1.py'
[6.494s] INFO:colcon.colcon_core.shell:Creating prefix chain script '/ros2_ws/ros2_ws/src/install/setup.ps1'
[6.495s] INFO:colcon.colcon_core.shell:Creating prefix script '/ros2_ws/ros2_ws/src/install/local_setup.sh'
[6.495s] INFO:colcon.colcon_core.shell:Creating prefix util module '/ros2_ws/ros2_ws/src/install/_local_setup_util_sh.py'
[6.495s] INFO:colcon.colcon_core.shell:Creating prefix chain script '/ros2_ws/ros2_ws/src/install/setup.sh'
[6.496s] INFO:colcon.colcon_core.shell:Creating prefix script '/ros2_ws/ros2_ws/src/install/local_setup.bash'
[6.496s] INFO:colcon.colcon_core.shell:Creating prefix chain script '/ros2_ws/ros2_ws/src/install/setup.bash'
[6.497s] INFO:colcon.colcon_core.shell:Creating prefix script '/ros2_ws/ros2_ws/src/install/local_setup.zsh'
[6.497s] INFO:colcon.colcon_core.shell:Creating prefix chain script '/ros2_ws/ros2_ws/src/install/setup.zsh'
