[0.012s] Invoking command in '/ros2_ws/ros2_ws/src/build/ldlidar_stl_ros2': CMAKE_PREFIX_PATH=${CMAKE_PREFIX_PATH}:/opt/ros/humble /usr/bin/cmake /ros2_ws/ros2_ws/src/ldlidar_stl_ros2 -DCMAKE_INSTALL_PREFIX=/ros2_ws/ros2_ws/src/install/ldlidar_stl_ros2
[0.140s] -- The C compiler identification is GNU 11.4.0
[0.163s] -- The CXX compiler identification is GNU 11.4.0
[0.170s] -- Detecting C compiler ABI info
[0.228s] -- Detecting C compiler ABI info - done
[0.232s] -- Check for working C compiler: /usr/bin/cc - skipped
[0.233s] -- Detecting C compile features
[0.233s] -- Detecting C compile features - done
[0.236s] -- Detecting CXX compiler ABI info
[0.299s] -- Detecting CXX compiler ABI info - done
[0.303s] -- Check for working CXX compiler: /usr/bin/c++ - skipped
[0.303s] -- Detecting CXX compile features
[0.304s] -- Detecting CXX compile features - done
[0.311s] -- Found ament_cmake: 1.3.11 (/opt/ros/humble/share/ament_cmake/cmake)
[0.408s] -- Found Python3: /usr/bin/python3 (found version "3.10.12") found components: Interpreter 
[0.474s] -- Found rclcpp: 16.0.12 (/opt/ros/humble/share/rclcpp/cmake)
[0.514s] -- Found rosidl_generator_c: 3.1.6 (/opt/ros/humble/share/rosidl_generator_c/cmake)
[0.521s] -- Found rosidl_adapter: 3.1.6 (/opt/ros/humble/share/rosidl_adapter/cmake)
[0.531s] -- Found rosidl_generator_cpp: 3.1.6 (/opt/ros/humble/share/rosidl_generator_cpp/cmake)
[0.557s] -- Using all available rosidl_typesupport_c: rosidl_typesupport_fastrtps_c;rosidl_typesupport_introspection_c
[0.575s] -- Using all available rosidl_typesupport_cpp: rosidl_typesupport_fastrtps_cpp;rosidl_typesupport_introspection_cpp
[0.615s] -- Found rmw_implementation_cmake: 6.1.2 (/opt/ros/humble/share/rmw_implementation_cmake/cmake)
[0.617s] -- Found rmw_fastrtps_cpp: 6.2.7 (/opt/ros/humble/share/rmw_fastrtps_cpp/cmake)
[0.688s] -- Found OpenSSL: /usr/lib/x86_64-linux-gnu/libcrypto.so (found version "3.0.2")  
[0.709s] -- Found FastRTPS: /opt/ros/humble/include  
[0.741s] -- Using RMW implementation 'rmw_fastrtps_cpp' as default
[0.747s] -- Looking for pthread.h
[0.799s] -- Looking for pthread.h - found
[0.799s] -- Performing Test CMAKE_HAVE_LIBC_PTHREAD
[0.856s] -- Performing Test CMAKE_HAVE_LIBC_PTHREAD - Success
[0.856s] -- Found Threads: TRUE  
[0.896s] -- Found sensor_msgs: 4.8.0 (/opt/ros/humble/share/sensor_msgs/cmake)
[0.916s] -- Found ament_lint_auto: 0.12.12 (/opt/ros/humble/share/ament_lint_auto/cmake)
[0.970s] -- Added test 'copyright' to check source files copyright and LICENSE
[0.972s] -- Added test 'cppcheck' to perform static code analysis on C / C++ code
[0.973s] -- Configured cppcheck include dirs: /ros2_ws/ros2_ws/src/ldlidar_stl_ros2/include;/ros2_ws/ros2_ws/src/ldlidar_stl_ros2/ldlidar_driver/include/core;/ros2_ws/ros2_ws/src/ldlidar_stl_ros2/ldlidar_driver/include/dataprocess;/ros2_ws/ros2_ws/src/ldlidar_stl_ros2/ldlidar_driver/include/filter;/ros2_ws/ros2_ws/src/ldlidar_stl_ros2/ldlidar_driver/include/logger;/ros2_ws/ros2_ws/src/ldlidar_stl_ros2/ldlidar_driver/include/networkcom;/ros2_ws/ros2_ws/src/ldlidar_stl_ros2/ldlidar_driver/include/serialcom
[0.973s] -- Configured cppcheck exclude dirs and/or files: 
[0.974s] -- Added test 'cpplint' to check C / C++ code against the Google style
[0.974s] -- Configured cpplint exclude dirs and/or files: 
[0.975s] -- Added test 'flake8' to check Python code syntax and style conventions
[0.976s] -- Added test 'lint_cmake' to check CMake code style
[0.976s] -- Added test 'pep257' to check Python code against some of the docstring style conventions in PEP 257
[0.978s] -- Added test 'uncrustify' to check C / C++ code style
[0.978s] -- Configured uncrustify additional arguments: 
[0.978s] -- Added test 'xmllint' to check XML markup files
[0.979s] -- Configuring done
[0.986s] -- Generating done
[0.987s] -- Build files have been written to: /ros2_ws/ros2_ws/src/build/ldlidar_stl_ros2
[0.993s] Invoked command in '/ros2_ws/ros2_ws/src/build/ldlidar_stl_ros2' returned '0': CMAKE_PREFIX_PATH=${CMAKE_PREFIX_PATH}:/opt/ros/humble /usr/bin/cmake /ros2_ws/ros2_ws/src/ldlidar_stl_ros2 -DCMAKE_INSTALL_PREFIX=/ros2_ws/ros2_ws/src/install/ldlidar_stl_ros2
[0.995s] Invoking command in '/ros2_ws/ros2_ws/src/build/ldlidar_stl_ros2': CMAKE_PREFIX_PATH=${CMAKE_PREFIX_PATH}:/opt/ros/humble /usr/bin/cmake --build /ros2_ws/ros2_ws/src/build/ldlidar_stl_ros2 -- -j12 -l12
[1.030s] [ 12%] [32mBuilding CXX object CMakeFiles/ldlidar_stl_ros2_node.dir/src/demo.cpp.o[0m
[1.030s] [ 37%] [32mBuilding CXX object CMakeFiles/ldlidar_stl_ros2_node.dir/ldlidar_driver/src/filter/tofbf.cpp.o[0m
[1.030s] [ 37%] [32mBuilding CXX object CMakeFiles/ldlidar_stl_ros2_node.dir/ldlidar_driver/src/networkcom/network_socket_interface_linux.cpp.o[0m
[1.031s] [ 50%] [32mBuilding CXX object CMakeFiles/ldlidar_stl_ros2_node.dir/ldlidar_driver/src/core/ldlidar_driver.cpp.o[0m
[1.032s] [ 62%] [32mBuilding CXX object CMakeFiles/ldlidar_stl_ros2_node.dir/ldlidar_driver/src/logger/log_module.cpp.o[0m
[1.032s] [ 75%] [32mBuilding CXX object CMakeFiles/ldlidar_stl_ros2_node.dir/ldlidar_driver/src/dataprocess/lipkg.cpp.o[0m
[1.033s] [ 87%] [32mBuilding CXX object CMakeFiles/ldlidar_stl_ros2_node.dir/ldlidar_driver/src/serialcom/serial_interface_linux.cpp.o[0m
[4.027s] [100%] [32m[1mLinking CXX executable ldlidar_stl_ros2_node[0m
[4.173s] [100%] Built target ldlidar_stl_ros2_node
[4.182s] Invoked command in '/ros2_ws/ros2_ws/src/build/ldlidar_stl_ros2' returned '0': CMAKE_PREFIX_PATH=${CMAKE_PREFIX_PATH}:/opt/ros/humble /usr/bin/cmake --build /ros2_ws/ros2_ws/src/build/ldlidar_stl_ros2 -- -j12 -l12
[4.190s] Invoking command in '/ros2_ws/ros2_ws/src/build/ldlidar_stl_ros2': CMAKE_PREFIX_PATH=${CMAKE_PREFIX_PATH}:/opt/ros/humble /usr/bin/cmake --install /ros2_ws/ros2_ws/src/build/ldlidar_stl_ros2
[4.194s] -- Install configuration: ""
[4.194s] -- Installing: /ros2_ws/ros2_ws/src/install/ldlidar_stl_ros2/lib/ldlidar_stl_ros2/ldlidar_stl_ros2_node
[4.195s] -- Set runtime path of "/ros2_ws/ros2_ws/src/install/ldlidar_stl_ros2/lib/ldlidar_stl_ros2/ldlidar_stl_ros2_node" to ""
[4.195s] -- Installing: /ros2_ws/ros2_ws/src/install/ldlidar_stl_ros2/share/ldlidar_stl_ros2//launch
[4.195s] -- Installing: /ros2_ws/ros2_ws/src/install/ldlidar_stl_ros2/share/ldlidar_stl_ros2//launch/viewer_stl27l.launch.py
[4.195s] -- Installing: /ros2_ws/ros2_ws/src/install/ldlidar_stl_ros2/share/ldlidar_stl_ros2//launch/viewer_ld19.launch.py
[4.195s] -- Installing: /ros2_ws/ros2_ws/src/install/ldlidar_stl_ros2/share/ldlidar_stl_ros2//launch/viewer_ld06.launch.py
[4.195s] -- Installing: /ros2_ws/ros2_ws/src/install/ldlidar_stl_ros2/share/ldlidar_stl_ros2//launch/stl27l.launch.py
[4.195s] -- Installing: /ros2_ws/ros2_ws/src/install/ldlidar_stl_ros2/share/ldlidar_stl_ros2//launch/ld06.launch.py
[4.196s] -- Installing: /ros2_ws/ros2_ws/src/install/ldlidar_stl_ros2/share/ldlidar_stl_ros2//launch/ld19.launch.py
[4.196s] -- Installing: /ros2_ws/ros2_ws/src/install/ldlidar_stl_ros2/share/ldlidar_stl_ros2//rviz2
[4.196s] -- Installing: /ros2_ws/ros2_ws/src/install/ldlidar_stl_ros2/share/ldlidar_stl_ros2//rviz2/ldlidar.rviz
[4.196s] -- Installing: /ros2_ws/ros2_ws/src/install/ldlidar_stl_ros2/share/ament_index/resource_index/package_run_dependencies/ldlidar_stl_ros2
[4.196s] -- Installing: /ros2_ws/ros2_ws/src/install/ldlidar_stl_ros2/share/ament_index/resource_index/parent_prefix_path/ldlidar_stl_ros2
[4.196s] -- Installing: /ros2_ws/ros2_ws/src/install/ldlidar_stl_ros2/share/ldlidar_stl_ros2/environment/ament_prefix_path.sh
[4.196s] -- Installing: /ros2_ws/ros2_ws/src/install/ldlidar_stl_ros2/share/ldlidar_stl_ros2/environment/ament_prefix_path.dsv
[4.196s] -- Installing: /ros2_ws/ros2_ws/src/install/ldlidar_stl_ros2/share/ldlidar_stl_ros2/environment/path.sh
[4.196s] -- Installing: /ros2_ws/ros2_ws/src/install/ldlidar_stl_ros2/share/ldlidar_stl_ros2/environment/path.dsv
[4.196s] -- Installing: /ros2_ws/ros2_ws/src/install/ldlidar_stl_ros2/share/ldlidar_stl_ros2/local_setup.bash
[4.196s] -- Installing: /ros2_ws/ros2_ws/src/install/ldlidar_stl_ros2/share/ldlidar_stl_ros2/local_setup.sh
[4.196s] -- Installing: /ros2_ws/ros2_ws/src/install/ldlidar_stl_ros2/share/ldlidar_stl_ros2/local_setup.zsh
[4.196s] -- Installing: /ros2_ws/ros2_ws/src/install/ldlidar_stl_ros2/share/ldlidar_stl_ros2/local_setup.dsv
[4.196s] -- Installing: /ros2_ws/ros2_ws/src/install/ldlidar_stl_ros2/share/ldlidar_stl_ros2/package.dsv
[4.196s] -- Installing: /ros2_ws/ros2_ws/src/install/ldlidar_stl_ros2/share/ament_index/resource_index/packages/ldlidar_stl_ros2
[4.197s] -- Installing: /ros2_ws/ros2_ws/src/install/ldlidar_stl_ros2/share/ldlidar_stl_ros2/cmake/ldlidar_stl_ros2Config.cmake
[4.197s] -- Installing: /ros2_ws/ros2_ws/src/install/ldlidar_stl_ros2/share/ldlidar_stl_ros2/cmake/ldlidar_stl_ros2Config-version.cmake
[4.197s] -- Installing: /ros2_ws/ros2_ws/src/install/ldlidar_stl_ros2/share/ldlidar_stl_ros2/package.xml
[4.198s] Invoked command in '/ros2_ws/ros2_ws/src/build/ldlidar_stl_ros2' returned '0': CMAKE_PREFIX_PATH=${CMAKE_PREFIX_PATH}:/opt/ros/humble /usr/bin/cmake --install /ros2_ws/ros2_ws/src/build/ldlidar_stl_ros2
