[0.197s] DEBUG:colcon:Command line arguments: ['/usr/bin/colcon', 'build']
[0.197s] DEBUG:colcon:Parsed command line arguments: Namespace(log_base=None, log_level=None, verb_name='build', build_base='build', install_base='install', merge_install=False, symlink_install=False, test_result_base=None, continue_on_error=False, executor='parallel', parallel_workers=8, event_handlers=None, ignore_user_meta=False, metas=['./colcon.meta'], base_paths=['.'], packages_ignore=None, packages_ignore_regex=None, paths=None, packages_up_to=None, packages_up_to_regex=None, packages_above=None, packages_above_and_dependencies=None, packages_above_depth=None, packages_select_by_dep=None, packages_skip_by_dep=None, packages_skip_up_to=None, packages_select_build_failed=False, packages_skip_build_finished=False, packages_select_test_failures=False, packages_skip_test_passed=False, packages_select=None, packages_skip=None, packages_select_regex=None, packages_skip_regex=None, packages_start=None, packages_end=None, cmake_args=None, cmake_target=None, cmake_target_skip_unavailable=False, cmake_clean_cache=False, cmake_clean_first=False, cmake_force_configure=False, ament_cmake_args=None, catkin_cmake_args=None, catkin_skip_building_tests=False, mixin_files=None, mixin=None, verb_parser=<colcon_mixin.mixin.mixin_argument.MixinArgumentDecorator object at 0x7e3065727fa0>, verb_extension=<colcon_core.verb.build.BuildVerb object at 0x7e30658ac6a0>, main=<bound method BuildVerb.main of <colcon_core.verb.build.BuildVerb object at 0x7e30658ac6a0>>, mixin_verb=('build',))
[0.449s] Level 1:colcon.colcon_core.package_discovery:discover_packages(colcon_meta) check parameters
[0.449s] Level 1:colcon.colcon_core.package_discovery:discover_packages(recursive) check parameters
[0.449s] Level 1:colcon.colcon_core.package_discovery:discover_packages(ignore) check parameters
[0.449s] Level 1:colcon.colcon_core.package_discovery:discover_packages(path) check parameters
[0.449s] Level 1:colcon.colcon_core.package_discovery:discover_packages(colcon_meta) discover
[0.449s] Level 1:colcon.colcon_core.package_discovery:discover_packages(recursive) discover
[0.449s] INFO:colcon.colcon_core.package_discovery:Crawling recursively for packages in '/raspberry-pg/ros2_ws'
[0.450s] Level 1:colcon.colcon_core.package_identification:_identify(.) by extensions ['ignore', 'ignore_ament_install']
[0.450s] Level 1:colcon.colcon_core.package_identification:_identify(.) by extension 'ignore'
[0.450s] Level 1:colcon.colcon_core.package_identification:_identify(.) by extension 'ignore_ament_install'
[0.450s] Level 1:colcon.colcon_core.package_identification:_identify(.) by extensions ['colcon_pkg']
[0.450s] Level 1:colcon.colcon_core.package_identification:_identify(.) by extension 'colcon_pkg'
[0.450s] Level 1:colcon.colcon_core.package_identification:_identify(.) by extensions ['colcon_meta']
[0.450s] Level 1:colcon.colcon_core.package_identification:_identify(.) by extension 'colcon_meta'
[0.450s] Level 1:colcon.colcon_core.package_identification:_identify(.) by extensions ['ros']
[0.450s] Level 1:colcon.colcon_core.package_identification:_identify(.) by extension 'ros'
[0.472s] Level 1:colcon.colcon_core.package_identification:_identify(.) by extensions ['cmake', 'python']
[0.472s] Level 1:colcon.colcon_core.package_identification:_identify(.) by extension 'cmake'
[0.472s] Level 1:colcon.colcon_core.package_identification:_identify(.) by extension 'python'
[0.472s] Level 1:colcon.colcon_core.package_identification:_identify(.) by extensions ['python_setup_py']
[0.472s] Level 1:colcon.colcon_core.package_identification:_identify(.) by extension 'python_setup_py'
[0.473s] Level 1:colcon.colcon_core.package_identification:_identify(build) by extensions ['ignore', 'ignore_ament_install']
[0.473s] Level 1:colcon.colcon_core.package_identification:_identify(build) by extension 'ignore'
[0.473s] Level 1:colcon.colcon_core.package_identification:_identify(build) ignored
[0.473s] Level 1:colcon.colcon_core.package_identification:_identify(install) by extensions ['ignore', 'ignore_ament_install']
[0.473s] Level 1:colcon.colcon_core.package_identification:_identify(install) by extension 'ignore'
[0.474s] Level 1:colcon.colcon_core.package_identification:_identify(install) ignored
[0.474s] Level 1:colcon.colcon_core.package_identification:_identify(log) by extensions ['ignore', 'ignore_ament_install']
[0.474s] Level 1:colcon.colcon_core.package_identification:_identify(log) by extension 'ignore'
[0.474s] Level 1:colcon.colcon_core.package_identification:_identify(log) ignored
[0.474s] Level 1:colcon.colcon_core.package_identification:_identify(src) by extensions ['ignore', 'ignore_ament_install']
[0.474s] Level 1:colcon.colcon_core.package_identification:_identify(src) by extension 'ignore'
[0.475s] Level 1:colcon.colcon_core.package_identification:_identify(src) by extension 'ignore_ament_install'
[0.475s] Level 1:colcon.colcon_core.package_identification:_identify(src) by extensions ['colcon_pkg']
[0.475s] Level 1:colcon.colcon_core.package_identification:_identify(src) by extension 'colcon_pkg'
[0.475s] Level 1:colcon.colcon_core.package_identification:_identify(src) by extensions ['colcon_meta']
[0.475s] Level 1:colcon.colcon_core.package_identification:_identify(src) by extension 'colcon_meta'
[0.475s] Level 1:colcon.colcon_core.package_identification:_identify(src) by extensions ['ros']
[0.475s] Level 1:colcon.colcon_core.package_identification:_identify(src) by extension 'ros'
[0.475s] Level 1:colcon.colcon_core.package_identification:_identify(src) by extensions ['cmake', 'python']
[0.475s] Level 1:colcon.colcon_core.package_identification:_identify(src) by extension 'cmake'
[0.475s] Level 1:colcon.colcon_core.package_identification:_identify(src) by extension 'python'
[0.475s] Level 1:colcon.colcon_core.package_identification:_identify(src) by extensions ['python_setup_py']
[0.475s] Level 1:colcon.colcon_core.package_identification:_identify(src) by extension 'python_setup_py'
[0.476s] Level 1:colcon.colcon_core.package_identification:_identify(src/navigation_pkg) by extensions ['ignore', 'ignore_ament_install']
[0.476s] Level 1:colcon.colcon_core.package_identification:_identify(src/navigation_pkg) by extension 'ignore'
[0.476s] Level 1:colcon.colcon_core.package_identification:_identify(src/navigation_pkg) by extension 'ignore_ament_install'
[0.476s] Level 1:colcon.colcon_core.package_identification:_identify(src/navigation_pkg) by extensions ['colcon_pkg']
[0.476s] Level 1:colcon.colcon_core.package_identification:_identify(src/navigation_pkg) by extension 'colcon_pkg'
[0.476s] Level 1:colcon.colcon_core.package_identification:_identify(src/navigation_pkg) by extensions ['colcon_meta']
[0.476s] Level 1:colcon.colcon_core.package_identification:_identify(src/navigation_pkg) by extension 'colcon_meta'
[0.476s] Level 1:colcon.colcon_core.package_identification:_identify(src/navigation_pkg) by extensions ['ros']
[0.476s] Level 1:colcon.colcon_core.package_identification:_identify(src/navigation_pkg) by extension 'ros'
[0.490s] DEBUG:colcon.colcon_core.package_identification:Package 'src/navigation_pkg' with type 'ros.ament_cmake' and name 'navigation_pkg'
[0.490s] Level 1:colcon.colcon_core.package_identification:_identify(src/slam_pkg) by extensions ['ignore', 'ignore_ament_install']
[0.490s] Level 1:colcon.colcon_core.package_identification:_identify(src/slam_pkg) by extension 'ignore'
[0.491s] Level 1:colcon.colcon_core.package_identification:_identify(src/slam_pkg) by extension 'ignore_ament_install'
[0.491s] Level 1:colcon.colcon_core.package_identification:_identify(src/slam_pkg) by extensions ['colcon_pkg']
[0.491s] Level 1:colcon.colcon_core.package_identification:_identify(src/slam_pkg) by extension 'colcon_pkg'
[0.491s] Level 1:colcon.colcon_core.package_identification:_identify(src/slam_pkg) by extensions ['colcon_meta']
[0.491s] Level 1:colcon.colcon_core.package_identification:_identify(src/slam_pkg) by extension 'colcon_meta'
[0.491s] Level 1:colcon.colcon_core.package_identification:_identify(src/slam_pkg) by extensions ['ros']
[0.491s] Level 1:colcon.colcon_core.package_identification:_identify(src/slam_pkg) by extension 'ros'
[0.492s] DEBUG:colcon.colcon_core.package_identification:Package 'src/slam_pkg' with type 'ros.ament_cmake' and name 'slam_pkg'
[0.492s] Level 1:colcon.colcon_core.package_discovery:discover_packages(recursive) using defaults
[0.492s] Level 1:colcon.colcon_core.package_discovery:discover_packages(ignore) discover
[0.492s] Level 1:colcon.colcon_core.package_discovery:discover_packages(ignore) using defaults
[0.492s] Level 1:colcon.colcon_core.package_discovery:discover_packages(path) discover
[0.492s] Level 1:colcon.colcon_core.package_discovery:discover_packages(path) using defaults
[0.535s] Level 5:colcon.colcon_core.verb:set package 'navigation_pkg' build argument 'cmake_args' from command line to 'None'
[0.535s] Level 5:colcon.colcon_core.verb:set package 'navigation_pkg' build argument 'cmake_target' from command line to 'None'
[0.535s] Level 5:colcon.colcon_core.verb:set package 'navigation_pkg' build argument 'cmake_target_skip_unavailable' from command line to 'False'
[0.535s] Level 5:colcon.colcon_core.verb:set package 'navigation_pkg' build argument 'cmake_clean_cache' from command line to 'False'
[0.535s] Level 5:colcon.colcon_core.verb:set package 'navigation_pkg' build argument 'cmake_clean_first' from command line to 'False'
[0.536s] Level 5:colcon.colcon_core.verb:set package 'navigation_pkg' build argument 'cmake_force_configure' from command line to 'False'
[0.536s] Level 5:colcon.colcon_core.verb:set package 'navigation_pkg' build argument 'ament_cmake_args' from command line to 'None'
[0.536s] Level 5:colcon.colcon_core.verb:set package 'navigation_pkg' build argument 'catkin_cmake_args' from command line to 'None'
[0.536s] Level 5:colcon.colcon_core.verb:set package 'navigation_pkg' build argument 'catkin_skip_building_tests' from command line to 'False'
[0.536s] DEBUG:colcon.colcon_core.verb:Building package 'navigation_pkg' with the following arguments: {'ament_cmake_args': None, 'build_base': '/raspberry-pg/ros2_ws/build/navigation_pkg', 'catkin_cmake_args': None, 'catkin_skip_building_tests': False, 'cmake_args': None, 'cmake_clean_cache': False, 'cmake_clean_first': False, 'cmake_force_configure': False, 'cmake_target': None, 'cmake_target_skip_unavailable': False, 'install_base': '/raspberry-pg/ros2_ws/install/navigation_pkg', 'merge_install': False, 'path': '/raspberry-pg/ros2_ws/src/navigation_pkg', 'symlink_install': False, 'test_result_base': None}
[0.536s] Level 5:colcon.colcon_core.verb:set package 'slam_pkg' build argument 'cmake_args' from command line to 'None'
[0.537s] Level 5:colcon.colcon_core.verb:set package 'slam_pkg' build argument 'cmake_target' from command line to 'None'
[0.537s] Level 5:colcon.colcon_core.verb:set package 'slam_pkg' build argument 'cmake_target_skip_unavailable' from command line to 'False'
[0.537s] Level 5:colcon.colcon_core.verb:set package 'slam_pkg' build argument 'cmake_clean_cache' from command line to 'False'
[0.537s] Level 5:colcon.colcon_core.verb:set package 'slam_pkg' build argument 'cmake_clean_first' from command line to 'False'
[0.537s] Level 5:colcon.colcon_core.verb:set package 'slam_pkg' build argument 'cmake_force_configure' from command line to 'False'
[0.537s] Level 5:colcon.colcon_core.verb:set package 'slam_pkg' build argument 'ament_cmake_args' from command line to 'None'
[0.537s] Level 5:colcon.colcon_core.verb:set package 'slam_pkg' build argument 'catkin_cmake_args' from command line to 'None'
[0.537s] Level 5:colcon.colcon_core.verb:set package 'slam_pkg' build argument 'catkin_skip_building_tests' from command line to 'False'
[0.537s] DEBUG:colcon.colcon_core.verb:Building package 'slam_pkg' with the following arguments: {'ament_cmake_args': None, 'build_base': '/raspberry-pg/ros2_ws/build/slam_pkg', 'catkin_cmake_args': None, 'catkin_skip_building_tests': False, 'cmake_args': None, 'cmake_clean_cache': False, 'cmake_clean_first': False, 'cmake_force_configure': False, 'cmake_target': None, 'cmake_target_skip_unavailable': False, 'install_base': '/raspberry-pg/ros2_ws/install/slam_pkg', 'merge_install': False, 'path': '/raspberry-pg/ros2_ws/src/slam_pkg', 'symlink_install': False, 'test_result_base': None}
[0.537s] INFO:colcon.colcon_core.executor:Executing jobs using 'parallel' executor
[0.539s] DEBUG:colcon.colcon_parallel_executor.executor.parallel:run_until_complete
[0.540s] INFO:colcon.colcon_ros.task.ament_cmake.build:Building ROS package in '/raspberry-pg/ros2_ws/src/navigation_pkg' with build type 'ament_cmake'
[0.540s] INFO:colcon.colcon_cmake.task.cmake.build:Building CMake package in '/raspberry-pg/ros2_ws/src/navigation_pkg'
[0.544s] INFO:colcon.colcon_core.plugin_system:Skipping extension 'colcon_core.shell.bat': Not used on non-Windows systems
[0.544s] INFO:colcon.colcon_core.shell:Skip shell extension 'powershell' for command environment: Not usable outside of PowerShell
[0.544s] DEBUG:colcon.colcon_core.shell:Skip shell extension 'dsv' for command environment
[0.554s] INFO:colcon.colcon_ros.task.ament_cmake.build:Building ROS package in '/raspberry-pg/ros2_ws/src/slam_pkg' with build type 'ament_cmake'
[0.555s] INFO:colcon.colcon_cmake.task.cmake.build:Building CMake package in '/raspberry-pg/ros2_ws/src/slam_pkg'
[0.555s] INFO:colcon.colcon_core.shell:Skip shell extension 'powershell' for command environment: Not usable outside of PowerShell
[0.555s] DEBUG:colcon.colcon_core.shell:Skip shell extension 'dsv' for command environment
[0.569s] DEBUG:colcon.colcon_core.event_handler.log_command:Invoking command in '/raspberry-pg/ros2_ws/build/navigation_pkg': CMAKE_PREFIX_PATH=/opt/ros/humble /usr/bin/cmake /raspberry-pg/ros2_ws/src/navigation_pkg -DCMAKE_INSTALL_PREFIX=/raspberry-pg/ros2_ws/install/navigation_pkg
[0.575s] DEBUG:colcon.colcon_core.event_handler.log_command:Invoking command in '/raspberry-pg/ros2_ws/build/slam_pkg': CMAKE_PREFIX_PATH=/opt/ros/humble /usr/bin/cmake /raspberry-pg/ros2_ws/src/slam_pkg -DCMAKE_INSTALL_PREFIX=/raspberry-pg/ros2_ws/install/slam_pkg
[1.966s] DEBUG:colcon.colcon_core.event_handler.log_command:Invoked command in '/raspberry-pg/ros2_ws/build/navigation_pkg' returned '0': CMAKE_PREFIX_PATH=/opt/ros/humble /usr/bin/cmake /raspberry-pg/ros2_ws/src/navigation_pkg -DCMAKE_INSTALL_PREFIX=/raspberry-pg/ros2_ws/install/navigation_pkg
[1.970s] DEBUG:colcon.colcon_core.event_handler.log_command:Invoking command in '/raspberry-pg/ros2_ws/build/navigation_pkg': CMAKE_PREFIX_PATH=/opt/ros/humble /usr/bin/cmake --build /raspberry-pg/ros2_ws/build/navigation_pkg -- -j8 -l8
[1.973s] DEBUG:colcon.colcon_core.event_handler.log_command:Invoked command in '/raspberry-pg/ros2_ws/build/slam_pkg' returned '0': CMAKE_PREFIX_PATH=/opt/ros/humble /usr/bin/cmake /raspberry-pg/ros2_ws/src/slam_pkg -DCMAKE_INSTALL_PREFIX=/raspberry-pg/ros2_ws/install/slam_pkg
[1.976s] DEBUG:colcon.colcon_core.event_handler.log_command:Invoking command in '/raspberry-pg/ros2_ws/build/slam_pkg': CMAKE_PREFIX_PATH=/opt/ros/humble /usr/bin/cmake --build /raspberry-pg/ros2_ws/build/slam_pkg -- -j8 -l8
[2.039s] DEBUG:colcon.colcon_core.event_handler.log_command:Invoked command in '/raspberry-pg/ros2_ws/build/navigation_pkg' returned '0': CMAKE_PREFIX_PATH=/opt/ros/humble /usr/bin/cmake --build /raspberry-pg/ros2_ws/build/navigation_pkg -- -j8 -l8
[2.042s] DEBUG:colcon.colcon_core.event_handler.log_command:Invoked command in '/raspberry-pg/ros2_ws/build/slam_pkg' returned '0': CMAKE_PREFIX_PATH=/opt/ros/humble /usr/bin/cmake --build /raspberry-pg/ros2_ws/build/slam_pkg -- -j8 -l8
[2.096s] DEBUG:colcon.colcon_core.event_handler.log_command:Invoking command in '/raspberry-pg/ros2_ws/build/navigation_pkg': CMAKE_PREFIX_PATH=/opt/ros/humble /usr/bin/cmake --install /raspberry-pg/ros2_ws/build/navigation_pkg
[2.100s] DEBUG:colcon.colcon_core.event_handler.log_command:Invoking command in '/raspberry-pg/ros2_ws/build/slam_pkg': CMAKE_PREFIX_PATH=/opt/ros/humble /usr/bin/cmake --install /raspberry-pg/ros2_ws/build/slam_pkg
[2.119s] Level 1:colcon.colcon_core.environment:create_environment_scripts_only(navigation_pkg)
[2.121s] DEBUG:colcon.colcon_core.event_handler.log_command:Invoked command in '/raspberry-pg/ros2_ws/build/navigation_pkg' returned '0': CMAKE_PREFIX_PATH=/opt/ros/humble /usr/bin/cmake --install /raspberry-pg/ros2_ws/build/navigation_pkg
[2.138s] Level 1:colcon.colcon_core.environment:checking '/raspberry-pg/ros2_ws/install/navigation_pkg' for CMake module files
[2.139s] Level 1:colcon.colcon_core.environment:checking '/raspberry-pg/ros2_ws/install/navigation_pkg' for CMake config files
[2.139s] Level 1:colcon.colcon_core.shell:create_environment_hook('navigation_pkg', 'cmake_prefix_path')
[2.139s] INFO:colcon.colcon_core.shell:Creating environment hook '/raspberry-pg/ros2_ws/install/navigation_pkg/share/navigation_pkg/hook/cmake_prefix_path.ps1'
[2.141s] INFO:colcon.colcon_core.shell:Creating environment descriptor '/raspberry-pg/ros2_ws/install/navigation_pkg/share/navigation_pkg/hook/cmake_prefix_path.dsv'
[2.142s] INFO:colcon.colcon_core.shell:Creating environment hook '/raspberry-pg/ros2_ws/install/navigation_pkg/share/navigation_pkg/hook/cmake_prefix_path.sh'
[2.145s] Level 1:colcon.colcon_core.environment:checking '/raspberry-pg/ros2_ws/install/navigation_pkg/bin'
[2.145s] Level 1:colcon.colcon_core.environment:checking '/raspberry-pg/ros2_ws/install/navigation_pkg/lib/pkgconfig/navigation_pkg.pc'
[2.148s] Level 1:colcon.colcon_core.environment:checking '/raspberry-pg/ros2_ws/install/navigation_pkg/lib/python3.10/site-packages'
[2.149s] Level 1:colcon.colcon_core.environment:checking '/raspberry-pg/ros2_ws/install/navigation_pkg/bin'
[2.149s] INFO:colcon.colcon_core.shell:Creating package script '/raspberry-pg/ros2_ws/install/navigation_pkg/share/navigation_pkg/package.ps1'
[2.151s] INFO:colcon.colcon_core.shell:Creating package descriptor '/raspberry-pg/ros2_ws/install/navigation_pkg/share/navigation_pkg/package.dsv'
[2.153s] INFO:colcon.colcon_core.shell:Creating package script '/raspberry-pg/ros2_ws/install/navigation_pkg/share/navigation_pkg/package.sh'
[2.155s] INFO:colcon.colcon_core.shell:Creating package script '/raspberry-pg/ros2_ws/install/navigation_pkg/share/navigation_pkg/package.bash'
[2.157s] INFO:colcon.colcon_core.shell:Creating package script '/raspberry-pg/ros2_ws/install/navigation_pkg/share/navigation_pkg/package.zsh'
[2.158s] Level 1:colcon.colcon_core.environment:create_file_with_runtime_dependencies(/raspberry-pg/ros2_ws/install/navigation_pkg/share/colcon-core/packages/navigation_pkg)
[2.161s] Level 1:colcon.colcon_core.environment:create_environment_scripts_only(slam_pkg)
[2.162s] Level 1:colcon.colcon_core.environment:checking '/raspberry-pg/ros2_ws/install/slam_pkg' for CMake module files
[2.164s] DEBUG:colcon.colcon_core.event_handler.log_command:Invoked command in '/raspberry-pg/ros2_ws/build/slam_pkg' returned '0': CMAKE_PREFIX_PATH=/opt/ros/humble /usr/bin/cmake --install /raspberry-pg/ros2_ws/build/slam_pkg
[2.164s] Level 1:colcon.colcon_core.environment:checking '/raspberry-pg/ros2_ws/install/slam_pkg' for CMake config files
[2.165s] Level 1:colcon.colcon_core.shell:create_environment_hook('slam_pkg', 'cmake_prefix_path')
[2.165s] INFO:colcon.colcon_core.shell:Creating environment hook '/raspberry-pg/ros2_ws/install/slam_pkg/share/slam_pkg/hook/cmake_prefix_path.ps1'
[2.166s] INFO:colcon.colcon_core.shell:Creating environment descriptor '/raspberry-pg/ros2_ws/install/slam_pkg/share/slam_pkg/hook/cmake_prefix_path.dsv'
[2.167s] INFO:colcon.colcon_core.shell:Creating environment hook '/raspberry-pg/ros2_ws/install/slam_pkg/share/slam_pkg/hook/cmake_prefix_path.sh'
[2.168s] Level 1:colcon.colcon_core.environment:checking '/raspberry-pg/ros2_ws/install/slam_pkg/bin'
[2.168s] Level 1:colcon.colcon_core.environment:checking '/raspberry-pg/ros2_ws/install/slam_pkg/lib/pkgconfig/slam_pkg.pc'
[2.169s] Level 1:colcon.colcon_core.environment:checking '/raspberry-pg/ros2_ws/install/slam_pkg/lib/python3.10/site-packages'
[2.169s] Level 1:colcon.colcon_core.environment:checking '/raspberry-pg/ros2_ws/install/slam_pkg/bin'
[2.170s] INFO:colcon.colcon_core.shell:Creating package script '/raspberry-pg/ros2_ws/install/slam_pkg/share/slam_pkg/package.ps1'
[2.171s] INFO:colcon.colcon_core.shell:Creating package descriptor '/raspberry-pg/ros2_ws/install/slam_pkg/share/slam_pkg/package.dsv'
[2.172s] INFO:colcon.colcon_core.shell:Creating package script '/raspberry-pg/ros2_ws/install/slam_pkg/share/slam_pkg/package.sh'
[2.173s] INFO:colcon.colcon_core.shell:Creating package script '/raspberry-pg/ros2_ws/install/slam_pkg/share/slam_pkg/package.bash'
[2.173s] INFO:colcon.colcon_core.shell:Creating package script '/raspberry-pg/ros2_ws/install/slam_pkg/share/slam_pkg/package.zsh'
[2.174s] Level 1:colcon.colcon_core.environment:create_file_with_runtime_dependencies(/raspberry-pg/ros2_ws/install/slam_pkg/share/colcon-core/packages/slam_pkg)
[2.201s] Level 1:colcon.colcon_core.environment:create_environment_scripts_only(navigation_pkg)
[2.201s] Level 1:colcon.colcon_core.environment:checking '/raspberry-pg/ros2_ws/install/navigation_pkg' for CMake module files
[2.202s] Level 1:colcon.colcon_core.environment:checking '/raspberry-pg/ros2_ws/install/navigation_pkg' for CMake config files
[2.202s] Level 1:colcon.colcon_core.shell:create_environment_hook('navigation_pkg', 'cmake_prefix_path')
[2.203s] INFO:colcon.colcon_core.shell:Creating environment hook '/raspberry-pg/ros2_ws/install/navigation_pkg/share/navigation_pkg/hook/cmake_prefix_path.ps1'
[2.204s] INFO:colcon.colcon_core.shell:Creating environment descriptor '/raspberry-pg/ros2_ws/install/navigation_pkg/share/navigation_pkg/hook/cmake_prefix_path.dsv'
[2.205s] INFO:colcon.colcon_core.shell:Creating environment hook '/raspberry-pg/ros2_ws/install/navigation_pkg/share/navigation_pkg/hook/cmake_prefix_path.sh'
[2.206s] Level 1:colcon.colcon_core.environment:checking '/raspberry-pg/ros2_ws/install/navigation_pkg/bin'
[2.206s] Level 1:colcon.colcon_core.environment:checking '/raspberry-pg/ros2_ws/install/navigation_pkg/lib/pkgconfig/navigation_pkg.pc'
[2.207s] Level 1:colcon.colcon_core.environment:checking '/raspberry-pg/ros2_ws/install/navigation_pkg/lib/python3.10/site-packages'
[2.207s] Level 1:colcon.colcon_core.environment:checking '/raspberry-pg/ros2_ws/install/navigation_pkg/bin'
[2.208s] INFO:colcon.colcon_core.shell:Creating package script '/raspberry-pg/ros2_ws/install/navigation_pkg/share/navigation_pkg/package.ps1'
[2.209s] INFO:colcon.colcon_core.shell:Creating package descriptor '/raspberry-pg/ros2_ws/install/navigation_pkg/share/navigation_pkg/package.dsv'
[2.210s] INFO:colcon.colcon_core.shell:Creating package script '/raspberry-pg/ros2_ws/install/navigation_pkg/share/navigation_pkg/package.sh'
[2.211s] INFO:colcon.colcon_core.shell:Creating package script '/raspberry-pg/ros2_ws/install/navigation_pkg/share/navigation_pkg/package.bash'
[2.212s] INFO:colcon.colcon_core.shell:Creating package script '/raspberry-pg/ros2_ws/install/navigation_pkg/share/navigation_pkg/package.zsh'
[2.212s] Level 1:colcon.colcon_core.environment:create_file_with_runtime_dependencies(/raspberry-pg/ros2_ws/install/navigation_pkg/share/colcon-core/packages/navigation_pkg)
[2.215s] Level 1:colcon.colcon_core.environment:create_environment_scripts_only(slam_pkg)
[2.216s] Level 1:colcon.colcon_core.environment:checking '/raspberry-pg/ros2_ws/install/slam_pkg' for CMake module files
[2.216s] Level 1:colcon.colcon_core.environment:checking '/raspberry-pg/ros2_ws/install/slam_pkg' for CMake config files
[2.217s] Level 1:colcon.colcon_core.shell:create_environment_hook('slam_pkg', 'cmake_prefix_path')
[2.217s] INFO:colcon.colcon_core.shell:Creating environment hook '/raspberry-pg/ros2_ws/install/slam_pkg/share/slam_pkg/hook/cmake_prefix_path.ps1'
[2.218s] INFO:colcon.colcon_core.shell:Creating environment descriptor '/raspberry-pg/ros2_ws/install/slam_pkg/share/slam_pkg/hook/cmake_prefix_path.dsv'
[2.219s] INFO:colcon.colcon_core.shell:Creating environment hook '/raspberry-pg/ros2_ws/install/slam_pkg/share/slam_pkg/hook/cmake_prefix_path.sh'
[2.220s] Level 1:colcon.colcon_core.environment:checking '/raspberry-pg/ros2_ws/install/slam_pkg/bin'
[2.220s] Level 1:colcon.colcon_core.environment:checking '/raspberry-pg/ros2_ws/install/slam_pkg/lib/pkgconfig/slam_pkg.pc'
[2.220s] Level 1:colcon.colcon_core.environment:checking '/raspberry-pg/ros2_ws/install/slam_pkg/lib/python3.10/site-packages'
[2.221s] Level 1:colcon.colcon_core.environment:checking '/raspberry-pg/ros2_ws/install/slam_pkg/bin'
[2.222s] INFO:colcon.colcon_core.shell:Creating package script '/raspberry-pg/ros2_ws/install/slam_pkg/share/slam_pkg/package.ps1'
[2.223s] INFO:colcon.colcon_core.shell:Creating package descriptor '/raspberry-pg/ros2_ws/install/slam_pkg/share/slam_pkg/package.dsv'
[2.224s] INFO:colcon.colcon_core.shell:Creating package script '/raspberry-pg/ros2_ws/install/slam_pkg/share/slam_pkg/package.sh'
[2.225s] INFO:colcon.colcon_core.shell:Creating package script '/raspberry-pg/ros2_ws/install/slam_pkg/share/slam_pkg/package.bash'
[2.226s] INFO:colcon.colcon_core.shell:Creating package script '/raspberry-pg/ros2_ws/install/slam_pkg/share/slam_pkg/package.zsh'
[2.226s] Level 1:colcon.colcon_core.environment:create_file_with_runtime_dependencies(/raspberry-pg/ros2_ws/install/slam_pkg/share/colcon-core/packages/slam_pkg)
[2.227s] DEBUG:colcon.colcon_parallel_executor.executor.parallel:closing loop
[2.228s] DEBUG:colcon.colcon_parallel_executor.executor.parallel:loop closed
[2.228s] DEBUG:colcon.colcon_parallel_executor.executor.parallel:run_until_complete finished with '0'
[2.228s] DEBUG:colcon.colcon_core.event_reactor:joining thread
[2.238s] INFO:colcon.colcon_core.plugin_system:Skipping extension 'colcon_notification.desktop_notification.notify_send': Could not find 'notify-send'
[2.238s] INFO:colcon.colcon_core.plugin_system:Skipping extension 'colcon_notification.desktop_notification.terminal_notifier': Not used on non-Darwin systems
[2.238s] INFO:colcon.colcon_core.plugin_system:Skipping extension 'colcon_notification.desktop_notification.win32': Not used on non-Windows systems
[2.239s] INFO:colcon.colcon_notification.desktop_notification:Sending desktop notification using 'notify2'
[2.243s] DEBUG:colcon.colcon_notification.desktop_notification.notify2:Failed to initialize notify2: org.freedesktop.DBus.Error.Spawn.ExecFailed: /usr/bin/dbus-launch terminated abnormally without any error message
[2.243s] DEBUG:colcon.colcon_core.event_reactor:joined thread
[2.245s] INFO:colcon.colcon_core.shell:Creating prefix script '/raspberry-pg/ros2_ws/install/local_setup.ps1'
[2.250s] INFO:colcon.colcon_core.shell:Creating prefix util module '/raspberry-pg/ros2_ws/install/_local_setup_util_ps1.py'
[2.255s] INFO:colcon.colcon_core.shell:Creating prefix chain script '/raspberry-pg/ros2_ws/install/setup.ps1'
[2.259s] INFO:colcon.colcon_core.shell:Creating prefix script '/raspberry-pg/ros2_ws/install/local_setup.sh'
[2.261s] INFO:colcon.colcon_core.shell:Creating prefix util module '/raspberry-pg/ros2_ws/install/_local_setup_util_sh.py'
[2.263s] INFO:colcon.colcon_core.shell:Creating prefix chain script '/raspberry-pg/ros2_ws/install/setup.sh'
[2.266s] INFO:colcon.colcon_core.shell:Creating prefix script '/raspberry-pg/ros2_ws/install/local_setup.bash'
[2.268s] INFO:colcon.colcon_core.shell:Creating prefix chain script '/raspberry-pg/ros2_ws/install/setup.bash'
[2.271s] INFO:colcon.colcon_core.shell:Creating prefix script '/raspberry-pg/ros2_ws/install/local_setup.zsh'
[2.272s] INFO:colcon.colcon_core.shell:Creating prefix chain script '/raspberry-pg/ros2_ws/install/setup.zsh'
