[0.000000] (-) TimerEvent: {}
[0.000328] (ldlidar_stl_ros2) JobQueued: {'identifier': 'ldlidar_stl_ros2', 'dependencies': OrderedDict()}
[0.000382] (uart_publisher) JobQueued: {'identifier': 'uart_publisher', 'dependencies': OrderedDict()}
[0.000963] (ldlidar_stl_ros2) JobStarted: {'identifier': 'ldlidar_stl_ros2'}
[0.014068] (uart_publisher) JobStarted: {'identifier': 'uart_publisher'}
[0.023498] (ldlidar_stl_ros2) JobProgress: {'identifier': 'ldlidar_stl_ros2', 'progress': 'cmake'}
[0.024417] (ldlidar_stl_ros2) JobProgress: {'identifier': 'ldlidar_stl_ros2', 'progress': 'build'}
[0.025070] (ldlidar_stl_ros2) Command: {'cmd': ['/usr/bin/cmake', '--build', '/ros2_ws/build/ldlidar_stl_ros2', '--', '-j12', '-l12'], 'cwd': '/ros2_ws/build/ldlidar_stl_ros2', 'env': OrderedDict([('HOSTNAME', 'kamil-laptop'), ('SHLVL', '1'), ('LD_LIBRARY_PATH', '/usr/lib/x86_64-linux-gnu/gazebo-11/plugins:/opt/ros/humble/opt/rviz_ogre_vendor/lib:/opt/ros/humble/lib/x86_64-linux-gnu:/opt/ros/humble/lib'), ('HOME', '/root'), ('ROS_PYTHON_VERSION', '3'), ('REMOTE_CONTAINERS', 'true'), ('ROS_DISTRO', 'humble'), ('COLCON_PREFIX_PATH', '/ros2_ws/install'), ('REMOTE_CONTAINERS_IPC', '/tmp/vscode-remote-containers-ipc-3f723c15-2004-48ae-a6e7-c19de2b3b7db.sock'), ('_', '/usr/bin/cat'), ('ROS_VERSION', '2'), ('TERM', 'xterm'), ('ROS_LOCALHOST_ONLY', '0'), ('PATH', '/opt/ros/humble/bin:/usr/local/sbin:/usr/local/bin:/usr/sbin:/usr/bin:/sbin:/bin'), ('DISPLAY', 'host.docker.internal:0.0'), ('REMOTE_CONTAINERS_SOCKETS', '["/root/.gnupg/S.gpg-agent"]'), ('LANG', 'C.UTF-8'), ('LS_COLORS', ''), ('DEBIAN_FRONTEND', 'noninteractive'), ('AMENT_PREFIX_PATH', '/ros2_ws/install/ldlidar_stl_ros2:/opt/ros/humble'), ('LC_ALL', 'C.UTF-8'), ('PWD', '/ros2_ws/build/ldlidar_stl_ros2'), ('PYTHONPATH', '/opt/ros/humble/lib/python3.10/site-packages:/opt/ros/humble/local/lib/python3.10/dist-packages'), ('COLCON', '1'), ('CMAKE_PREFIX_PATH', '/ros2_ws/install/ldlidar_stl_ros2:/opt/ros/humble')]), 'shell': False}
[0.030239] (uart_publisher) JobProgress: {'identifier': 'uart_publisher', 'progress': 'cmake'}
[0.031137] (uart_publisher) Command: {'cmd': ['/usr/bin/cmake', '/ros2_ws/src/uart_publisher', '-DCATKIN_INSTALL_INTO_PREFIX_ROOT=0', '-DCMAKE_INSTALL_PREFIX=/ros2_ws/install/uart_publisher'], 'cwd': '/ros2_ws/build/uart_publisher', 'env': OrderedDict([('HOSTNAME', 'kamil-laptop'), ('SHLVL', '1'), ('LD_LIBRARY_PATH', '/usr/lib/x86_64-linux-gnu/gazebo-11/plugins:/opt/ros/humble/opt/rviz_ogre_vendor/lib:/opt/ros/humble/lib/x86_64-linux-gnu:/opt/ros/humble/lib'), ('HOME', '/root'), ('ROS_PYTHON_VERSION', '3'), ('REMOTE_CONTAINERS', 'true'), ('ROS_DISTRO', 'humble'), ('COLCON_PREFIX_PATH', '/ros2_ws/install'), ('REMOTE_CONTAINERS_IPC', '/tmp/vscode-remote-containers-ipc-3f723c15-2004-48ae-a6e7-c19de2b3b7db.sock'), ('_', '/usr/bin/cat'), ('ROS_VERSION', '2'), ('TERM', 'xterm'), ('ROS_LOCALHOST_ONLY', '0'), ('PATH', '/opt/ros/humble/bin:/usr/local/sbin:/usr/local/bin:/usr/sbin:/usr/bin:/sbin:/bin'), ('DISPLAY', 'host.docker.internal:0.0'), ('REMOTE_CONTAINERS_SOCKETS', '["/root/.gnupg/S.gpg-agent"]'), ('LANG', 'C.UTF-8'), ('LS_COLORS', ''), ('DEBIAN_FRONTEND', 'noninteractive'), ('AMENT_PREFIX_PATH', '/ros2_ws/install/ldlidar_stl_ros2:/opt/ros/humble'), ('LC_ALL', 'C.UTF-8'), ('PWD', '/ros2_ws/build/uart_publisher'), ('PYTHONPATH', '/opt/ros/humble/lib/python3.10/site-packages:/opt/ros/humble/local/lib/python3.10/dist-packages'), ('COLCON', '1'), ('CMAKE_PREFIX_PATH', '/ros2_ws/install/ldlidar_stl_ros2')]), 'shell': False}
[0.061448] (uart_publisher) StdoutLine: {'line': b'-- Found ament_cmake: 1.3.11 (/opt/ros/humble/share/ament_cmake/cmake)\n'}
[0.100718] (-) TimerEvent: {}
[0.124315] (ldlidar_stl_ros2) StdoutLine: {'line': b'\x1b[35m\x1b[1mConsolidate compiler generated dependencies of target ldlidar_stl_ros2_node\x1b[0m\n'}
[0.158957] (ldlidar_stl_ros2) StdoutLine: {'line': b'[100%] Built target ldlidar_stl_ros2_node\n'}
[0.174257] (ldlidar_stl_ros2) CommandEnded: {'returncode': 0}
[0.175390] (ldlidar_stl_ros2) JobProgress: {'identifier': 'ldlidar_stl_ros2', 'progress': 'install'}
[0.192341] (ldlidar_stl_ros2) Command: {'cmd': ['/usr/bin/cmake', '--install', '/ros2_ws/build/ldlidar_stl_ros2'], 'cwd': '/ros2_ws/build/ldlidar_stl_ros2', 'env': OrderedDict([('HOSTNAME', 'kamil-laptop'), ('SHLVL', '1'), ('LD_LIBRARY_PATH', '/usr/lib/x86_64-linux-gnu/gazebo-11/plugins:/opt/ros/humble/opt/rviz_ogre_vendor/lib:/opt/ros/humble/lib/x86_64-linux-gnu:/opt/ros/humble/lib'), ('HOME', '/root'), ('ROS_PYTHON_VERSION', '3'), ('REMOTE_CONTAINERS', 'true'), ('ROS_DISTRO', 'humble'), ('COLCON_PREFIX_PATH', '/ros2_ws/install'), ('REMOTE_CONTAINERS_IPC', '/tmp/vscode-remote-containers-ipc-3f723c15-2004-48ae-a6e7-c19de2b3b7db.sock'), ('_', '/usr/bin/cat'), ('ROS_VERSION', '2'), ('TERM', 'xterm'), ('ROS_LOCALHOST_ONLY', '0'), ('PATH', '/opt/ros/humble/bin:/usr/local/sbin:/usr/local/bin:/usr/sbin:/usr/bin:/sbin:/bin'), ('DISPLAY', 'host.docker.internal:0.0'), ('REMOTE_CONTAINERS_SOCKETS', '["/root/.gnupg/S.gpg-agent"]'), ('LANG', 'C.UTF-8'), ('LS_COLORS', ''), ('DEBIAN_FRONTEND', 'noninteractive'), ('AMENT_PREFIX_PATH', '/ros2_ws/install/ldlidar_stl_ros2:/opt/ros/humble'), ('LC_ALL', 'C.UTF-8'), ('PWD', '/ros2_ws/build/ldlidar_stl_ros2'), ('PYTHONPATH', '/opt/ros/humble/lib/python3.10/site-packages:/opt/ros/humble/local/lib/python3.10/dist-packages'), ('COLCON', '1'), ('CMAKE_PREFIX_PATH', '/ros2_ws/install/ldlidar_stl_ros2:/opt/ros/humble')]), 'shell': False}
[0.205645] (ldlidar_stl_ros2) StdoutLine: {'line': b'-- Install configuration: ""\n'}
[0.205899] (-) TimerEvent: {}
[0.206068] (ldlidar_stl_ros2) StdoutLine: {'line': b'-- Up-to-date: /ros2_ws/install/ldlidar_stl_ros2/lib/ldlidar_stl_ros2/ldlidar_stl_ros2_node\n'}
[0.206185] (ldlidar_stl_ros2) StdoutLine: {'line': b'-- Up-to-date: /ros2_ws/install/ldlidar_stl_ros2/share/ldlidar_stl_ros2//launch\n'}
[0.206274] (ldlidar_stl_ros2) StdoutLine: {'line': b'-- Up-to-date: /ros2_ws/install/ldlidar_stl_ros2/share/ldlidar_stl_ros2//launch/viewer_stl27l.launch.py\n'}
[0.206356] (ldlidar_stl_ros2) StdoutLine: {'line': b'-- Up-to-date: /ros2_ws/install/ldlidar_stl_ros2/share/ldlidar_stl_ros2//launch/viewer_ld19.launch.py\n'}
[0.206429] (ldlidar_stl_ros2) StdoutLine: {'line': b'-- Up-to-date: /ros2_ws/install/ldlidar_stl_ros2/share/ldlidar_stl_ros2//launch/viewer_ld06.launch.py\n'}
[0.206495] (ldlidar_stl_ros2) StdoutLine: {'line': b'-- Up-to-date: /ros2_ws/install/ldlidar_stl_ros2/share/ldlidar_stl_ros2//launch/stl27l.launch.py\n'}
[0.206563] (ldlidar_stl_ros2) StdoutLine: {'line': b'-- Up-to-date: /ros2_ws/install/ldlidar_stl_ros2/share/ldlidar_stl_ros2//launch/ld06.launch.py\n'}
[0.206630] (ldlidar_stl_ros2) StdoutLine: {'line': b'-- Up-to-date: /ros2_ws/install/ldlidar_stl_ros2/share/ldlidar_stl_ros2//launch/ld19.launch.py\n'}
[0.206694] (ldlidar_stl_ros2) StdoutLine: {'line': b'-- Up-to-date: /ros2_ws/install/ldlidar_stl_ros2/share/ldlidar_stl_ros2//rviz2\n'}
[0.206925] (ldlidar_stl_ros2) StdoutLine: {'line': b'-- Up-to-date: /ros2_ws/install/ldlidar_stl_ros2/share/ldlidar_stl_ros2//rviz2/ldlidar.rviz\n'}
[0.207037] (ldlidar_stl_ros2) StdoutLine: {'line': b'-- Up-to-date: /ros2_ws/install/ldlidar_stl_ros2/share/ament_index/resource_index/package_run_dependencies/ldlidar_stl_ros2\n'}
[0.207122] (ldlidar_stl_ros2) StdoutLine: {'line': b'-- Up-to-date: /ros2_ws/install/ldlidar_stl_ros2/share/ament_index/resource_index/parent_prefix_path/ldlidar_stl_ros2\n'}
[0.207198] (ldlidar_stl_ros2) StdoutLine: {'line': b'-- Up-to-date: /ros2_ws/install/ldlidar_stl_ros2/share/ldlidar_stl_ros2/environment/ament_prefix_path.sh\n'}
[0.207270] (ldlidar_stl_ros2) StdoutLine: {'line': b'-- Up-to-date: /ros2_ws/install/ldlidar_stl_ros2/share/ldlidar_stl_ros2/environment/ament_prefix_path.dsv\n'}
[0.207343] (ldlidar_stl_ros2) StdoutLine: {'line': b'-- Up-to-date: /ros2_ws/install/ldlidar_stl_ros2/share/ldlidar_stl_ros2/environment/path.sh\n'}
[0.207417] (ldlidar_stl_ros2) StdoutLine: {'line': b'-- Up-to-date: /ros2_ws/install/ldlidar_stl_ros2/share/ldlidar_stl_ros2/environment/path.dsv\n'}
[0.207492] (ldlidar_stl_ros2) StdoutLine: {'line': b'-- Up-to-date: /ros2_ws/install/ldlidar_stl_ros2/share/ldlidar_stl_ros2/local_setup.bash\n'}
[0.207579] (ldlidar_stl_ros2) StdoutLine: {'line': b'-- Up-to-date: /ros2_ws/install/ldlidar_stl_ros2/share/ldlidar_stl_ros2/local_setup.sh\n'}
[0.207651] (ldlidar_stl_ros2) StdoutLine: {'line': b'-- Up-to-date: /ros2_ws/install/ldlidar_stl_ros2/share/ldlidar_stl_ros2/local_setup.zsh\n'}
[0.207722] (ldlidar_stl_ros2) StdoutLine: {'line': b'-- Up-to-date: /ros2_ws/install/ldlidar_stl_ros2/share/ldlidar_stl_ros2/local_setup.dsv\n'}
[0.207791] (ldlidar_stl_ros2) StdoutLine: {'line': b'-- Installing: /ros2_ws/install/ldlidar_stl_ros2/share/ldlidar_stl_ros2/package.dsv\n'}
[0.207873] (ldlidar_stl_ros2) StdoutLine: {'line': b'-- Up-to-date: /ros2_ws/install/ldlidar_stl_ros2/share/ament_index/resource_index/packages/ldlidar_stl_ros2\n'}
[0.207945] (ldlidar_stl_ros2) StdoutLine: {'line': b'-- Up-to-date: /ros2_ws/install/ldlidar_stl_ros2/share/ldlidar_stl_ros2/cmake/ldlidar_stl_ros2Config.cmake\n'}
[0.208012] (ldlidar_stl_ros2) StdoutLine: {'line': b'-- Up-to-date: /ros2_ws/install/ldlidar_stl_ros2/share/ldlidar_stl_ros2/cmake/ldlidar_stl_ros2Config-version.cmake\n'}
[0.208082] (ldlidar_stl_ros2) StdoutLine: {'line': b'-- Up-to-date: /ros2_ws/install/ldlidar_stl_ros2/share/ldlidar_stl_ros2/package.xml\n'}
[0.211703] (ldlidar_stl_ros2) CommandEnded: {'returncode': 0}
[0.247633] (ldlidar_stl_ros2) JobEnded: {'identifier': 'ldlidar_stl_ros2', 'rc': 0}
[0.289029] (uart_publisher) StdoutLine: {'line': b'-- Found Python3: /usr/bin/python3 (found version "3.10.12") found components: Interpreter \n'}
[0.306020] (-) TimerEvent: {}
[0.406374] (-) TimerEvent: {}
[0.431867] (uart_publisher) StdoutLine: {'line': b'-- Found rclcpp: 16.0.12 (/opt/ros/humble/share/rclcpp/cmake)\n'}
[0.506598] (-) TimerEvent: {}
[0.507326] (uart_publisher) StdoutLine: {'line': b'-- Found rosidl_generator_c: 3.1.6 (/opt/ros/humble/share/rosidl_generator_c/cmake)\n'}
[0.518083] (uart_publisher) StdoutLine: {'line': b'-- Found rosidl_adapter: 3.1.6 (/opt/ros/humble/share/rosidl_adapter/cmake)\n'}
[0.535363] (uart_publisher) StdoutLine: {'line': b'-- Found rosidl_generator_cpp: 3.1.6 (/opt/ros/humble/share/rosidl_generator_cpp/cmake)\n'}
[0.558313] (uart_publisher) StdoutLine: {'line': b'-- Using all available rosidl_typesupport_c: rosidl_typesupport_fastrtps_c;rosidl_typesupport_introspection_c\n'}
[0.587873] (uart_publisher) StdoutLine: {'line': b'-- Using all available rosidl_typesupport_cpp: rosidl_typesupport_fastrtps_cpp;rosidl_typesupport_introspection_cpp\n'}
[0.606758] (-) TimerEvent: {}
[0.657953] (uart_publisher) StdoutLine: {'line': b'-- Found rmw_implementation_cmake: 6.1.2 (/opt/ros/humble/share/rmw_implementation_cmake/cmake)\n'}
[0.660593] (uart_publisher) StdoutLine: {'line': b'-- Found rmw_fastrtps_cpp: 6.2.7 (/opt/ros/humble/share/rmw_fastrtps_cpp/cmake)\n'}
[0.706867] (-) TimerEvent: {}
[0.757727] (uart_publisher) StdoutLine: {'line': b'-- Found OpenSSL: /usr/lib/x86_64-linux-gnu/libcrypto.so (found version "3.0.2")  \n'}
[0.789733] (uart_publisher) StdoutLine: {'line': b'-- Found FastRTPS: /opt/ros/humble/include  \n'}
[0.807017] (-) TimerEvent: {}
[0.836609] (uart_publisher) StdoutLine: {'line': b"-- Using RMW implementation 'rmw_fastrtps_cpp' as default\n"}
[0.852138] (uart_publisher) StdoutLine: {'line': b'-- Looking for pthread.h\n'}
[0.907148] (-) TimerEvent: {}
[0.954030] (uart_publisher) StdoutLine: {'line': b'-- Looking for pthread.h - found\n'}
[0.954380] (uart_publisher) StdoutLine: {'line': b'-- Performing Test CMAKE_HAVE_LIBC_PTHREAD\n'}
[1.007253] (-) TimerEvent: {}
[1.055227] (uart_publisher) StdoutLine: {'line': b'-- Performing Test CMAKE_HAVE_LIBC_PTHREAD - Success\n'}
[1.057735] (uart_publisher) StdoutLine: {'line': b'-- Found Threads: TRUE  \n'}
[1.107374] (-) TimerEvent: {}
[1.157633] (uart_publisher) StdoutLine: {'line': b'-- Found geometry_msgs: 4.8.0 (/opt/ros/humble/share/geometry_msgs/cmake)\n'}
[1.207496] (-) TimerEvent: {}
[1.289188] (uart_publisher) StdoutLine: {'line': b'-- Configuring done\n'}
[1.302107] (uart_publisher) StdoutLine: {'line': b'-- Generating done\n'}
[1.303778] (uart_publisher) StderrLine: {'line': b'\x1b[33mCMake Warning:\n'}
[1.304088] (uart_publisher) StderrLine: {'line': b'  Manually-specified variables were not used by the project:\n'}
[1.304213] (uart_publisher) StderrLine: {'line': b'\n'}
[1.304294] (uart_publisher) StderrLine: {'line': b'    CATKIN_INSTALL_INTO_PREFIX_ROOT\n'}
[1.304376] (uart_publisher) StderrLine: {'line': b'\n'}
[1.304447] (uart_publisher) StderrLine: {'line': b'\x1b[0m\n'}
[1.307632] (-) TimerEvent: {}
[1.308101] (uart_publisher) StdoutLine: {'line': b'-- Build files have been written to: /ros2_ws/build/uart_publisher\n'}
[1.321031] (uart_publisher) CommandEnded: {'returncode': 0}
[1.321607] (uart_publisher) JobProgress: {'identifier': 'uart_publisher', 'progress': 'build'}
[1.321651] (uart_publisher) Command: {'cmd': ['/usr/bin/cmake', '--build', '/ros2_ws/build/uart_publisher', '--', '-j12', '-l12'], 'cwd': '/ros2_ws/build/uart_publisher', 'env': OrderedDict([('HOSTNAME', 'kamil-laptop'), ('SHLVL', '1'), ('LD_LIBRARY_PATH', '/usr/lib/x86_64-linux-gnu/gazebo-11/plugins:/opt/ros/humble/opt/rviz_ogre_vendor/lib:/opt/ros/humble/lib/x86_64-linux-gnu:/opt/ros/humble/lib'), ('HOME', '/root'), ('ROS_PYTHON_VERSION', '3'), ('REMOTE_CONTAINERS', 'true'), ('ROS_DISTRO', 'humble'), ('COLCON_PREFIX_PATH', '/ros2_ws/install'), ('REMOTE_CONTAINERS_IPC', '/tmp/vscode-remote-containers-ipc-3f723c15-2004-48ae-a6e7-c19de2b3b7db.sock'), ('_', '/usr/bin/cat'), ('ROS_VERSION', '2'), ('TERM', 'xterm'), ('ROS_LOCALHOST_ONLY', '0'), ('PATH', '/opt/ros/humble/bin:/usr/local/sbin:/usr/local/bin:/usr/sbin:/usr/bin:/sbin:/bin'), ('DISPLAY', 'host.docker.internal:0.0'), ('REMOTE_CONTAINERS_SOCKETS', '["/root/.gnupg/S.gpg-agent"]'), ('LANG', 'C.UTF-8'), ('LS_COLORS', ''), ('DEBIAN_FRONTEND', 'noninteractive'), ('AMENT_PREFIX_PATH', '/ros2_ws/install/ldlidar_stl_ros2:/opt/ros/humble'), ('LC_ALL', 'C.UTF-8'), ('PWD', '/ros2_ws/build/uart_publisher'), ('PYTHONPATH', '/opt/ros/humble/lib/python3.10/site-packages:/opt/ros/humble/local/lib/python3.10/dist-packages'), ('COLCON', '1'), ('CMAKE_PREFIX_PATH', '/ros2_ws/install/ldlidar_stl_ros2')]), 'shell': False}
[1.384343] (uart_publisher) StdoutLine: {'line': b'[ 50%] \x1b[32mBuilding CXX object CMakeFiles/uart_publisher.dir/src/uart_publisher.cpp.o\x1b[0m\n'}
[1.407784] (-) TimerEvent: {}
[1.508313] (-) TimerEvent: {}
[1.608953] (-) TimerEvent: {}
[1.709349] (-) TimerEvent: {}
[1.809843] (-) TimerEvent: {}
[1.910211] (-) TimerEvent: {}
[2.010639] (-) TimerEvent: {}
[2.111111] (-) TimerEvent: {}
[2.211448] (-) TimerEvent: {}
[2.311740] (-) TimerEvent: {}
[2.412077] (-) TimerEvent: {}
[2.512419] (-) TimerEvent: {}
[2.612782] (-) TimerEvent: {}
[2.713153] (-) TimerEvent: {}
[2.813513] (-) TimerEvent: {}
[2.913839] (-) TimerEvent: {}
[3.014175] (-) TimerEvent: {}
[3.114500] (-) TimerEvent: {}
[3.214909] (-) TimerEvent: {}
[3.315254] (-) TimerEvent: {}
[3.415584] (-) TimerEvent: {}
[3.515933] (-) TimerEvent: {}
[3.616496] (-) TimerEvent: {}
[3.717051] (-) TimerEvent: {}
[3.817454] (-) TimerEvent: {}
[3.917855] (-) TimerEvent: {}
[4.018228] (-) TimerEvent: {}
[4.118616] (-) TimerEvent: {}
[4.219027] (-) TimerEvent: {}
[4.319497] (-) TimerEvent: {}
[4.419798] (-) TimerEvent: {}
[4.520140] (-) TimerEvent: {}
[4.620513] (-) TimerEvent: {}
[4.720844] (-) TimerEvent: {}
[4.821147] (-) TimerEvent: {}
[4.921599] (-) TimerEvent: {}
[5.022255] (-) TimerEvent: {}
[5.122592] (-) TimerEvent: {}
[5.223094] (-) TimerEvent: {}
[5.323573] (-) TimerEvent: {}
[5.424075] (-) TimerEvent: {}
[5.524432] (-) TimerEvent: {}
[5.624766] (-) TimerEvent: {}
[5.725080] (-) TimerEvent: {}
[5.825456] (-) TimerEvent: {}
[5.925873] (-) TimerEvent: {}
[6.026198] (-) TimerEvent: {}
[6.126577] (-) TimerEvent: {}
[6.226875] (-) TimerEvent: {}
[6.327211] (-) TimerEvent: {}
[6.427618] (-) TimerEvent: {}
[6.527887] (-) TimerEvent: {}
[6.628283] (-) TimerEvent: {}
[6.728597] (-) TimerEvent: {}
[6.828886] (-) TimerEvent: {}
[6.929334] (-) TimerEvent: {}
[7.029732] (-) TimerEvent: {}
[7.130150] (-) TimerEvent: {}
[7.230538] (-) TimerEvent: {}
[7.330895] (-) TimerEvent: {}
[7.431158] (-) TimerEvent: {}
[7.531512] (-) TimerEvent: {}
[7.631842] (-) TimerEvent: {}
[7.732167] (-) TimerEvent: {}
[7.832505] (-) TimerEvent: {}
[7.932867] (-) TimerEvent: {}
[8.033258] (-) TimerEvent: {}
[8.133563] (-) TimerEvent: {}
[8.233897] (-) TimerEvent: {}
[8.334259] (-) TimerEvent: {}
[8.421554] (uart_publisher) StdoutLine: {'line': b'[100%] \x1b[32m\x1b[1mLinking CXX executable uart_publisher\x1b[0m\n'}
[8.434376] (-) TimerEvent: {}
[8.534646] (-) TimerEvent: {}
[8.635012] (-) TimerEvent: {}
[8.735410] (-) TimerEvent: {}
[8.747228] (uart_publisher) StdoutLine: {'line': b'[100%] Built target uart_publisher\n'}
[8.758095] (uart_publisher) CommandEnded: {'returncode': 0}
[8.759231] (uart_publisher) JobProgress: {'identifier': 'uart_publisher', 'progress': 'install'}
[8.759488] (uart_publisher) Command: {'cmd': ['/usr/bin/cmake', '--install', '/ros2_ws/build/uart_publisher'], 'cwd': '/ros2_ws/build/uart_publisher', 'env': OrderedDict([('HOSTNAME', 'kamil-laptop'), ('SHLVL', '1'), ('LD_LIBRARY_PATH', '/usr/lib/x86_64-linux-gnu/gazebo-11/plugins:/opt/ros/humble/opt/rviz_ogre_vendor/lib:/opt/ros/humble/lib/x86_64-linux-gnu:/opt/ros/humble/lib'), ('HOME', '/root'), ('ROS_PYTHON_VERSION', '3'), ('REMOTE_CONTAINERS', 'true'), ('ROS_DISTRO', 'humble'), ('COLCON_PREFIX_PATH', '/ros2_ws/install'), ('REMOTE_CONTAINERS_IPC', '/tmp/vscode-remote-containers-ipc-3f723c15-2004-48ae-a6e7-c19de2b3b7db.sock'), ('_', '/usr/bin/cat'), ('ROS_VERSION', '2'), ('TERM', 'xterm'), ('ROS_LOCALHOST_ONLY', '0'), ('PATH', '/opt/ros/humble/bin:/usr/local/sbin:/usr/local/bin:/usr/sbin:/usr/bin:/sbin:/bin'), ('DISPLAY', 'host.docker.internal:0.0'), ('REMOTE_CONTAINERS_SOCKETS', '["/root/.gnupg/S.gpg-agent"]'), ('LANG', 'C.UTF-8'), ('LS_COLORS', ''), ('DEBIAN_FRONTEND', 'noninteractive'), ('AMENT_PREFIX_PATH', '/ros2_ws/install/ldlidar_stl_ros2:/opt/ros/humble'), ('LC_ALL', 'C.UTF-8'), ('PWD', '/ros2_ws/build/uart_publisher'), ('PYTHONPATH', '/opt/ros/humble/lib/python3.10/site-packages:/opt/ros/humble/local/lib/python3.10/dist-packages'), ('COLCON', '1'), ('CMAKE_PREFIX_PATH', '/ros2_ws/install/ldlidar_stl_ros2')]), 'shell': False}
[8.769674] (uart_publisher) StdoutLine: {'line': b'-- Install configuration: ""\n'}
[8.769921] (uart_publisher) StdoutLine: {'line': b'-- Installing: /ros2_ws/install/uart_publisher/lib/uart_publisher/uart_publisher\n'}
[8.772272] (uart_publisher) StdoutLine: {'line': b'-- Set runtime path of "/ros2_ws/install/uart_publisher/lib/uart_publisher/uart_publisher" to ""\n'}
[8.772537] (uart_publisher) StdoutLine: {'line': b'-- Installing: /ros2_ws/install/uart_publisher/share/ament_index/resource_index/package_run_dependencies/uart_publisher\n'}
[8.772700] (uart_publisher) StdoutLine: {'line': b'-- Installing: /ros2_ws/install/uart_publisher/share/ament_index/resource_index/parent_prefix_path/uart_publisher\n'}
[8.772856] (uart_publisher) StdoutLine: {'line': b'-- Installing: /ros2_ws/install/uart_publisher/share/uart_publisher/environment/ament_prefix_path.sh\n'}
[8.772983] (uart_publisher) StdoutLine: {'line': b'-- Installing: /ros2_ws/install/uart_publisher/share/uart_publisher/environment/ament_prefix_path.dsv\n'}
[8.773110] (uart_publisher) StdoutLine: {'line': b'-- Installing: /ros2_ws/install/uart_publisher/share/uart_publisher/environment/path.sh\n'}
[8.773216] (uart_publisher) StdoutLine: {'line': b'-- Installing: /ros2_ws/install/uart_publisher/share/uart_publisher/environment/path.dsv\n'}
[8.773305] (uart_publisher) StdoutLine: {'line': b'-- Installing: /ros2_ws/install/uart_publisher/share/uart_publisher/local_setup.bash\n'}
[8.773396] (uart_publisher) StdoutLine: {'line': b'-- Installing: /ros2_ws/install/uart_publisher/share/uart_publisher/local_setup.sh\n'}
[8.773515] (uart_publisher) StdoutLine: {'line': b'-- Installing: /ros2_ws/install/uart_publisher/share/uart_publisher/local_setup.zsh\n'}
[8.773600] (uart_publisher) StdoutLine: {'line': b'-- Installing: /ros2_ws/install/uart_publisher/share/uart_publisher/local_setup.dsv\n'}
[8.773684] (uart_publisher) StdoutLine: {'line': b'-- Installing: /ros2_ws/install/uart_publisher/share/uart_publisher/package.dsv\n'}
[8.773786] (uart_publisher) StdoutLine: {'line': b'-- Installing: /ros2_ws/install/uart_publisher/share/ament_index/resource_index/packages/uart_publisher\n'}
[8.773895] (uart_publisher) StdoutLine: {'line': b'-- Installing: /ros2_ws/install/uart_publisher/share/uart_publisher/cmake/uart_publisherConfig.cmake\n'}
[8.773988] (uart_publisher) StdoutLine: {'line': b'-- Installing: /ros2_ws/install/uart_publisher/share/uart_publisher/cmake/uart_publisherConfig-version.cmake\n'}
[8.774076] (uart_publisher) StdoutLine: {'line': b'-- Installing: /ros2_ws/install/uart_publisher/share/uart_publisher/package.xml\n'}
[8.775418] (uart_publisher) CommandEnded: {'returncode': 0}
[8.789944] (uart_publisher) JobEnded: {'identifier': 'uart_publisher', 'rc': 0}
[8.790660] (-) EventReactorShutdown: {}
