[0.132s] DEBUG:colcon:Command line arguments: ['/usr/bin/colcon', 'list', '-p', '--base-paths', '/ros2_ws']
[0.132s] DEBUG:colcon:Parsed command line arguments: Namespace(log_base=None, log_level=None, verb_name='list', build_base='build', ignore_user_meta=False, metas=['./colcon.meta'], base_paths=['/ros2_ws'], packages_ignore=None, packages_ignore_regex=None, paths=None, packages_up_to=None, packages_up_to_regex=None, packages_above=None, packages_above_and_dependencies=None, packages_above_depth=None, packages_select_by_dep=None, packages_skip_by_dep=None, packages_skip_up_to=None, packages_select_build_failed=False, packages_skip_build_finished=False, packages_select_test_failures=False, packages_skip_test_passed=False, packages_select=None, packages_skip=None, packages_select_regex=None, packages_skip_regex=None, packages_start=None, packages_end=None, topological_order=False, names_only=False, paths_only=True, topological_graph=False, topological_graph_dot=False, topological_graph_density=False, topological_graph_legend=False, topological_graph_dot_cluster=False, topological_graph_dot_include_skipped=False, mixin_files=None, mixin=None, verb_parser=<colcon_mixin.mixin.mixin_argument.MixinArgumentDecorator object at 0x769ebdd93490>, verb_extension=<colcon_package_information.verb.list.ListVerb object at 0x769ebdd92230>, main=<bound method ListVerb.main of <colcon_package_information.verb.list.ListVerb object at 0x769ebdd92230>>, mixin_verb=('list',))
[0.293s] Level 1:colcon.colcon_core.package_discovery:discover_packages(colcon_meta) check parameters
[0.294s] INFO:colcon.colcon_metadata.package_discovery.colcon_meta:Using configuration from '/root/.colcon/metadata/default/Gazebo.meta'
[0.295s] INFO:colcon.colcon_metadata.package_discovery.colcon_meta:Using configuration from '/root/.colcon/metadata/default/fastrtps.meta'
[0.295s] Level 1:colcon.colcon_core.package_discovery:discover_packages(recursive) check parameters
[0.295s] Level 1:colcon.colcon_core.package_discovery:discover_packages(ignore) check parameters
[0.295s] Level 1:colcon.colcon_core.package_discovery:discover_packages(path) check parameters
[0.295s] Level 1:colcon.colcon_core.package_discovery:discover_packages(recursive) discover
[0.295s] INFO:colcon.colcon_core.package_discovery:Crawling recursively for packages in '/ros2_ws'
[0.295s] Level 1:colcon.colcon_core.package_identification:_identify(/ros2_ws) by extensions ['ignore', 'ignore_ament_install']
[0.295s] Level 1:colcon.colcon_core.package_identification:_identify(/ros2_ws) by extension 'ignore'
[0.295s] Level 1:colcon.colcon_core.package_identification:_identify(/ros2_ws) by extension 'ignore_ament_install'
[0.295s] Level 1:colcon.colcon_core.package_identification:_identify(/ros2_ws) by extensions ['colcon_pkg']
[0.295s] Level 1:colcon.colcon_core.package_identification:_identify(/ros2_ws) by extension 'colcon_pkg'
[0.296s] Level 1:colcon.colcon_core.package_identification:_identify(/ros2_ws) by extensions ['colcon_meta']
[0.296s] Level 1:colcon.colcon_core.package_identification:_identify(/ros2_ws) by extension 'colcon_meta'
[0.296s] Level 1:colcon.colcon_core.package_identification:_identify(/ros2_ws) by extensions ['ros']
[0.296s] Level 1:colcon.colcon_core.package_identification:_identify(/ros2_ws) by extension 'ros'
[0.310s] Level 1:colcon.colcon_core.package_identification:_identify(/ros2_ws) by extensions ['cmake', 'python']
[0.310s] Level 1:colcon.colcon_core.package_identification:_identify(/ros2_ws) by extension 'cmake'
[0.310s] Level 1:colcon.colcon_core.package_identification:_identify(/ros2_ws) by extension 'python'
[0.310s] Level 1:colcon.colcon_core.package_identification:_identify(/ros2_ws) by extensions ['python_setup_py']
[0.310s] Level 1:colcon.colcon_core.package_identification:_identify(/ros2_ws) by extension 'python_setup_py'
[0.310s] Level 1:colcon.colcon_core.package_identification:_identify(/ros2_ws/build) by extensions ['ignore', 'ignore_ament_install']
[0.310s] Level 1:colcon.colcon_core.package_identification:_identify(/ros2_ws/build) by extension 'ignore'
[0.310s] Level 1:colcon.colcon_core.package_identification:_identify(/ros2_ws/build) ignored
[0.310s] Level 1:colcon.colcon_core.package_identification:_identify(/ros2_ws/install) by extensions ['ignore', 'ignore_ament_install']
[0.310s] Level 1:colcon.colcon_core.package_identification:_identify(/ros2_ws/install) by extension 'ignore'
[0.310s] Level 1:colcon.colcon_core.package_identification:_identify(/ros2_ws/install) ignored
[0.311s] Level 1:colcon.colcon_core.package_identification:_identify(/ros2_ws/log) by extensions ['ignore', 'ignore_ament_install']
[0.311s] Level 1:colcon.colcon_core.package_identification:_identify(/ros2_ws/log) by extension 'ignore'
[0.311s] Level 1:colcon.colcon_core.package_identification:_identify(/ros2_ws/log) ignored
[0.311s] Level 1:colcon.colcon_core.package_identification:_identify(/ros2_ws/src) by extensions ['ignore', 'ignore_ament_install']
[0.311s] Level 1:colcon.colcon_core.package_identification:_identify(/ros2_ws/src) by extension 'ignore'
[0.311s] Level 1:colcon.colcon_core.package_identification:_identify(/ros2_ws/src) by extension 'ignore_ament_install'
[0.311s] Level 1:colcon.colcon_core.package_identification:_identify(/ros2_ws/src) by extensions ['colcon_pkg']
[0.311s] Level 1:colcon.colcon_core.package_identification:_identify(/ros2_ws/src) by extension 'colcon_pkg'
[0.311s] Level 1:colcon.colcon_core.package_identification:_identify(/ros2_ws/src) by extensions ['colcon_meta']
[0.311s] Level 1:colcon.colcon_core.package_identification:_identify(/ros2_ws/src) by extension 'colcon_meta'
[0.311s] Level 1:colcon.colcon_core.package_identification:_identify(/ros2_ws/src) by extensions ['ros']
[0.311s] Level 1:colcon.colcon_core.package_identification:_identify(/ros2_ws/src) by extension 'ros'
[0.311s] Level 1:colcon.colcon_core.package_identification:_identify(/ros2_ws/src) by extensions ['cmake', 'python']
[0.311s] Level 1:colcon.colcon_core.package_identification:_identify(/ros2_ws/src) by extension 'cmake'
[0.311s] Level 1:colcon.colcon_core.package_identification:_identify(/ros2_ws/src) by extension 'python'
[0.311s] Level 1:colcon.colcon_core.package_identification:_identify(/ros2_ws/src) by extensions ['python_setup_py']
[0.311s] Level 1:colcon.colcon_core.package_identification:_identify(/ros2_ws/src) by extension 'python_setup_py'
[0.311s] Level 1:colcon.colcon_core.package_identification:_identify(/ros2_ws/src/ldlidar_stl_ros2) by extensions ['ignore', 'ignore_ament_install']
[0.312s] Level 1:colcon.colcon_core.package_identification:_identify(/ros2_ws/src/ldlidar_stl_ros2) by extension 'ignore'
[0.312s] Level 1:colcon.colcon_core.package_identification:_identify(/ros2_ws/src/ldlidar_stl_ros2) by extension 'ignore_ament_install'
[0.312s] Level 1:colcon.colcon_core.package_identification:_identify(/ros2_ws/src/ldlidar_stl_ros2) by extensions ['colcon_pkg']
[0.312s] Level 1:colcon.colcon_core.package_identification:_identify(/ros2_ws/src/ldlidar_stl_ros2) by extension 'colcon_pkg'
[0.312s] Level 1:colcon.colcon_core.package_identification:_identify(/ros2_ws/src/ldlidar_stl_ros2) by extensions ['colcon_meta']
[0.312s] Level 1:colcon.colcon_core.package_identification:_identify(/ros2_ws/src/ldlidar_stl_ros2) by extension 'colcon_meta'
[0.312s] Level 1:colcon.colcon_core.package_identification:_identify(/ros2_ws/src/ldlidar_stl_ros2) by extensions ['ros']
[0.312s] Level 1:colcon.colcon_core.package_identification:_identify(/ros2_ws/src/ldlidar_stl_ros2) by extension 'ros'
[0.316s] DEBUG:colcon.colcon_core.package_identification:Package '/ros2_ws/src/ldlidar_stl_ros2' with type 'ros.ament_cmake' and name 'ldlidar_stl_ros2'
[0.316s] Level 1:colcon.colcon_core.package_identification:_identify(/ros2_ws/src/uart_publisher) by extensions ['ignore', 'ignore_ament_install']
[0.316s] Level 1:colcon.colcon_core.package_identification:_identify(/ros2_ws/src/uart_publisher) by extension 'ignore'
[0.316s] Level 1:colcon.colcon_core.package_identification:_identify(/ros2_ws/src/uart_publisher) by extension 'ignore_ament_install'
[0.316s] Level 1:colcon.colcon_core.package_identification:_identify(/ros2_ws/src/uart_publisher) by extensions ['colcon_pkg']
[0.316s] Level 1:colcon.colcon_core.package_identification:_identify(/ros2_ws/src/uart_publisher) by extension 'colcon_pkg'
[0.316s] Level 1:colcon.colcon_core.package_identification:_identify(/ros2_ws/src/uart_publisher) by extensions ['colcon_meta']
[0.316s] Level 1:colcon.colcon_core.package_identification:_identify(/ros2_ws/src/uart_publisher) by extension 'colcon_meta'
[0.316s] Level 1:colcon.colcon_core.package_identification:_identify(/ros2_ws/src/uart_publisher) by extensions ['ros']
[0.316s] Level 1:colcon.colcon_core.package_identification:_identify(/ros2_ws/src/uart_publisher) by extension 'ros'
[0.317s] DEBUG:colcon.colcon_core.package_identification:Failed to parse potential ROS package manifest in'/ros2_ws/src/uart_publisher': Error(s) in package '/ros2_ws/src/uart_publisher/package.xml':
The manifest contains invalid XML:
no element found: line 1, column 0
[0.317s] Level 1:colcon.colcon_core.package_identification:_identify(/ros2_ws/src/uart_publisher) by extensions ['cmake', 'python']
[0.317s] Level 1:colcon.colcon_core.package_identification:_identify(/ros2_ws/src/uart_publisher) by extension 'cmake'
[0.318s] Level 1:colcon.colcon_core.package_identification:_identify(/ros2_ws/src/uart_publisher) by extension 'python'
[0.318s] DEBUG:colcon.colcon_core.package_identification:Package '/ros2_ws/src/uart_publisher' with type 'cmake' and name 'uart_publisher'
[0.318s] Level 1:colcon.colcon_core.package_discovery:discover_packages(recursive) using defaults
