[0.388s] Invoking command in '/ros2_ws/ros2_ws/src/my_robot': PYTHONPATH=/ros2_ws/ros2_ws/build/my_robot/prefix_override:/usr/lib/python3/dist-packages/colcon_core/task/python/colcon_distutils_commands:/ros2_ws/ros2_ws/install/my_robot/lib/python3.10/site-packages:${PYTHONPATH} /usr/bin/python3 -W ignore:setup.py install is deprecated -W ignore:easy_install command is deprecated setup.py egg_info --egg-base ../../build/my_robot build --build-base /ros2_ws/ros2_ws/build/my_robot/build install --record /ros2_ws/ros2_ws/build/my_robot/install.log --single-version-externally-managed install_data
[0.504s] running egg_info
[0.504s] writing ../../build/my_robot/my_robot.egg-info/PKG-INFO
[0.505s] writing dependency_links to ../../build/my_robot/my_robot.egg-info/dependency_links.txt
[0.505s] writing entry points to ../../build/my_robot/my_robot.egg-info/entry_points.txt
[0.505s] writing requirements to ../../build/my_robot/my_robot.egg-info/requires.txt
[0.505s] writing top-level names to ../../build/my_robot/my_robot.egg-info/top_level.txt
[0.506s] reading manifest file '../../build/my_robot/my_robot.egg-info/SOURCES.txt'
[0.506s] writing manifest file '../../build/my_robot/my_robot.egg-info/SOURCES.txt'
[0.506s] running build
[0.506s] running build_py
[0.506s] running install
[0.506s] running install_lib
[0.507s] running install_data
[0.507s] copying config/slam_config.yaml -> /ros2_ws/ros2_ws/install/my_robot/share/my_robot/config
[0.507s] running install_egg_info
[0.509s] removing '/ros2_ws/ros2_ws/install/my_robot/lib/python3.10/site-packages/my_robot-0.0.0-py3.10.egg-info' (and everything under it)
[0.509s] Copying ../../build/my_robot/my_robot.egg-info to /ros2_ws/ros2_ws/install/my_robot/lib/python3.10/site-packages/my_robot-0.0.0-py3.10.egg-info
[0.509s] running install_scripts
[0.524s] writing list of installed files to '/ros2_ws/ros2_ws/build/my_robot/install.log'
[0.547s] Invoked command in '/ros2_ws/ros2_ws/src/my_robot' returned '0': PYTHONPATH=/ros2_ws/ros2_ws/build/my_robot/prefix_override:/usr/lib/python3/dist-packages/colcon_core/task/python/colcon_distutils_commands:/ros2_ws/ros2_ws/install/my_robot/lib/python3.10/site-packages:${PYTHONPATH} /usr/bin/python3 -W ignore:setup.py install is deprecated -W ignore:easy_install command is deprecated setup.py egg_info --egg-base ../../build/my_robot build --build-base /ros2_ws/ros2_ws/build/my_robot/build install --record /ros2_ws/ros2_ws/build/my_robot/install.log --single-version-externally-managed install_data
