[0.137s] DEBUG:colcon:Command line arguments: ['/usr/bin/colcon', 'build']
[0.137s] DEBUG:colcon:Parsed command line arguments: Namespace(log_base=None, log_level=None, verb_name='build', build_base='build', install_base='install', merge_install=False, symlink_install=False, test_result_base=None, continue_on_error=False, executor='parallel', parallel_workers=12, event_handlers=None, ignore_user_meta=False, metas=['./colcon.meta'], base_paths=['.'], packages_ignore=None, packages_ignore_regex=None, paths=None, packages_up_to=None, packages_up_to_regex=None, packages_above=None, packages_above_and_dependencies=None, packages_above_depth=None, packages_select_by_dep=None, packages_skip_by_dep=None, packages_skip_up_to=None, packages_select_build_failed=False, packages_skip_build_finished=False, packages_select_test_failures=False, packages_skip_test_passed=False, packages_select=None, packages_skip=None, packages_select_regex=None, packages_skip_regex=None, packages_start=None, packages_end=None, cmake_args=None, cmake_target=None, cmake_target_skip_unavailable=False, cmake_clean_cache=False, cmake_clean_first=False, cmake_force_configure=False, ament_cmake_args=None, catkin_cmake_args=None, catkin_skip_building_tests=False, mixin_files=None, mixin=None, verb_parser=<colcon_mixin.mixin.mixin_argument.MixinArgumentDecorator object at 0x7c26a2716bc0>, verb_extension=<colcon_core.verb.build.BuildVerb object at 0x7c26a27165f0>, main=<bound method BuildVerb.main of <colcon_core.verb.build.BuildVerb object at 0x7c26a27165f0>>, mixin_verb=('build',))
[0.252s] Level 1:colcon.colcon_core.package_discovery:discover_packages(colcon_meta) check parameters
[0.253s] INFO:colcon.colcon_metadata.package_discovery.colcon_meta:Using configuration from '/root/.colcon/metadata/default/Gazebo.meta'
[0.253s] INFO:colcon.colcon_metadata.package_discovery.colcon_meta:Using configuration from '/root/.colcon/metadata/default/fastrtps.meta'
[0.253s] Level 1:colcon.colcon_core.package_discovery:discover_packages(recursive) check parameters
[0.253s] Level 1:colcon.colcon_core.package_discovery:discover_packages(ignore) check parameters
[0.253s] Level 1:colcon.colcon_core.package_discovery:discover_packages(path) check parameters
[0.253s] Level 1:colcon.colcon_core.package_discovery:discover_packages(colcon_meta) discover
[0.253s] Level 1:colcon.colcon_core.package_discovery:discover_packages(recursive) discover
[0.253s] INFO:colcon.colcon_core.package_discovery:Crawling recursively for packages in '/ros2_ws'
[0.254s] Level 1:colcon.colcon_core.package_identification:_identify(.) by extensions ['ignore', 'ignore_ament_install']
[0.254s] Level 1:colcon.colcon_core.package_identification:_identify(.) by extension 'ignore'
[0.254s] Level 1:colcon.colcon_core.package_identification:_identify(.) by extension 'ignore_ament_install'
[0.254s] Level 1:colcon.colcon_core.package_identification:_identify(.) by extensions ['colcon_pkg']
[0.254s] Level 1:colcon.colcon_core.package_identification:_identify(.) by extension 'colcon_pkg'
[0.254s] Level 1:colcon.colcon_core.package_identification:_identify(.) by extensions ['colcon_meta']
[0.254s] Level 1:colcon.colcon_core.package_identification:_identify(.) by extension 'colcon_meta'
[0.254s] Level 1:colcon.colcon_core.package_identification:_identify(.) by extensions ['ros']
[0.254s] Level 1:colcon.colcon_core.package_identification:_identify(.) by extension 'ros'
[0.266s] Level 1:colcon.colcon_core.package_identification:_identify(.) by extensions ['cmake', 'python']
[0.266s] Level 1:colcon.colcon_core.package_identification:_identify(.) by extension 'cmake'
[0.266s] Level 1:colcon.colcon_core.package_identification:_identify(.) by extension 'python'
[0.266s] Level 1:colcon.colcon_core.package_identification:_identify(.) by extensions ['python_setup_py']
[0.266s] Level 1:colcon.colcon_core.package_identification:_identify(.) by extension 'python_setup_py'
[0.266s] Level 1:colcon.colcon_core.package_identification:_identify(build) by extensions ['ignore', 'ignore_ament_install']
[0.267s] Level 1:colcon.colcon_core.package_identification:_identify(build) by extension 'ignore'
[0.267s] Level 1:colcon.colcon_core.package_identification:_identify(build) ignored
[0.267s] Level 1:colcon.colcon_core.package_identification:_identify(install) by extensions ['ignore', 'ignore_ament_install']
[0.267s] Level 1:colcon.colcon_core.package_identification:_identify(install) by extension 'ignore'
[0.267s] Level 1:colcon.colcon_core.package_identification:_identify(install) ignored
[0.267s] Level 1:colcon.colcon_core.package_identification:_identify(log) by extensions ['ignore', 'ignore_ament_install']
[0.267s] Level 1:colcon.colcon_core.package_identification:_identify(log) by extension 'ignore'
[0.267s] Level 1:colcon.colcon_core.package_identification:_identify(log) ignored
[0.267s] Level 1:colcon.colcon_core.package_identification:_identify(ros2_ws) by extensions ['ignore', 'ignore_ament_install']
[0.267s] Level 1:colcon.colcon_core.package_identification:_identify(ros2_ws) by extension 'ignore'
[0.267s] Level 1:colcon.colcon_core.package_identification:_identify(ros2_ws) by extension 'ignore_ament_install'
[0.267s] Level 1:colcon.colcon_core.package_identification:_identify(ros2_ws) by extensions ['colcon_pkg']
[0.267s] Level 1:colcon.colcon_core.package_identification:_identify(ros2_ws) by extension 'colcon_pkg'
[0.267s] Level 1:colcon.colcon_core.package_identification:_identify(ros2_ws) by extensions ['colcon_meta']
[0.267s] Level 1:colcon.colcon_core.package_identification:_identify(ros2_ws) by extension 'colcon_meta'
[0.267s] Level 1:colcon.colcon_core.package_identification:_identify(ros2_ws) by extensions ['ros']
[0.267s] Level 1:colcon.colcon_core.package_identification:_identify(ros2_ws) by extension 'ros'
[0.267s] Level 1:colcon.colcon_core.package_identification:_identify(ros2_ws) by extensions ['cmake', 'python']
[0.267s] Level 1:colcon.colcon_core.package_identification:_identify(ros2_ws) by extension 'cmake'
[0.268s] Level 1:colcon.colcon_core.package_identification:_identify(ros2_ws) by extension 'python'
[0.268s] Level 1:colcon.colcon_core.package_identification:_identify(ros2_ws) by extensions ['python_setup_py']
[0.268s] Level 1:colcon.colcon_core.package_identification:_identify(ros2_ws) by extension 'python_setup_py'
[0.268s] Level 1:colcon.colcon_core.package_identification:_identify(ros2_ws/build) by extensions ['ignore', 'ignore_ament_install']
[0.268s] Level 1:colcon.colcon_core.package_identification:_identify(ros2_ws/build) by extension 'ignore'
[0.268s] Level 1:colcon.colcon_core.package_identification:_identify(ros2_ws/build) ignored
[0.268s] Level 1:colcon.colcon_core.package_identification:_identify(ros2_ws/install) by extensions ['ignore', 'ignore_ament_install']
[0.268s] Level 1:colcon.colcon_core.package_identification:_identify(ros2_ws/install) by extension 'ignore'
[0.268s] Level 1:colcon.colcon_core.package_identification:_identify(ros2_ws/install) ignored
[0.268s] Level 1:colcon.colcon_core.package_identification:_identify(ros2_ws/log) by extensions ['ignore', 'ignore_ament_install']
[0.268s] Level 1:colcon.colcon_core.package_identification:_identify(ros2_ws/log) by extension 'ignore'
[0.268s] Level 1:colcon.colcon_core.package_identification:_identify(ros2_ws/log) ignored
[0.268s] Level 1:colcon.colcon_core.package_identification:_identify(ros2_ws/src) by extensions ['ignore', 'ignore_ament_install']
[0.268s] Level 1:colcon.colcon_core.package_identification:_identify(ros2_ws/src) by extension 'ignore'
[0.268s] Level 1:colcon.colcon_core.package_identification:_identify(ros2_ws/src) by extension 'ignore_ament_install'
[0.268s] Level 1:colcon.colcon_core.package_identification:_identify(ros2_ws/src) by extensions ['colcon_pkg']
[0.268s] Level 1:colcon.colcon_core.package_identification:_identify(ros2_ws/src) by extension 'colcon_pkg'
[0.268s] Level 1:colcon.colcon_core.package_identification:_identify(ros2_ws/src) by extensions ['colcon_meta']
[0.268s] Level 1:colcon.colcon_core.package_identification:_identify(ros2_ws/src) by extension 'colcon_meta'
[0.268s] Level 1:colcon.colcon_core.package_identification:_identify(ros2_ws/src) by extensions ['ros']
[0.268s] Level 1:colcon.colcon_core.package_identification:_identify(ros2_ws/src) by extension 'ros'
[0.268s] Level 1:colcon.colcon_core.package_identification:_identify(ros2_ws/src) by extensions ['cmake', 'python']
[0.268s] Level 1:colcon.colcon_core.package_identification:_identify(ros2_ws/src) by extension 'cmake'
[0.268s] Level 1:colcon.colcon_core.package_identification:_identify(ros2_ws/src) by extension 'python'
[0.268s] Level 1:colcon.colcon_core.package_identification:_identify(ros2_ws/src) by extensions ['python_setup_py']
[0.268s] Level 1:colcon.colcon_core.package_identification:_identify(ros2_ws/src) by extension 'python_setup_py'
[0.269s] Level 1:colcon.colcon_core.package_identification:_identify(ros2_ws/src/build) by extensions ['ignore', 'ignore_ament_install']
[0.269s] Level 1:colcon.colcon_core.package_identification:_identify(ros2_ws/src/build) by extension 'ignore'
[0.269s] Level 1:colcon.colcon_core.package_identification:_identify(ros2_ws/src/build) ignored
[0.269s] Level 1:colcon.colcon_core.package_identification:_identify(ros2_ws/src/install) by extensions ['ignore', 'ignore_ament_install']
[0.269s] Level 1:colcon.colcon_core.package_identification:_identify(ros2_ws/src/install) by extension 'ignore'
[0.269s] Level 1:colcon.colcon_core.package_identification:_identify(ros2_ws/src/install) ignored
[0.269s] Level 1:colcon.colcon_core.package_identification:_identify(ros2_ws/src/ldlidar_stl_ros2) by extensions ['ignore', 'ignore_ament_install']
[0.269s] Level 1:colcon.colcon_core.package_identification:_identify(ros2_ws/src/ldlidar_stl_ros2) by extension 'ignore'
[0.269s] Level 1:colcon.colcon_core.package_identification:_identify(ros2_ws/src/ldlidar_stl_ros2) by extension 'ignore_ament_install'
[0.269s] Level 1:colcon.colcon_core.package_identification:_identify(ros2_ws/src/ldlidar_stl_ros2) by extensions ['colcon_pkg']
[0.269s] Level 1:colcon.colcon_core.package_identification:_identify(ros2_ws/src/ldlidar_stl_ros2) by extension 'colcon_pkg'
[0.269s] Level 1:colcon.colcon_core.package_identification:_identify(ros2_ws/src/ldlidar_stl_ros2) by extensions ['colcon_meta']
[0.269s] Level 1:colcon.colcon_core.package_identification:_identify(ros2_ws/src/ldlidar_stl_ros2) by extension 'colcon_meta'
[0.269s] Level 1:colcon.colcon_core.package_identification:_identify(ros2_ws/src/ldlidar_stl_ros2) by extensions ['ros']
[0.269s] Level 1:colcon.colcon_core.package_identification:_identify(ros2_ws/src/ldlidar_stl_ros2) by extension 'ros'
[0.274s] DEBUG:colcon.colcon_core.package_identification:Package 'ros2_ws/src/ldlidar_stl_ros2' with type 'ros.ament_cmake' and name 'ldlidar_stl_ros2'
[0.274s] Level 1:colcon.colcon_core.package_identification:_identify(ros2_ws/src/log) by extensions ['ignore', 'ignore_ament_install']
[0.275s] Level 1:colcon.colcon_core.package_identification:_identify(ros2_ws/src/log) by extension 'ignore'
[0.275s] Level 1:colcon.colcon_core.package_identification:_identify(ros2_ws/src/log) ignored
[0.275s] Level 1:colcon.colcon_core.package_identification:_identify(ros2_ws/src/my_robot) by extensions ['ignore', 'ignore_ament_install']
[0.275s] Level 1:colcon.colcon_core.package_identification:_identify(ros2_ws/src/my_robot) by extension 'ignore'
[0.275s] Level 1:colcon.colcon_core.package_identification:_identify(ros2_ws/src/my_robot) by extension 'ignore_ament_install'
[0.275s] Level 1:colcon.colcon_core.package_identification:_identify(ros2_ws/src/my_robot) by extensions ['colcon_pkg']
[0.275s] Level 1:colcon.colcon_core.package_identification:_identify(ros2_ws/src/my_robot) by extension 'colcon_pkg'
[0.275s] Level 1:colcon.colcon_core.package_identification:_identify(ros2_ws/src/my_robot) by extensions ['colcon_meta']
[0.275s] Level 1:colcon.colcon_core.package_identification:_identify(ros2_ws/src/my_robot) by extension 'colcon_meta'
[0.275s] Level 1:colcon.colcon_core.package_identification:_identify(ros2_ws/src/my_robot) by extensions ['ros']
[0.275s] Level 1:colcon.colcon_core.package_identification:_identify(ros2_ws/src/my_robot) by extension 'ros'
[0.276s] DEBUG:colcon.colcon_core.package_identification:Package 'ros2_ws/src/my_robot' with type 'ros.ament_python' and name 'my_robot'
[0.276s] Level 1:colcon.colcon_core.package_identification:_identify(ros2_ws/src/uart_publisher) by extensions ['ignore', 'ignore_ament_install']
[0.276s] Level 1:colcon.colcon_core.package_identification:_identify(ros2_ws/src/uart_publisher) by extension 'ignore'
[0.276s] Level 1:colcon.colcon_core.package_identification:_identify(ros2_ws/src/uart_publisher) by extension 'ignore_ament_install'
[0.276s] Level 1:colcon.colcon_core.package_identification:_identify(ros2_ws/src/uart_publisher) by extensions ['colcon_pkg']
[0.276s] Level 1:colcon.colcon_core.package_identification:_identify(ros2_ws/src/uart_publisher) by extension 'colcon_pkg'
[0.276s] Level 1:colcon.colcon_core.package_identification:_identify(ros2_ws/src/uart_publisher) by extensions ['colcon_meta']
[0.276s] Level 1:colcon.colcon_core.package_identification:_identify(ros2_ws/src/uart_publisher) by extension 'colcon_meta'
[0.276s] Level 1:colcon.colcon_core.package_identification:_identify(ros2_ws/src/uart_publisher) by extensions ['ros']
[0.276s] Level 1:colcon.colcon_core.package_identification:_identify(ros2_ws/src/uart_publisher) by extension 'ros'
[0.277s] DEBUG:colcon.colcon_core.package_identification:Package 'ros2_ws/src/uart_publisher' with type 'ros.ament_cmake' and name 'uart_publisher'
[0.277s] Level 1:colcon.colcon_core.package_discovery:discover_packages(recursive) using defaults
[0.277s] Level 1:colcon.colcon_core.package_discovery:discover_packages(ignore) discover
[0.277s] Level 1:colcon.colcon_core.package_discovery:discover_packages(ignore) using defaults
[0.277s] Level 1:colcon.colcon_core.package_discovery:discover_packages(path) discover
[0.277s] Level 1:colcon.colcon_core.package_discovery:discover_packages(path) using defaults
[0.296s] Level 5:colcon.colcon_core.verb:set package 'ldlidar_stl_ros2' build argument 'cmake_args' from command line to 'None'
[0.296s] Level 5:colcon.colcon_core.verb:set package 'ldlidar_stl_ros2' build argument 'cmake_target' from command line to 'None'
[0.296s] Level 5:colcon.colcon_core.verb:set package 'ldlidar_stl_ros2' build argument 'cmake_target_skip_unavailable' from command line to 'False'
[0.296s] Level 5:colcon.colcon_core.verb:set package 'ldlidar_stl_ros2' build argument 'cmake_clean_cache' from command line to 'False'
[0.296s] Level 5:colcon.colcon_core.verb:set package 'ldlidar_stl_ros2' build argument 'cmake_clean_first' from command line to 'False'
[0.296s] Level 5:colcon.colcon_core.verb:set package 'ldlidar_stl_ros2' build argument 'cmake_force_configure' from command line to 'False'
[0.296s] Level 5:colcon.colcon_core.verb:set package 'ldlidar_stl_ros2' build argument 'ament_cmake_args' from command line to 'None'
[0.296s] Level 5:colcon.colcon_core.verb:set package 'ldlidar_stl_ros2' build argument 'catkin_cmake_args' from command line to 'None'
[0.296s] Level 5:colcon.colcon_core.verb:set package 'ldlidar_stl_ros2' build argument 'catkin_skip_building_tests' from command line to 'False'
[0.296s] DEBUG:colcon.colcon_core.verb:Building package 'ldlidar_stl_ros2' with the following arguments: {'ament_cmake_args': None, 'build_base': '/ros2_ws/build/ldlidar_stl_ros2', 'catkin_cmake_args': None, 'catkin_skip_building_tests': False, 'cmake_args': None, 'cmake_clean_cache': False, 'cmake_clean_first': False, 'cmake_force_configure': False, 'cmake_target': None, 'cmake_target_skip_unavailable': False, 'install_base': '/ros2_ws/install/ldlidar_stl_ros2', 'merge_install': False, 'path': '/ros2_ws/ros2_ws/src/ldlidar_stl_ros2', 'symlink_install': False, 'test_result_base': None}
[0.296s] Level 5:colcon.colcon_core.verb:set package 'my_robot' build argument 'cmake_args' from command line to 'None'
[0.296s] Level 5:colcon.colcon_core.verb:set package 'my_robot' build argument 'cmake_target' from command line to 'None'
[0.296s] Level 5:colcon.colcon_core.verb:set package 'my_robot' build argument 'cmake_target_skip_unavailable' from command line to 'False'
[0.296s] Level 5:colcon.colcon_core.verb:set package 'my_robot' build argument 'cmake_clean_cache' from command line to 'False'
[0.296s] Level 5:colcon.colcon_core.verb:set package 'my_robot' build argument 'cmake_clean_first' from command line to 'False'
[0.296s] Level 5:colcon.colcon_core.verb:set package 'my_robot' build argument 'cmake_force_configure' from command line to 'False'
[0.296s] Level 5:colcon.colcon_core.verb:set package 'my_robot' build argument 'ament_cmake_args' from command line to 'None'
[0.296s] Level 5:colcon.colcon_core.verb:set package 'my_robot' build argument 'catkin_cmake_args' from command line to 'None'
[0.296s] Level 5:colcon.colcon_core.verb:set package 'my_robot' build argument 'catkin_skip_building_tests' from command line to 'False'
[0.297s] DEBUG:colcon.colcon_core.verb:Building package 'my_robot' with the following arguments: {'ament_cmake_args': None, 'build_base': '/ros2_ws/build/my_robot', 'catkin_cmake_args': None, 'catkin_skip_building_tests': False, 'cmake_args': None, 'cmake_clean_cache': False, 'cmake_clean_first': False, 'cmake_force_configure': False, 'cmake_target': None, 'cmake_target_skip_unavailable': False, 'install_base': '/ros2_ws/install/my_robot', 'merge_install': False, 'path': '/ros2_ws/ros2_ws/src/my_robot', 'symlink_install': False, 'test_result_base': None}
[0.297s] Level 5:colcon.colcon_core.verb:set package 'uart_publisher' build argument 'cmake_args' from command line to 'None'
[0.297s] Level 5:colcon.colcon_core.verb:set package 'uart_publisher' build argument 'cmake_target' from command line to 'None'
[0.297s] Level 5:colcon.colcon_core.verb:set package 'uart_publisher' build argument 'cmake_target_skip_unavailable' from command line to 'False'
[0.297s] Level 5:colcon.colcon_core.verb:set package 'uart_publisher' build argument 'cmake_clean_cache' from command line to 'False'
[0.297s] Level 5:colcon.colcon_core.verb:set package 'uart_publisher' build argument 'cmake_clean_first' from command line to 'False'
[0.297s] Level 5:colcon.colcon_core.verb:set package 'uart_publisher' build argument 'cmake_force_configure' from command line to 'False'
[0.297s] Level 5:colcon.colcon_core.verb:set package 'uart_publisher' build argument 'ament_cmake_args' from command line to 'None'
[0.297s] Level 5:colcon.colcon_core.verb:set package 'uart_publisher' build argument 'catkin_cmake_args' from command line to 'None'
[0.297s] Level 5:colcon.colcon_core.verb:set package 'uart_publisher' build argument 'catkin_skip_building_tests' from command line to 'False'
[0.297s] DEBUG:colcon.colcon_core.verb:Building package 'uart_publisher' with the following arguments: {'ament_cmake_args': None, 'build_base': '/ros2_ws/build/uart_publisher', 'catkin_cmake_args': None, 'catkin_skip_building_tests': False, 'cmake_args': None, 'cmake_clean_cache': False, 'cmake_clean_first': False, 'cmake_force_configure': False, 'cmake_target': None, 'cmake_target_skip_unavailable': False, 'install_base': '/ros2_ws/install/uart_publisher', 'merge_install': False, 'path': '/ros2_ws/ros2_ws/src/uart_publisher', 'symlink_install': False, 'test_result_base': None}
[0.297s] INFO:colcon.colcon_core.executor:Executing jobs using 'parallel' executor
[0.298s] DEBUG:colcon.colcon_parallel_executor.executor.parallel:run_until_complete
[0.298s] INFO:colcon.colcon_ros.task.ament_cmake.build:Building ROS package in '/ros2_ws/ros2_ws/src/ldlidar_stl_ros2' with build type 'ament_cmake'
[0.299s] INFO:colcon.colcon_cmake.task.cmake.build:Building CMake package in '/ros2_ws/ros2_ws/src/ldlidar_stl_ros2'
[0.301s] INFO:colcon.colcon_core.plugin_system:Skipping extension 'colcon_core.shell.bat': Not used on non-Windows systems
[0.301s] INFO:colcon.colcon_core.shell:Skip shell extension 'powershell' for command environment: Not usable outside of PowerShell
[0.301s] DEBUG:colcon.colcon_core.shell:Skip shell extension 'dsv' for command environment
[0.305s] INFO:colcon.colcon_ros.task.ament_python.build:Building ROS package in '/ros2_ws/ros2_ws/src/my_robot' with build type 'ament_python'
[0.306s] Level 1:colcon.colcon_core.shell:create_environment_hook('my_robot', 'ament_prefix_path')
[0.306s] INFO:colcon.colcon_core.shell:Creating environment hook '/ros2_ws/install/my_robot/share/my_robot/hook/ament_prefix_path.ps1'
[0.307s] INFO:colcon.colcon_core.shell:Creating environment descriptor '/ros2_ws/install/my_robot/share/my_robot/hook/ament_prefix_path.dsv'
[0.308s] INFO:colcon.colcon_core.shell:Creating environment hook '/ros2_ws/install/my_robot/share/my_robot/hook/ament_prefix_path.sh'
[0.309s] INFO:colcon.colcon_core.shell:Skip shell extension 'powershell' for command environment: Not usable outside of PowerShell
[0.309s] DEBUG:colcon.colcon_core.shell:Skip shell extension 'dsv' for command environment
[0.313s] INFO:colcon.colcon_ros.task.ament_cmake.build:Building ROS package in '/ros2_ws/ros2_ws/src/uart_publisher' with build type 'ament_cmake'
[0.313s] INFO:colcon.colcon_cmake.task.cmake.build:Building CMake package in '/ros2_ws/ros2_ws/src/uart_publisher'
[0.313s] INFO:colcon.colcon_core.shell:Skip shell extension 'powershell' for command environment: Not usable outside of PowerShell
[0.313s] DEBUG:colcon.colcon_core.shell:Skip shell extension 'dsv' for command environment
[0.322s] DEBUG:colcon.colcon_core.event_handler.log_command:Invoking command in '/ros2_ws/build/ldlidar_stl_ros2': CMAKE_PREFIX_PATH=${CMAKE_PREFIX_PATH}:/ros2_ws/install/my_robot:/opt/ros/humble /usr/bin/cmake --build /ros2_ws/build/ldlidar_stl_ros2 -- -j12 -l12
[0.547s] WARNING:colcon.colcon_ros.task.ament_python.build:Package 'my_robot' doesn't explicitly install a marker in the package index (colcon-ros currently does it implicitly but that fallback will be removed in the future)
[0.548s] INFO:colcon.colcon_core.task.python.build:Building Python package in '/ros2_ws/ros2_ws/src/my_robot'
[0.548s] INFO:colcon.colcon_core.shell:Skip shell extension 'powershell' for command environment: Not usable outside of PowerShell
[0.548s] DEBUG:colcon.colcon_core.shell:Skip shell extension 'dsv' for command environment
[0.555s] DEBUG:colcon.colcon_core.event_handler.log_command:Invoking command in '/ros2_ws/build/uart_publisher': CMAKE_PREFIX_PATH=${CMAKE_PREFIX_PATH}:/ros2_ws/install/my_robot:/opt/ros/humble /usr/bin/cmake --build /ros2_ws/build/uart_publisher -- -j12 -l12
[0.555s] DEBUG:colcon.colcon_core.event_handler.log_command:Invoked command in '/ros2_ws/build/ldlidar_stl_ros2' returned '0': CMAKE_PREFIX_PATH=${CMAKE_PREFIX_PATH}:/ros2_ws/install/my_robot:/opt/ros/humble /usr/bin/cmake --build /ros2_ws/build/ldlidar_stl_ros2 -- -j12 -l12
[0.566s] DEBUG:colcon.colcon_core.event_handler.log_command:Invoking command in '/ros2_ws/build/ldlidar_stl_ros2': CMAKE_PREFIX_PATH=${CMAKE_PREFIX_PATH}:/ros2_ws/install/my_robot:/opt/ros/humble /usr/bin/cmake --install /ros2_ws/build/ldlidar_stl_ros2
[0.589s] Level 1:colcon.colcon_core.environment:create_environment_scripts_only(ldlidar_stl_ros2)
[0.590s] DEBUG:colcon.colcon_core.event_handler.log_command:Invoked command in '/ros2_ws/build/ldlidar_stl_ros2' returned '0': CMAKE_PREFIX_PATH=${CMAKE_PREFIX_PATH}:/ros2_ws/install/my_robot:/opt/ros/humble /usr/bin/cmake --install /ros2_ws/build/ldlidar_stl_ros2
[0.593s] Level 1:colcon.colcon_core.environment:checking '/ros2_ws/install/ldlidar_stl_ros2' for CMake module files
[0.594s] Level 1:colcon.colcon_core.environment:checking '/ros2_ws/install/ldlidar_stl_ros2' for CMake config files
[0.594s] Level 1:colcon.colcon_core.shell:create_environment_hook('ldlidar_stl_ros2', 'cmake_prefix_path')
[0.595s] INFO:colcon.colcon_core.shell:Creating environment hook '/ros2_ws/install/ldlidar_stl_ros2/share/ldlidar_stl_ros2/hook/cmake_prefix_path.ps1'
[0.595s] INFO:colcon.colcon_core.shell:Creating environment descriptor '/ros2_ws/install/ldlidar_stl_ros2/share/ldlidar_stl_ros2/hook/cmake_prefix_path.dsv'
[0.596s] INFO:colcon.colcon_core.shell:Creating environment hook '/ros2_ws/install/ldlidar_stl_ros2/share/ldlidar_stl_ros2/hook/cmake_prefix_path.sh'
[0.597s] Level 1:colcon.colcon_core.environment:checking '/ros2_ws/install/ldlidar_stl_ros2/lib'
[0.597s] Level 1:colcon.colcon_core.environment:checking '/ros2_ws/install/ldlidar_stl_ros2/bin'
[0.597s] Level 1:colcon.colcon_core.environment:checking '/ros2_ws/install/ldlidar_stl_ros2/lib/pkgconfig/ldlidar_stl_ros2.pc'
[0.598s] Level 1:colcon.colcon_core.environment:checking '/ros2_ws/install/ldlidar_stl_ros2/lib/python3.10/site-packages'
[0.598s] Level 1:colcon.colcon_core.environment:checking '/ros2_ws/install/ldlidar_stl_ros2/bin'
[0.599s] INFO:colcon.colcon_core.shell:Creating package script '/ros2_ws/install/ldlidar_stl_ros2/share/ldlidar_stl_ros2/package.ps1'
[0.600s] INFO:colcon.colcon_core.shell:Creating package descriptor '/ros2_ws/install/ldlidar_stl_ros2/share/ldlidar_stl_ros2/package.dsv'
[0.602s] INFO:colcon.colcon_core.shell:Creating package script '/ros2_ws/install/ldlidar_stl_ros2/share/ldlidar_stl_ros2/package.sh'
[0.603s] INFO:colcon.colcon_core.shell:Creating package script '/ros2_ws/install/ldlidar_stl_ros2/share/ldlidar_stl_ros2/package.bash'
[0.605s] INFO:colcon.colcon_core.shell:Creating package script '/ros2_ws/install/ldlidar_stl_ros2/share/ldlidar_stl_ros2/package.zsh'
[0.607s] Level 1:colcon.colcon_core.environment:create_file_with_runtime_dependencies(/ros2_ws/install/ldlidar_stl_ros2/share/colcon-core/packages/ldlidar_stl_ros2)
[0.609s] Level 1:colcon.colcon_core.environment:create_environment_scripts_only(ldlidar_stl_ros2)
[0.609s] Level 1:colcon.colcon_core.environment:checking '/ros2_ws/install/ldlidar_stl_ros2' for CMake module files
[0.610s] Level 1:colcon.colcon_core.environment:checking '/ros2_ws/install/ldlidar_stl_ros2' for CMake config files
[0.610s] Level 1:colcon.colcon_core.shell:create_environment_hook('ldlidar_stl_ros2', 'cmake_prefix_path')
[0.610s] INFO:colcon.colcon_core.shell:Creating environment hook '/ros2_ws/install/ldlidar_stl_ros2/share/ldlidar_stl_ros2/hook/cmake_prefix_path.ps1'
[0.611s] INFO:colcon.colcon_core.shell:Creating environment descriptor '/ros2_ws/install/ldlidar_stl_ros2/share/ldlidar_stl_ros2/hook/cmake_prefix_path.dsv'
[0.612s] INFO:colcon.colcon_core.shell:Creating environment hook '/ros2_ws/install/ldlidar_stl_ros2/share/ldlidar_stl_ros2/hook/cmake_prefix_path.sh'
[0.613s] Level 1:colcon.colcon_core.environment:checking '/ros2_ws/install/ldlidar_stl_ros2/lib'
[0.613s] Level 1:colcon.colcon_core.environment:checking '/ros2_ws/install/ldlidar_stl_ros2/bin'
[0.613s] Level 1:colcon.colcon_core.environment:checking '/ros2_ws/install/ldlidar_stl_ros2/lib/pkgconfig/ldlidar_stl_ros2.pc'
[0.613s] Level 1:colcon.colcon_core.environment:checking '/ros2_ws/install/ldlidar_stl_ros2/lib/python3.10/site-packages'
[0.613s] Level 1:colcon.colcon_core.environment:checking '/ros2_ws/install/ldlidar_stl_ros2/bin'
[0.614s] INFO:colcon.colcon_core.shell:Creating package script '/ros2_ws/install/ldlidar_stl_ros2/share/ldlidar_stl_ros2/package.ps1'
[0.614s] INFO:colcon.colcon_core.shell:Creating package descriptor '/ros2_ws/install/ldlidar_stl_ros2/share/ldlidar_stl_ros2/package.dsv'
[0.615s] INFO:colcon.colcon_core.shell:Creating package script '/ros2_ws/install/ldlidar_stl_ros2/share/ldlidar_stl_ros2/package.sh'
[0.615s] INFO:colcon.colcon_core.shell:Creating package script '/ros2_ws/install/ldlidar_stl_ros2/share/ldlidar_stl_ros2/package.bash'
[0.616s] INFO:colcon.colcon_core.shell:Creating package script '/ros2_ws/install/ldlidar_stl_ros2/share/ldlidar_stl_ros2/package.zsh'
[0.616s] Level 1:colcon.colcon_core.environment:create_file_with_runtime_dependencies(/ros2_ws/install/ldlidar_stl_ros2/share/colcon-core/packages/ldlidar_stl_ros2)
[0.645s] DEBUG:colcon.colcon_core.event_handler.log_command:Invoked command in '/ros2_ws/build/uart_publisher' returned '0': CMAKE_PREFIX_PATH=${CMAKE_PREFIX_PATH}:/ros2_ws/install/my_robot:/opt/ros/humble /usr/bin/cmake --build /ros2_ws/build/uart_publisher -- -j12 -l12
[0.648s] DEBUG:colcon.colcon_core.event_handler.log_command:Invoking command in '/ros2_ws/build/uart_publisher': CMAKE_PREFIX_PATH=${CMAKE_PREFIX_PATH}:/ros2_ws/install/my_robot:/opt/ros/humble /usr/bin/cmake --install /ros2_ws/build/uart_publisher
[0.659s] Level 1:colcon.colcon_core.environment:create_environment_scripts_only(uart_publisher)
[0.659s] Level 1:colcon.colcon_core.environment:checking '/ros2_ws/install/uart_publisher' for CMake module files
[0.660s] DEBUG:colcon.colcon_core.event_handler.log_command:Invoked command in '/ros2_ws/build/uart_publisher' returned '0': CMAKE_PREFIX_PATH=${CMAKE_PREFIX_PATH}:/ros2_ws/install/my_robot:/opt/ros/humble /usr/bin/cmake --install /ros2_ws/build/uart_publisher
[0.660s] Level 1:colcon.colcon_core.environment:checking '/ros2_ws/install/uart_publisher' for CMake config files
[0.661s] Level 1:colcon.colcon_core.shell:create_environment_hook('uart_publisher', 'cmake_prefix_path')
[0.661s] INFO:colcon.colcon_core.shell:Creating environment hook '/ros2_ws/install/uart_publisher/share/uart_publisher/hook/cmake_prefix_path.ps1'
[0.662s] INFO:colcon.colcon_core.shell:Creating environment descriptor '/ros2_ws/install/uart_publisher/share/uart_publisher/hook/cmake_prefix_path.dsv'
[0.662s] INFO:colcon.colcon_core.shell:Creating environment hook '/ros2_ws/install/uart_publisher/share/uart_publisher/hook/cmake_prefix_path.sh'
[0.663s] Level 1:colcon.colcon_core.environment:checking '/ros2_ws/install/uart_publisher/lib'
[0.663s] Level 1:colcon.colcon_core.environment:checking '/ros2_ws/install/uart_publisher/bin'
[0.663s] Level 1:colcon.colcon_core.environment:checking '/ros2_ws/install/uart_publisher/lib/pkgconfig/uart_publisher.pc'
[0.664s] Level 1:colcon.colcon_core.environment:checking '/ros2_ws/install/uart_publisher/lib/python3.10/site-packages'
[0.664s] Level 1:colcon.colcon_core.environment:checking '/ros2_ws/install/uart_publisher/bin'
[0.665s] INFO:colcon.colcon_core.shell:Creating package script '/ros2_ws/install/uart_publisher/share/uart_publisher/package.ps1'
[0.665s] INFO:colcon.colcon_core.shell:Creating package descriptor '/ros2_ws/install/uart_publisher/share/uart_publisher/package.dsv'
[0.666s] INFO:colcon.colcon_core.shell:Creating package script '/ros2_ws/install/uart_publisher/share/uart_publisher/package.sh'
[0.667s] INFO:colcon.colcon_core.shell:Creating package script '/ros2_ws/install/uart_publisher/share/uart_publisher/package.bash'
[0.668s] INFO:colcon.colcon_core.shell:Creating package script '/ros2_ws/install/uart_publisher/share/uart_publisher/package.zsh'
[0.668s] Level 1:colcon.colcon_core.environment:create_file_with_runtime_dependencies(/ros2_ws/install/uart_publisher/share/colcon-core/packages/uart_publisher)
[0.669s] Level 1:colcon.colcon_core.environment:create_environment_scripts_only(uart_publisher)
[0.670s] Level 1:colcon.colcon_core.environment:checking '/ros2_ws/install/uart_publisher' for CMake module files
[0.670s] Level 1:colcon.colcon_core.environment:checking '/ros2_ws/install/uart_publisher' for CMake config files
[0.670s] Level 1:colcon.colcon_core.shell:create_environment_hook('uart_publisher', 'cmake_prefix_path')
[0.671s] INFO:colcon.colcon_core.shell:Creating environment hook '/ros2_ws/install/uart_publisher/share/uart_publisher/hook/cmake_prefix_path.ps1'
[0.671s] INFO:colcon.colcon_core.shell:Creating environment descriptor '/ros2_ws/install/uart_publisher/share/uart_publisher/hook/cmake_prefix_path.dsv'
[0.672s] INFO:colcon.colcon_core.shell:Creating environment hook '/ros2_ws/install/uart_publisher/share/uart_publisher/hook/cmake_prefix_path.sh'
[0.672s] Level 1:colcon.colcon_core.environment:checking '/ros2_ws/install/uart_publisher/lib'
[0.672s] Level 1:colcon.colcon_core.environment:checking '/ros2_ws/install/uart_publisher/bin'
[0.672s] Level 1:colcon.colcon_core.environment:checking '/ros2_ws/install/uart_publisher/lib/pkgconfig/uart_publisher.pc'
[0.673s] Level 1:colcon.colcon_core.environment:checking '/ros2_ws/install/uart_publisher/lib/python3.10/site-packages'
[0.673s] Level 1:colcon.colcon_core.environment:checking '/ros2_ws/install/uart_publisher/bin'
[0.673s] INFO:colcon.colcon_core.shell:Creating package script '/ros2_ws/install/uart_publisher/share/uart_publisher/package.ps1'
[0.674s] INFO:colcon.colcon_core.shell:Creating package descriptor '/ros2_ws/install/uart_publisher/share/uart_publisher/package.dsv'
[0.675s] INFO:colcon.colcon_core.shell:Creating package script '/ros2_ws/install/uart_publisher/share/uart_publisher/package.sh'
[0.675s] INFO:colcon.colcon_core.shell:Creating package script '/ros2_ws/install/uart_publisher/share/uart_publisher/package.bash'
[0.676s] INFO:colcon.colcon_core.shell:Creating package script '/ros2_ws/install/uart_publisher/share/uart_publisher/package.zsh'
[0.676s] Level 1:colcon.colcon_core.environment:create_file_with_runtime_dependencies(/ros2_ws/install/uart_publisher/share/colcon-core/packages/uart_publisher)
[0.953s] DEBUG:colcon.colcon_core.event_handler.log_command:Invoking command in '/ros2_ws/ros2_ws/src/my_robot': PYTHONPATH=/ros2_ws/build/my_robot/prefix_override:/usr/lib/python3/dist-packages/colcon_core/task/python/colcon_distutils_commands:/ros2_ws/install/my_robot/lib/python3.10/site-packages:${PYTHONPATH} /usr/bin/python3 -W ignore:setup.py install is deprecated -W ignore:easy_install command is deprecated setup.py egg_info --egg-base ../../../build/my_robot build --build-base /ros2_ws/build/my_robot/build install --record /ros2_ws/build/my_robot/install.log --single-version-externally-managed install_data
[1.223s] Level 1:colcon.colcon_core.environment:checking '/ros2_ws/install/my_robot' for CMake module files
[1.224s] Level 1:colcon.colcon_core.environment:checking '/ros2_ws/install/my_robot' for CMake config files
[1.225s] Level 1:colcon.colcon_core.environment:checking '/ros2_ws/install/my_robot/lib'
[1.225s] DEBUG:colcon.colcon_core.event_handler.log_command:Invoked command in '/ros2_ws/ros2_ws/src/my_robot' returned '0': PYTHONPATH=/ros2_ws/build/my_robot/prefix_override:/usr/lib/python3/dist-packages/colcon_core/task/python/colcon_distutils_commands:/ros2_ws/install/my_robot/lib/python3.10/site-packages:${PYTHONPATH} /usr/bin/python3 -W ignore:setup.py install is deprecated -W ignore:easy_install command is deprecated setup.py egg_info --egg-base ../../../build/my_robot build --build-base /ros2_ws/build/my_robot/build install --record /ros2_ws/build/my_robot/install.log --single-version-externally-managed install_data
[1.225s] Level 1:colcon.colcon_core.environment:checking '/ros2_ws/install/my_robot/bin'
[1.225s] Level 1:colcon.colcon_core.environment:checking '/ros2_ws/install/my_robot/lib/pkgconfig/my_robot.pc'
[1.225s] Level 1:colcon.colcon_core.environment:checking '/ros2_ws/install/my_robot/lib/python3.10/site-packages'
[1.225s] Level 1:colcon.colcon_core.shell:create_environment_hook('my_robot', 'pythonpath')
[1.225s] INFO:colcon.colcon_core.shell:Creating environment hook '/ros2_ws/install/my_robot/share/my_robot/hook/pythonpath.ps1'
[1.226s] INFO:colcon.colcon_core.shell:Creating environment descriptor '/ros2_ws/install/my_robot/share/my_robot/hook/pythonpath.dsv'
[1.226s] INFO:colcon.colcon_core.shell:Creating environment hook '/ros2_ws/install/my_robot/share/my_robot/hook/pythonpath.sh'
[1.227s] Level 1:colcon.colcon_core.environment:checking '/ros2_ws/install/my_robot/bin'
[1.227s] Level 1:colcon.colcon_core.environment:create_environment_scripts_only(my_robot)
[1.227s] INFO:colcon.colcon_core.shell:Creating package script '/ros2_ws/install/my_robot/share/my_robot/package.ps1'
[1.228s] INFO:colcon.colcon_core.shell:Creating package descriptor '/ros2_ws/install/my_robot/share/my_robot/package.dsv'
[1.229s] INFO:colcon.colcon_core.shell:Creating package script '/ros2_ws/install/my_robot/share/my_robot/package.sh'
[1.229s] INFO:colcon.colcon_core.shell:Creating package script '/ros2_ws/install/my_robot/share/my_robot/package.bash'
[1.230s] INFO:colcon.colcon_core.shell:Creating package script '/ros2_ws/install/my_robot/share/my_robot/package.zsh'
[1.230s] Level 1:colcon.colcon_core.environment:create_file_with_runtime_dependencies(/ros2_ws/install/my_robot/share/colcon-core/packages/my_robot)
[1.230s] DEBUG:colcon.colcon_parallel_executor.executor.parallel:closing loop
[1.231s] DEBUG:colcon.colcon_parallel_executor.executor.parallel:loop closed
[1.231s] DEBUG:colcon.colcon_parallel_executor.executor.parallel:run_until_complete finished with '0'
[1.231s] DEBUG:colcon.colcon_core.event_reactor:joining thread
[1.236s] INFO:colcon.colcon_core.plugin_system:Skipping extension 'colcon_notification.desktop_notification.notify_send': Could not find 'notify-send'
[1.237s] INFO:colcon.colcon_core.plugin_system:Skipping extension 'colcon_notification.desktop_notification.terminal_notifier': Not used on non-Darwin systems
[1.237s] INFO:colcon.colcon_core.plugin_system:Skipping extension 'colcon_notification.desktop_notification.win32': Not used on non-Windows systems
[1.237s] INFO:colcon.colcon_notification.desktop_notification:Sending desktop notification using 'notify2'
[1.249s] DEBUG:colcon.colcon_notification.desktop_notification.notify2:Failed to initialize notify2: org.freedesktop.DBus.Error.ServiceUnknown: The name org.freedesktop.Notifications was not provided by any .service files
[1.249s] DEBUG:colcon.colcon_core.event_reactor:joined thread
[1.250s] INFO:colcon.colcon_core.shell:Creating prefix script '/ros2_ws/install/local_setup.ps1'
[1.252s] INFO:colcon.colcon_core.shell:Creating prefix util module '/ros2_ws/install/_local_setup_util_ps1.py'
[1.274s] INFO:colcon.colcon_core.shell:Creating prefix chain script '/ros2_ws/install/setup.ps1'
[1.276s] INFO:colcon.colcon_core.shell:Creating prefix script '/ros2_ws/install/local_setup.sh'
[1.277s] INFO:colcon.colcon_core.shell:Creating prefix util module '/ros2_ws/install/_local_setup_util_sh.py'
[1.277s] INFO:colcon.colcon_core.shell:Creating prefix chain script '/ros2_ws/install/setup.sh'
[1.279s] INFO:colcon.colcon_core.shell:Creating prefix script '/ros2_ws/install/local_setup.bash'
[1.279s] INFO:colcon.colcon_core.shell:Creating prefix chain script '/ros2_ws/install/setup.bash'
[1.280s] INFO:colcon.colcon_core.shell:Creating prefix script '/ros2_ws/install/local_setup.zsh'
[1.280s] INFO:colcon.colcon_core.shell:Creating prefix chain script '/ros2_ws/install/setup.zsh'
