running egg_info
creating ../../../build/my_robot/my_robot.egg-info
writing ../../../build/my_robot/my_robot.egg-info/PKG-INFO
writing dependency_links to ../../../build/my_robot/my_robot.egg-info/dependency_links.txt
writing entry points to ../../../build/my_robot/my_robot.egg-info/entry_points.txt
writing requirements to ../../../build/my_robot/my_robot.egg-info/requires.txt
writing top-level names to ../../../build/my_robot/my_robot.egg-info/top_level.txt
writing manifest file '../../../build/my_robot/my_robot.egg-info/SOURCES.txt'
reading manifest file '../../../build/my_robot/my_robot.egg-info/SOURCES.txt'
writing manifest file '../../../build/my_robot/my_robot.egg-info/SOURCES.txt'
running build
running build_py
creating /ros2_ws/build/my_robot/build
creating /ros2_ws/build/my_robot/build/lib
creating /ros2_ws/build/my_robot/build/lib/my_robot
copying my_robot/__init__.py -> /ros2_ws/build/my_robot/build/lib/my_robot
running install
running install_lib
creating /ros2_ws/install/my_robot/lib/python3.10/site-packages/my_robot
copying /ros2_ws/build/my_robot/build/lib/my_robot/__init__.py -> /ros2_ws/install/my_robot/lib/python3.10/site-packages/my_robot
byte-compiling /ros2_ws/install/my_robot/lib/python3.10/site-packages/my_robot/__init__.py to __init__.cpython-310.pyc
running install_data
creating /ros2_ws/install/my_robot/share/my_robot/launch
copying launch/full_slam_launch.py -> /ros2_ws/install/my_robot/share/my_robot/launch
copying package.xml -> /ros2_ws/install/my_robot/share/my_robot
running install_egg_info
Copying ../../../build/my_robot/my_robot.egg-info to /ros2_ws/install/my_robot/lib/python3.10/site-packages/my_robot-0.0.0-py3.10.egg-info
running install_scripts
writing list of installed files to '/ros2_ws/build/my_robot/install.log'
