[0.547s] Invoking command in '/ros2_ws/ros2_ws/src/my_robot': PYTHONPATH=/ros2_ws/build/my_robot/prefix_override:/usr/lib/python3/dist-packages/colcon_core/task/python/colcon_distutils_commands:/ros2_ws/install/my_robot/lib/python3.10/site-packages:${PYTHONPATH} /usr/bin/python3 -W ignore:setup.py install is deprecated -W ignore:easy_install command is deprecated setup.py egg_info --egg-base ../../../build/my_robot build --build-base /ros2_ws/build/my_robot/build install --record /ros2_ws/build/my_robot/install.log --single-version-externally-managed install_data
[0.748s] running egg_info
[0.748s] creating ../../../build/my_robot/my_robot.egg-info
[0.748s] writing ../../../build/my_robot/my_robot.egg-info/PKG-INFO
[0.748s] writing dependency_links to ../../../build/my_robot/my_robot.egg-info/dependency_links.txt
[0.749s] writing entry points to ../../../build/my_robot/my_robot.egg-info/entry_points.txt
[0.749s] writing requirements to ../../../build/my_robot/my_robot.egg-info/requires.txt
[0.749s] writing top-level names to ../../../build/my_robot/my_robot.egg-info/top_level.txt
[0.749s] writing manifest file '../../../build/my_robot/my_robot.egg-info/SOURCES.txt'
[0.751s] reading manifest file '../../../build/my_robot/my_robot.egg-info/SOURCES.txt'
[0.752s] writing manifest file '../../../build/my_robot/my_robot.egg-info/SOURCES.txt'
[0.752s] running build
[0.752s] running build_py
[0.752s] creating /ros2_ws/build/my_robot/build
[0.752s] creating /ros2_ws/build/my_robot/build/lib
[0.752s] creating /ros2_ws/build/my_robot/build/lib/my_robot
[0.752s] copying my_robot/__init__.py -> /ros2_ws/build/my_robot/build/lib/my_robot
[0.752s] running install
[0.753s] running install_lib
[0.754s] creating /ros2_ws/install/my_robot/lib/python3.10/site-packages/my_robot
[0.754s] copying /ros2_ws/build/my_robot/build/lib/my_robot/__init__.py -> /ros2_ws/install/my_robot/lib/python3.10/site-packages/my_robot
[0.754s] byte-compiling /ros2_ws/install/my_robot/lib/python3.10/site-packages/my_robot/__init__.py to __init__.cpython-310.pyc
[0.754s] running install_data
[0.754s] creating /ros2_ws/install/my_robot/share/my_robot/launch
[0.754s] copying launch/full_slam_launch.py -> /ros2_ws/install/my_robot/share/my_robot/launch
[0.754s] copying package.xml -> /ros2_ws/install/my_robot/share/my_robot
[0.755s] running install_egg_info
[0.756s] Copying ../../../build/my_robot/my_robot.egg-info to /ros2_ws/install/my_robot/lib/python3.10/site-packages/my_robot-0.0.0-py3.10.egg-info
[0.756s] running install_scripts
[0.775s] writing list of installed files to '/ros2_ws/build/my_robot/install.log'
[0.810s] Invoked command in '/ros2_ws/ros2_ws/src/my_robot' returned '0': PYTHONPATH=/ros2_ws/build/my_robot/prefix_override:/usr/lib/python3/dist-packages/colcon_core/task/python/colcon_distutils_commands:/ros2_ws/install/my_robot/lib/python3.10/site-packages:${PYTHONPATH} /usr/bin/python3 -W ignore:setup.py install is deprecated -W ignore:easy_install command is deprecated setup.py egg_info --egg-base ../../../build/my_robot build --build-base /ros2_ws/build/my_robot/build install --record /ros2_ws/build/my_robot/install.log --single-version-externally-managed install_data
