[0.134s] Invoking command in '/ros2_ws/ros2_ws/src/build/uart_publisher': CMAKE_PREFIX_PATH=${CMAKE_PREFIX_PATH}:/opt/ros/humble /usr/bin/cmake /ros2_ws/ros2_ws/src/uart_publisher -DCMAKE_INSTALL_PREFIX=/ros2_ws/ros2_ws/src/install/uart_publisher
[0.169s] -- The C compiler identification is GNU 11.4.0
[0.215s] -- The CXX compiler identification is GNU 11.4.0
[0.220s] -- Detecting C compiler ABI info
[0.269s] -- Detecting C compiler ABI info - done
[0.276s] -- Check for working C compiler: /usr/bin/cc - skipped
[0.276s] -- Detecting C compile features
[0.276s] -- Detecting C compile features - done
[0.278s] -- Detecting CXX compiler ABI info
[0.337s] -- Detecting CXX compiler ABI info - done
[0.345s] -- Check for working CXX compiler: /usr/bin/c++ - skipped
[0.345s] -- Detecting CXX compile features
[0.345s] -- Detecting CXX compile features - done
[0.347s] -- Found ament_cmake: 1.3.11 (/opt/ros/humble/share/ament_cmake/cmake)
[0.448s] -- Found Python3: /usr/bin/python3 (found version "3.10.12") found components: Interpreter 
[0.527s] -- Found rclcpp: 16.0.12 (/opt/ros/humble/share/rclcpp/cmake)
[0.574s] -- Found rosidl_generator_c: 3.1.6 (/opt/ros/humble/share/rosidl_generator_c/cmake)
[0.578s] -- Found rosidl_adapter: 3.1.6 (/opt/ros/humble/share/rosidl_adapter/cmake)
[0.586s] -- Found rosidl_generator_cpp: 3.1.6 (/opt/ros/humble/share/rosidl_generator_cpp/cmake)
[0.599s] -- Using all available rosidl_typesupport_c: rosidl_typesupport_fastrtps_c;rosidl_typesupport_introspection_c
[0.612s] -- Using all available rosidl_typesupport_cpp: rosidl_typesupport_fastrtps_cpp;rosidl_typesupport_introspection_cpp
[0.644s] -- Found rmw_implementation_cmake: 6.1.2 (/opt/ros/humble/share/rmw_implementation_cmake/cmake)
[0.646s] -- Found rmw_fastrtps_cpp: 6.2.7 (/opt/ros/humble/share/rmw_fastrtps_cpp/cmake)
[0.714s] -- Found OpenSSL: /usr/lib/x86_64-linux-gnu/libcrypto.so (found version "3.0.2")  
[0.735s] -- Found FastRTPS: /opt/ros/humble/include  
[0.771s] -- Using RMW implementation 'rmw_fastrtps_cpp' as default
[0.777s] -- Looking for pthread.h
[0.828s] -- Looking for pthread.h - found
[0.828s] -- Performing Test CMAKE_HAVE_LIBC_PTHREAD
[0.882s] -- Performing Test CMAKE_HAVE_LIBC_PTHREAD - Success
[0.883s] -- Found Threads: TRUE  
[0.916s] -- Found geometry_msgs: 4.8.0 (/opt/ros/humble/share/geometry_msgs/cmake)
[0.964s] -- Configuring done
[0.969s] -- Generating done
[0.971s] -- Build files have been written to: /ros2_ws/ros2_ws/src/build/uart_publisher
[0.977s] Invoked command in '/ros2_ws/ros2_ws/src/build/uart_publisher' returned '0': CMAKE_PREFIX_PATH=${CMAKE_PREFIX_PATH}:/opt/ros/humble /usr/bin/cmake /ros2_ws/ros2_ws/src/uart_publisher -DCMAKE_INSTALL_PREFIX=/ros2_ws/ros2_ws/src/install/uart_publisher
[0.979s] Invoking command in '/ros2_ws/ros2_ws/src/build/uart_publisher': CMAKE_PREFIX_PATH=${CMAKE_PREFIX_PATH}:/opt/ros/humble /usr/bin/cmake --build /ros2_ws/ros2_ws/src/build/uart_publisher -- -j12 -l12
[1.015s] [ 50%] [32mBuilding CXX object CMakeFiles/uart_publisher.dir/src/uart_publisher.cpp.o[0m
[6.050s] [100%] [32m[1mLinking CXX executable uart_publisher[0m
[6.282s] [100%] Built target uart_publisher
[6.291s] Invoked command in '/ros2_ws/ros2_ws/src/build/uart_publisher' returned '0': CMAKE_PREFIX_PATH=${CMAKE_PREFIX_PATH}:/opt/ros/humble /usr/bin/cmake --build /ros2_ws/ros2_ws/src/build/uart_publisher -- -j12 -l12
[6.292s] Invoking command in '/ros2_ws/ros2_ws/src/build/uart_publisher': CMAKE_PREFIX_PATH=${CMAKE_PREFIX_PATH}:/opt/ros/humble /usr/bin/cmake --install /ros2_ws/ros2_ws/src/build/uart_publisher
[6.297s] -- Install configuration: ""
[6.298s] -- Installing: /ros2_ws/ros2_ws/src/install/uart_publisher/lib/uart_publisher/uart_publisher
[6.299s] -- Set runtime path of "/ros2_ws/ros2_ws/src/install/uart_publisher/lib/uart_publisher/uart_publisher" to ""
[6.299s] -- Installing: /ros2_ws/ros2_ws/src/install/uart_publisher/share/ament_index/resource_index/package_run_dependencies/uart_publisher
[6.299s] -- Installing: /ros2_ws/ros2_ws/src/install/uart_publisher/share/ament_index/resource_index/parent_prefix_path/uart_publisher
[6.299s] -- Installing: /ros2_ws/ros2_ws/src/install/uart_publisher/share/uart_publisher/environment/ament_prefix_path.sh
[6.299s] -- Installing: /ros2_ws/ros2_ws/src/install/uart_publisher/share/uart_publisher/environment/ament_prefix_path.dsv
[6.299s] -- Installing: /ros2_ws/ros2_ws/src/install/uart_publisher/share/uart_publisher/environment/path.sh
[6.300s] -- Installing: /ros2_ws/ros2_ws/src/install/uart_publisher/share/uart_publisher/environment/path.dsv
[6.300s] -- Installing: /ros2_ws/ros2_ws/src/install/uart_publisher/share/uart_publisher/local_setup.bash
[6.300s] -- Installing: /ros2_ws/ros2_ws/src/install/uart_publisher/share/uart_publisher/local_setup.sh
[6.300s] -- Installing: /ros2_ws/ros2_ws/src/install/uart_publisher/share/uart_publisher/local_setup.zsh
[6.300s] -- Installing: /ros2_ws/ros2_ws/src/install/uart_publisher/share/uart_publisher/local_setup.dsv
[6.300s] -- Installing: /ros2_ws/ros2_ws/src/install/uart_publisher/share/uart_publisher/package.dsv
[6.300s] -- Installing: /ros2_ws/ros2_ws/src/install/uart_publisher/share/ament_index/resource_index/packages/uart_publisher
[6.300s] -- Installing: /ros2_ws/ros2_ws/src/install/uart_publisher/share/uart_publisher/cmake/uart_publisherConfig.cmake
[6.300s] -- Installing: /ros2_ws/ros2_ws/src/install/uart_publisher/share/uart_publisher/cmake/uart_publisherConfig-version.cmake
[6.300s] -- Installing: /ros2_ws/ros2_ws/src/install/uart_publisher/share/uart_publisher/package.xml
[6.302s] Invoked command in '/ros2_ws/ros2_ws/src/build/uart_publisher' returned '0': CMAKE_PREFIX_PATH=${CMAKE_PREFIX_PATH}:/opt/ros/humble /usr/bin/cmake --install /ros2_ws/ros2_ws/src/build/uart_publisher
