[0.248s] DEBUG:colcon:Command line arguments: ['/usr/bin/colcon', 'build']
[0.248s] DEBUG:colcon:Parsed command line arguments: Namespace(log_base=None, log_level=None, verb_name='build', build_base='build', install_base='install', merge_install=False, symlink_install=False, test_result_base=None, continue_on_error=False, executor='parallel', parallel_workers=12, event_handlers=None, ignore_user_meta=False, metas=['./colcon.meta'], base_paths=['.'], packages_ignore=None, packages_ignore_regex=None, paths=None, packages_up_to=None, packages_up_to_regex=None, packages_above=None, packages_above_and_dependencies=None, packages_above_depth=None, packages_select_by_dep=None, packages_skip_by_dep=None, packages_skip_up_to=None, packages_select_build_failed=False, packages_skip_build_finished=False, packages_select_test_failures=False, packages_skip_test_passed=False, packages_select=None, packages_skip=None, packages_select_regex=None, packages_skip_regex=None, packages_start=None, packages_end=None, cmake_args=None, cmake_target=None, cmake_target_skip_unavailable=False, cmake_clean_cache=False, cmake_clean_first=False, cmake_force_configure=False, ament_cmake_args=None, catkin_cmake_args=None, catkin_skip_building_tests=False, mixin_files=None, mixin=None, verb_parser=<colcon_mixin.mixin.mixin_argument.MixinArgumentDecorator object at 0x7822f092abc0>, verb_extension=<colcon_core.verb.build.BuildVerb object at 0x7822f092a5f0>, main=<bound method BuildVerb.main of <colcon_core.verb.build.BuildVerb object at 0x7822f092a5f0>>, mixin_verb=('build',))
[0.410s] Level 1:colcon.colcon_core.package_discovery:discover_packages(colcon_meta) check parameters
[0.411s] INFO:colcon.colcon_metadata.package_discovery.colcon_meta:Using configuration from '/root/.colcon/metadata/default/Gazebo.meta'
[0.412s] INFO:colcon.colcon_metadata.package_discovery.colcon_meta:Using configuration from '/root/.colcon/metadata/default/fastrtps.meta'
[0.412s] Level 1:colcon.colcon_core.package_discovery:discover_packages(recursive) check parameters
[0.412s] Level 1:colcon.colcon_core.package_discovery:discover_packages(ignore) check parameters
[0.412s] Level 1:colcon.colcon_core.package_discovery:discover_packages(path) check parameters
[0.412s] Level 1:colcon.colcon_core.package_discovery:discover_packages(colcon_meta) discover
[0.412s] Level 1:colcon.colcon_core.package_discovery:discover_packages(recursive) discover
[0.412s] INFO:colcon.colcon_core.package_discovery:Crawling recursively for packages in '/ros2_ws'
[0.412s] Level 1:colcon.colcon_core.package_identification:_identify(.) by extensions ['ignore', 'ignore_ament_install']
[0.412s] Level 1:colcon.colcon_core.package_identification:_identify(.) by extension 'ignore'
[0.412s] Level 1:colcon.colcon_core.package_identification:_identify(.) by extension 'ignore_ament_install'
[0.412s] Level 1:colcon.colcon_core.package_identification:_identify(.) by extensions ['colcon_pkg']
[0.412s] Level 1:colcon.colcon_core.package_identification:_identify(.) by extension 'colcon_pkg'
[0.412s] Level 1:colcon.colcon_core.package_identification:_identify(.) by extensions ['colcon_meta']
[0.413s] Level 1:colcon.colcon_core.package_identification:_identify(.) by extension 'colcon_meta'
[0.413s] Level 1:colcon.colcon_core.package_identification:_identify(.) by extensions ['ros']
[0.413s] Level 1:colcon.colcon_core.package_identification:_identify(.) by extension 'ros'
[0.429s] Level 1:colcon.colcon_core.package_identification:_identify(.) by extensions ['cmake', 'python']
[0.429s] Level 1:colcon.colcon_core.package_identification:_identify(.) by extension 'cmake'
[0.429s] Level 1:colcon.colcon_core.package_identification:_identify(.) by extension 'python'
[0.429s] Level 1:colcon.colcon_core.package_identification:_identify(.) by extensions ['python_setup_py']
[0.429s] Level 1:colcon.colcon_core.package_identification:_identify(.) by extension 'python_setup_py'
[0.429s] Level 1:colcon.colcon_core.package_identification:_identify(build) by extensions ['ignore', 'ignore_ament_install']
[0.429s] Level 1:colcon.colcon_core.package_identification:_identify(build) by extension 'ignore'
[0.429s] Level 1:colcon.colcon_core.package_identification:_identify(build) ignored
[0.430s] Level 1:colcon.colcon_core.package_identification:_identify(install) by extensions ['ignore', 'ignore_ament_install']
[0.430s] Level 1:colcon.colcon_core.package_identification:_identify(install) by extension 'ignore'
[0.430s] Level 1:colcon.colcon_core.package_identification:_identify(install) ignored
[0.430s] Level 1:colcon.colcon_core.package_identification:_identify(log) by extensions ['ignore', 'ignore_ament_install']
[0.430s] Level 1:colcon.colcon_core.package_identification:_identify(log) by extension 'ignore'
[0.430s] Level 1:colcon.colcon_core.package_identification:_identify(log) ignored
[0.430s] Level 1:colcon.colcon_core.package_identification:_identify(ros2_ws) by extensions ['ignore', 'ignore_ament_install']
[0.430s] Level 1:colcon.colcon_core.package_identification:_identify(ros2_ws) by extension 'ignore'
[0.430s] Level 1:colcon.colcon_core.package_identification:_identify(ros2_ws) by extension 'ignore_ament_install'
[0.430s] Level 1:colcon.colcon_core.package_identification:_identify(ros2_ws) by extensions ['colcon_pkg']
[0.430s] Level 1:colcon.colcon_core.package_identification:_identify(ros2_ws) by extension 'colcon_pkg'
[0.430s] Level 1:colcon.colcon_core.package_identification:_identify(ros2_ws) by extensions ['colcon_meta']
[0.430s] Level 1:colcon.colcon_core.package_identification:_identify(ros2_ws) by extension 'colcon_meta'
[0.430s] Level 1:colcon.colcon_core.package_identification:_identify(ros2_ws) by extensions ['ros']
[0.430s] Level 1:colcon.colcon_core.package_identification:_identify(ros2_ws) by extension 'ros'
[0.430s] Level 1:colcon.colcon_core.package_identification:_identify(ros2_ws) by extensions ['cmake', 'python']
[0.430s] Level 1:colcon.colcon_core.package_identification:_identify(ros2_ws) by extension 'cmake'
[0.430s] Level 1:colcon.colcon_core.package_identification:_identify(ros2_ws) by extension 'python'
[0.430s] Level 1:colcon.colcon_core.package_identification:_identify(ros2_ws) by extensions ['python_setup_py']
[0.430s] Level 1:colcon.colcon_core.package_identification:_identify(ros2_ws) by extension 'python_setup_py'
[0.430s] Level 1:colcon.colcon_core.package_identification:_identify(ros2_ws/build) by extensions ['ignore', 'ignore_ament_install']
[0.430s] Level 1:colcon.colcon_core.package_identification:_identify(ros2_ws/build) by extension 'ignore'
[0.430s] Level 1:colcon.colcon_core.package_identification:_identify(ros2_ws/build) ignored
[0.430s] Level 1:colcon.colcon_core.package_identification:_identify(ros2_ws/install) by extensions ['ignore', 'ignore_ament_install']
[0.430s] Level 1:colcon.colcon_core.package_identification:_identify(ros2_ws/install) by extension 'ignore'
[0.430s] Level 1:colcon.colcon_core.package_identification:_identify(ros2_ws/install) ignored
[0.430s] Level 1:colcon.colcon_core.package_identification:_identify(ros2_ws/log) by extensions ['ignore', 'ignore_ament_install']
[0.430s] Level 1:colcon.colcon_core.package_identification:_identify(ros2_ws/log) by extension 'ignore'
[0.430s] Level 1:colcon.colcon_core.package_identification:_identify(ros2_ws/log) ignored
[0.431s] Level 1:colcon.colcon_core.package_identification:_identify(ros2_ws/src) by extensions ['ignore', 'ignore_ament_install']
[0.431s] Level 1:colcon.colcon_core.package_identification:_identify(ros2_ws/src) by extension 'ignore'
[0.431s] Level 1:colcon.colcon_core.package_identification:_identify(ros2_ws/src) by extension 'ignore_ament_install'
[0.431s] Level 1:colcon.colcon_core.package_identification:_identify(ros2_ws/src) by extensions ['colcon_pkg']
[0.431s] Level 1:colcon.colcon_core.package_identification:_identify(ros2_ws/src) by extension 'colcon_pkg'
[0.431s] Level 1:colcon.colcon_core.package_identification:_identify(ros2_ws/src) by extensions ['colcon_meta']
[0.431s] Level 1:colcon.colcon_core.package_identification:_identify(ros2_ws/src) by extension 'colcon_meta'
[0.431s] Level 1:colcon.colcon_core.package_identification:_identify(ros2_ws/src) by extensions ['ros']
[0.431s] Level 1:colcon.colcon_core.package_identification:_identify(ros2_ws/src) by extension 'ros'
[0.431s] Level 1:colcon.colcon_core.package_identification:_identify(ros2_ws/src) by extensions ['cmake', 'python']
[0.431s] Level 1:colcon.colcon_core.package_identification:_identify(ros2_ws/src) by extension 'cmake'
[0.431s] Level 1:colcon.colcon_core.package_identification:_identify(ros2_ws/src) by extension 'python'
[0.431s] Level 1:colcon.colcon_core.package_identification:_identify(ros2_ws/src) by extensions ['python_setup_py']
[0.431s] Level 1:colcon.colcon_core.package_identification:_identify(ros2_ws/src) by extension 'python_setup_py'
[0.431s] Level 1:colcon.colcon_core.package_identification:_identify(ros2_ws/src/build) by extensions ['ignore', 'ignore_ament_install']
[0.431s] Level 1:colcon.colcon_core.package_identification:_identify(ros2_ws/src/build) by extension 'ignore'
[0.431s] Level 1:colcon.colcon_core.package_identification:_identify(ros2_ws/src/build) ignored
[0.431s] Level 1:colcon.colcon_core.package_identification:_identify(ros2_ws/src/install) by extensions ['ignore', 'ignore_ament_install']
[0.431s] Level 1:colcon.colcon_core.package_identification:_identify(ros2_ws/src/install) by extension 'ignore'
[0.431s] Level 1:colcon.colcon_core.package_identification:_identify(ros2_ws/src/install) ignored
[0.431s] Level 1:colcon.colcon_core.package_identification:_identify(ros2_ws/src/ldlidar_stl_ros2) by extensions ['ignore', 'ignore_ament_install']
[0.431s] Level 1:colcon.colcon_core.package_identification:_identify(ros2_ws/src/ldlidar_stl_ros2) by extension 'ignore'
[0.431s] Level 1:colcon.colcon_core.package_identification:_identify(ros2_ws/src/ldlidar_stl_ros2) by extension 'ignore_ament_install'
[0.431s] Level 1:colcon.colcon_core.package_identification:_identify(ros2_ws/src/ldlidar_stl_ros2) by extensions ['colcon_pkg']
[0.431s] Level 1:colcon.colcon_core.package_identification:_identify(ros2_ws/src/ldlidar_stl_ros2) by extension 'colcon_pkg'
[0.431s] Level 1:colcon.colcon_core.package_identification:_identify(ros2_ws/src/ldlidar_stl_ros2) by extensions ['colcon_meta']
[0.431s] Level 1:colcon.colcon_core.package_identification:_identify(ros2_ws/src/ldlidar_stl_ros2) by extension 'colcon_meta'
[0.431s] Level 1:colcon.colcon_core.package_identification:_identify(ros2_ws/src/ldlidar_stl_ros2) by extensions ['ros']
[0.431s] Level 1:colcon.colcon_core.package_identification:_identify(ros2_ws/src/ldlidar_stl_ros2) by extension 'ros'
[0.436s] DEBUG:colcon.colcon_core.package_identification:Package 'ros2_ws/src/ldlidar_stl_ros2' with type 'ros.ament_cmake' and name 'ldlidar_stl_ros2'
[0.436s] Level 1:colcon.colcon_core.package_identification:_identify(ros2_ws/src/log) by extensions ['ignore', 'ignore_ament_install']
[0.437s] Level 1:colcon.colcon_core.package_identification:_identify(ros2_ws/src/log) by extension 'ignore'
[0.437s] Level 1:colcon.colcon_core.package_identification:_identify(ros2_ws/src/log) ignored
[0.437s] Level 1:colcon.colcon_core.package_identification:_identify(ros2_ws/src/my_robot) by extensions ['ignore', 'ignore_ament_install']
[0.437s] Level 1:colcon.colcon_core.package_identification:_identify(ros2_ws/src/my_robot) by extension 'ignore'
[0.437s] Level 1:colcon.colcon_core.package_identification:_identify(ros2_ws/src/my_robot) by extension 'ignore_ament_install'
[0.437s] Level 1:colcon.colcon_core.package_identification:_identify(ros2_ws/src/my_robot) by extensions ['colcon_pkg']
[0.437s] Level 1:colcon.colcon_core.package_identification:_identify(ros2_ws/src/my_robot) by extension 'colcon_pkg'
[0.437s] Level 1:colcon.colcon_core.package_identification:_identify(ros2_ws/src/my_robot) by extensions ['colcon_meta']
[0.437s] Level 1:colcon.colcon_core.package_identification:_identify(ros2_ws/src/my_robot) by extension 'colcon_meta'
[0.437s] Level 1:colcon.colcon_core.package_identification:_identify(ros2_ws/src/my_robot) by extensions ['ros']
[0.437s] Level 1:colcon.colcon_core.package_identification:_identify(ros2_ws/src/my_robot) by extension 'ros'
[0.437s] DEBUG:colcon.colcon_core.package_identification:Package 'ros2_ws/src/my_robot' with type 'ros.ament_python' and name 'my_robot'
[0.438s] Level 1:colcon.colcon_core.package_identification:_identify(ros2_ws/src/uart_publisher) by extensions ['ignore', 'ignore_ament_install']
[0.438s] Level 1:colcon.colcon_core.package_identification:_identify(ros2_ws/src/uart_publisher) by extension 'ignore'
[0.438s] Level 1:colcon.colcon_core.package_identification:_identify(ros2_ws/src/uart_publisher) by extension 'ignore_ament_install'
[0.438s] Level 1:colcon.colcon_core.package_identification:_identify(ros2_ws/src/uart_publisher) by extensions ['colcon_pkg']
[0.438s] Level 1:colcon.colcon_core.package_identification:_identify(ros2_ws/src/uart_publisher) by extension 'colcon_pkg'
[0.438s] Level 1:colcon.colcon_core.package_identification:_identify(ros2_ws/src/uart_publisher) by extensions ['colcon_meta']
[0.438s] Level 1:colcon.colcon_core.package_identification:_identify(ros2_ws/src/uart_publisher) by extension 'colcon_meta'
[0.438s] Level 1:colcon.colcon_core.package_identification:_identify(ros2_ws/src/uart_publisher) by extensions ['ros']
[0.438s] Level 1:colcon.colcon_core.package_identification:_identify(ros2_ws/src/uart_publisher) by extension 'ros'
[0.438s] DEBUG:colcon.colcon_core.package_identification:Package 'ros2_ws/src/uart_publisher' with type 'ros.ament_cmake' and name 'uart_publisher'
[0.438s] Level 1:colcon.colcon_core.package_discovery:discover_packages(recursive) using defaults
[0.439s] Level 1:colcon.colcon_core.package_discovery:discover_packages(ignore) discover
[0.439s] Level 1:colcon.colcon_core.package_discovery:discover_packages(ignore) using defaults
[0.439s] Level 1:colcon.colcon_core.package_discovery:discover_packages(path) discover
[0.439s] Level 1:colcon.colcon_core.package_discovery:discover_packages(path) using defaults
[0.471s] Level 5:colcon.colcon_core.verb:set package 'ldlidar_stl_ros2' build argument 'cmake_args' from command line to 'None'
[0.471s] Level 5:colcon.colcon_core.verb:set package 'ldlidar_stl_ros2' build argument 'cmake_target' from command line to 'None'
[0.471s] Level 5:colcon.colcon_core.verb:set package 'ldlidar_stl_ros2' build argument 'cmake_target_skip_unavailable' from command line to 'False'
[0.471s] Level 5:colcon.colcon_core.verb:set package 'ldlidar_stl_ros2' build argument 'cmake_clean_cache' from command line to 'False'
[0.471s] Level 5:colcon.colcon_core.verb:set package 'ldlidar_stl_ros2' build argument 'cmake_clean_first' from command line to 'False'
[0.471s] Level 5:colcon.colcon_core.verb:set package 'ldlidar_stl_ros2' build argument 'cmake_force_configure' from command line to 'False'
[0.471s] Level 5:colcon.colcon_core.verb:set package 'ldlidar_stl_ros2' build argument 'ament_cmake_args' from command line to 'None'
[0.471s] Level 5:colcon.colcon_core.verb:set package 'ldlidar_stl_ros2' build argument 'catkin_cmake_args' from command line to 'None'
[0.471s] Level 5:colcon.colcon_core.verb:set package 'ldlidar_stl_ros2' build argument 'catkin_skip_building_tests' from command line to 'False'
[0.471s] DEBUG:colcon.colcon_core.verb:Building package 'ldlidar_stl_ros2' with the following arguments: {'ament_cmake_args': None, 'build_base': '/ros2_ws/build/ldlidar_stl_ros2', 'catkin_cmake_args': None, 'catkin_skip_building_tests': False, 'cmake_args': None, 'cmake_clean_cache': False, 'cmake_clean_first': False, 'cmake_force_configure': False, 'cmake_target': None, 'cmake_target_skip_unavailable': False, 'install_base': '/ros2_ws/install/ldlidar_stl_ros2', 'merge_install': False, 'path': '/ros2_ws/ros2_ws/src/ldlidar_stl_ros2', 'symlink_install': False, 'test_result_base': None}
[0.471s] Level 5:colcon.colcon_core.verb:set package 'my_robot' build argument 'cmake_args' from command line to 'None'
[0.471s] Level 5:colcon.colcon_core.verb:set package 'my_robot' build argument 'cmake_target' from command line to 'None'
[0.471s] Level 5:colcon.colcon_core.verb:set package 'my_robot' build argument 'cmake_target_skip_unavailable' from command line to 'False'
[0.472s] Level 5:colcon.colcon_core.verb:set package 'my_robot' build argument 'cmake_clean_cache' from command line to 'False'
[0.472s] Level 5:colcon.colcon_core.verb:set package 'my_robot' build argument 'cmake_clean_first' from command line to 'False'
[0.472s] Level 5:colcon.colcon_core.verb:set package 'my_robot' build argument 'cmake_force_configure' from command line to 'False'
[0.472s] Level 5:colcon.colcon_core.verb:set package 'my_robot' build argument 'ament_cmake_args' from command line to 'None'
[0.472s] Level 5:colcon.colcon_core.verb:set package 'my_robot' build argument 'catkin_cmake_args' from command line to 'None'
[0.472s] Level 5:colcon.colcon_core.verb:set package 'my_robot' build argument 'catkin_skip_building_tests' from command line to 'False'
[0.472s] DEBUG:colcon.colcon_core.verb:Building package 'my_robot' with the following arguments: {'ament_cmake_args': None, 'build_base': '/ros2_ws/build/my_robot', 'catkin_cmake_args': None, 'catkin_skip_building_tests': False, 'cmake_args': None, 'cmake_clean_cache': False, 'cmake_clean_first': False, 'cmake_force_configure': False, 'cmake_target': None, 'cmake_target_skip_unavailable': False, 'install_base': '/ros2_ws/install/my_robot', 'merge_install': False, 'path': '/ros2_ws/ros2_ws/src/my_robot', 'symlink_install': False, 'test_result_base': None}
[0.472s] Level 5:colcon.colcon_core.verb:set package 'uart_publisher' build argument 'cmake_args' from command line to 'None'
[0.472s] Level 5:colcon.colcon_core.verb:set package 'uart_publisher' build argument 'cmake_target' from command line to 'None'
[0.472s] Level 5:colcon.colcon_core.verb:set package 'uart_publisher' build argument 'cmake_target_skip_unavailable' from command line to 'False'
[0.472s] Level 5:colcon.colcon_core.verb:set package 'uart_publisher' build argument 'cmake_clean_cache' from command line to 'False'
[0.472s] Level 5:colcon.colcon_core.verb:set package 'uart_publisher' build argument 'cmake_clean_first' from command line to 'False'
[0.472s] Level 5:colcon.colcon_core.verb:set package 'uart_publisher' build argument 'cmake_force_configure' from command line to 'False'
[0.472s] Level 5:colcon.colcon_core.verb:set package 'uart_publisher' build argument 'ament_cmake_args' from command line to 'None'
[0.472s] Level 5:colcon.colcon_core.verb:set package 'uart_publisher' build argument 'catkin_cmake_args' from command line to 'None'
[0.472s] Level 5:colcon.colcon_core.verb:set package 'uart_publisher' build argument 'catkin_skip_building_tests' from command line to 'False'
[0.472s] DEBUG:colcon.colcon_core.verb:Building package 'uart_publisher' with the following arguments: {'ament_cmake_args': None, 'build_base': '/ros2_ws/build/uart_publisher', 'catkin_cmake_args': None, 'catkin_skip_building_tests': False, 'cmake_args': None, 'cmake_clean_cache': False, 'cmake_clean_first': False, 'cmake_force_configure': False, 'cmake_target': None, 'cmake_target_skip_unavailable': False, 'install_base': '/ros2_ws/install/uart_publisher', 'merge_install': False, 'path': '/ros2_ws/ros2_ws/src/uart_publisher', 'symlink_install': False, 'test_result_base': None}
[0.473s] INFO:colcon.colcon_core.executor:Executing jobs using 'parallel' executor
[0.474s] DEBUG:colcon.colcon_parallel_executor.executor.parallel:run_until_complete
[0.475s] INFO:colcon.colcon_ros.task.ament_cmake.build:Building ROS package in '/ros2_ws/ros2_ws/src/ldlidar_stl_ros2' with build type 'ament_cmake'
[0.475s] INFO:colcon.colcon_cmake.task.cmake.build:Building CMake package in '/ros2_ws/ros2_ws/src/ldlidar_stl_ros2'
[0.481s] INFO:colcon.colcon_core.plugin_system:Skipping extension 'colcon_core.shell.bat': Not used on non-Windows systems
[0.481s] INFO:colcon.colcon_core.shell:Skip shell extension 'powershell' for command environment: Not usable outside of PowerShell
[0.481s] DEBUG:colcon.colcon_core.shell:Skip shell extension 'dsv' for command environment
[0.487s] INFO:colcon.colcon_ros.task.ament_python.build:Building ROS package in '/ros2_ws/ros2_ws/src/my_robot' with build type 'ament_python'
[0.487s] Level 1:colcon.colcon_core.shell:create_environment_hook('my_robot', 'ament_prefix_path')
[0.488s] INFO:colcon.colcon_core.shell:Creating environment hook '/ros2_ws/install/my_robot/share/my_robot/hook/ament_prefix_path.ps1'
[0.489s] INFO:colcon.colcon_core.shell:Creating environment descriptor '/ros2_ws/install/my_robot/share/my_robot/hook/ament_prefix_path.dsv'
[0.490s] INFO:colcon.colcon_core.shell:Creating environment hook '/ros2_ws/install/my_robot/share/my_robot/hook/ament_prefix_path.sh'
[0.491s] INFO:colcon.colcon_core.shell:Skip shell extension 'powershell' for command environment: Not usable outside of PowerShell
[0.491s] DEBUG:colcon.colcon_core.shell:Skip shell extension 'dsv' for command environment
[0.495s] INFO:colcon.colcon_ros.task.ament_cmake.build:Building ROS package in '/ros2_ws/ros2_ws/src/uart_publisher' with build type 'ament_cmake'
[0.495s] INFO:colcon.colcon_cmake.task.cmake.build:Building CMake package in '/ros2_ws/ros2_ws/src/uart_publisher'
[0.495s] INFO:colcon.colcon_core.shell:Skip shell extension 'powershell' for command environment: Not usable outside of PowerShell
[0.496s] DEBUG:colcon.colcon_core.shell:Skip shell extension 'dsv' for command environment
[0.502s] DEBUG:colcon.colcon_core.event_handler.log_command:Invoking command in '/ros2_ws/build/ldlidar_stl_ros2': CMAKE_PREFIX_PATH=${CMAKE_PREFIX_PATH}:/ros2_ws/install/my_robot:/opt/ros/humble /usr/bin/cmake --build /ros2_ws/build/ldlidar_stl_ros2 -- -j12 -l12
[0.708s] WARNING:colcon.colcon_ros.task.ament_python.build:Package 'my_robot' doesn't explicitly install a marker in the package index (colcon-ros currently does it implicitly but that fallback will be removed in the future)
[0.708s] INFO:colcon.colcon_core.task.python.build:Building Python package in '/ros2_ws/ros2_ws/src/my_robot'
[0.708s] INFO:colcon.colcon_core.shell:Skip shell extension 'powershell' for command environment: Not usable outside of PowerShell
[0.708s] DEBUG:colcon.colcon_core.shell:Skip shell extension 'dsv' for command environment
[0.715s] DEBUG:colcon.colcon_core.event_handler.log_command:Invoked command in '/ros2_ws/build/ldlidar_stl_ros2' returned '0': CMAKE_PREFIX_PATH=${CMAKE_PREFIX_PATH}:/ros2_ws/install/my_robot:/opt/ros/humble /usr/bin/cmake --build /ros2_ws/build/ldlidar_stl_ros2 -- -j12 -l12
[0.728s] DEBUG:colcon.colcon_core.event_handler.log_command:Invoking command in '/ros2_ws/build/ldlidar_stl_ros2': CMAKE_PREFIX_PATH=${CMAKE_PREFIX_PATH}:/ros2_ws/install/my_robot:/opt/ros/humble /usr/bin/cmake --install /ros2_ws/build/ldlidar_stl_ros2
[0.731s] DEBUG:colcon.colcon_core.event_handler.log_command:Invoking command in '/ros2_ws/build/uart_publisher': CMAKE_PREFIX_PATH=${CMAKE_PREFIX_PATH}:/ros2_ws/install/my_robot:/opt/ros/humble /usr/bin/cmake --build /ros2_ws/build/uart_publisher -- -j12 -l12
[0.738s] Level 1:colcon.colcon_core.environment:create_environment_scripts_only(ldlidar_stl_ros2)
[0.738s] DEBUG:colcon.colcon_core.event_handler.log_command:Invoked command in '/ros2_ws/build/ldlidar_stl_ros2' returned '0': CMAKE_PREFIX_PATH=${CMAKE_PREFIX_PATH}:/ros2_ws/install/my_robot:/opt/ros/humble /usr/bin/cmake --install /ros2_ws/build/ldlidar_stl_ros2
[0.744s] Level 1:colcon.colcon_core.environment:checking '/ros2_ws/install/ldlidar_stl_ros2' for CMake module files
[0.745s] Level 1:colcon.colcon_core.environment:checking '/ros2_ws/install/ldlidar_stl_ros2' for CMake config files
[0.745s] Level 1:colcon.colcon_core.shell:create_environment_hook('ldlidar_stl_ros2', 'cmake_prefix_path')
[0.745s] INFO:colcon.colcon_core.shell:Creating environment hook '/ros2_ws/install/ldlidar_stl_ros2/share/ldlidar_stl_ros2/hook/cmake_prefix_path.ps1'
[0.746s] INFO:colcon.colcon_core.shell:Creating environment descriptor '/ros2_ws/install/ldlidar_stl_ros2/share/ldlidar_stl_ros2/hook/cmake_prefix_path.dsv'
[0.746s] INFO:colcon.colcon_core.shell:Creating environment hook '/ros2_ws/install/ldlidar_stl_ros2/share/ldlidar_stl_ros2/hook/cmake_prefix_path.sh'
[0.747s] Level 1:colcon.colcon_core.environment:checking '/ros2_ws/install/ldlidar_stl_ros2/lib'
[0.747s] Level 1:colcon.colcon_core.environment:checking '/ros2_ws/install/ldlidar_stl_ros2/bin'
[0.747s] Level 1:colcon.colcon_core.environment:checking '/ros2_ws/install/ldlidar_stl_ros2/lib/pkgconfig/ldlidar_stl_ros2.pc'
[0.747s] Level 1:colcon.colcon_core.environment:checking '/ros2_ws/install/ldlidar_stl_ros2/lib/python3.10/site-packages'
[0.748s] Level 1:colcon.colcon_core.environment:checking '/ros2_ws/install/ldlidar_stl_ros2/bin'
[0.748s] INFO:colcon.colcon_core.shell:Creating package script '/ros2_ws/install/ldlidar_stl_ros2/share/ldlidar_stl_ros2/package.ps1'
[0.749s] INFO:colcon.colcon_core.shell:Creating package descriptor '/ros2_ws/install/ldlidar_stl_ros2/share/ldlidar_stl_ros2/package.dsv'
[0.750s] INFO:colcon.colcon_core.shell:Creating package script '/ros2_ws/install/ldlidar_stl_ros2/share/ldlidar_stl_ros2/package.sh'
[0.751s] INFO:colcon.colcon_core.shell:Creating package script '/ros2_ws/install/ldlidar_stl_ros2/share/ldlidar_stl_ros2/package.bash'
[0.752s] INFO:colcon.colcon_core.shell:Creating package script '/ros2_ws/install/ldlidar_stl_ros2/share/ldlidar_stl_ros2/package.zsh'
[0.753s] Level 1:colcon.colcon_core.environment:create_file_with_runtime_dependencies(/ros2_ws/install/ldlidar_stl_ros2/share/colcon-core/packages/ldlidar_stl_ros2)
[0.754s] Level 1:colcon.colcon_core.environment:create_environment_scripts_only(ldlidar_stl_ros2)
[0.755s] Level 1:colcon.colcon_core.environment:checking '/ros2_ws/install/ldlidar_stl_ros2' for CMake module files
[0.755s] Level 1:colcon.colcon_core.environment:checking '/ros2_ws/install/ldlidar_stl_ros2' for CMake config files
[0.755s] Level 1:colcon.colcon_core.shell:create_environment_hook('ldlidar_stl_ros2', 'cmake_prefix_path')
[0.755s] INFO:colcon.colcon_core.shell:Creating environment hook '/ros2_ws/install/ldlidar_stl_ros2/share/ldlidar_stl_ros2/hook/cmake_prefix_path.ps1'
[0.756s] INFO:colcon.colcon_core.shell:Creating environment descriptor '/ros2_ws/install/ldlidar_stl_ros2/share/ldlidar_stl_ros2/hook/cmake_prefix_path.dsv'
[0.756s] INFO:colcon.colcon_core.shell:Creating environment hook '/ros2_ws/install/ldlidar_stl_ros2/share/ldlidar_stl_ros2/hook/cmake_prefix_path.sh'
[0.757s] Level 1:colcon.colcon_core.environment:checking '/ros2_ws/install/ldlidar_stl_ros2/lib'
[0.757s] Level 1:colcon.colcon_core.environment:checking '/ros2_ws/install/ldlidar_stl_ros2/bin'
[0.757s] Level 1:colcon.colcon_core.environment:checking '/ros2_ws/install/ldlidar_stl_ros2/lib/pkgconfig/ldlidar_stl_ros2.pc'
[0.757s] Level 1:colcon.colcon_core.environment:checking '/ros2_ws/install/ldlidar_stl_ros2/lib/python3.10/site-packages'
[0.757s] Level 1:colcon.colcon_core.environment:checking '/ros2_ws/install/ldlidar_stl_ros2/bin'
[0.757s] INFO:colcon.colcon_core.shell:Creating package script '/ros2_ws/install/ldlidar_stl_ros2/share/ldlidar_stl_ros2/package.ps1'
[0.758s] INFO:colcon.colcon_core.shell:Creating package descriptor '/ros2_ws/install/ldlidar_stl_ros2/share/ldlidar_stl_ros2/package.dsv'
[0.758s] INFO:colcon.colcon_core.shell:Creating package script '/ros2_ws/install/ldlidar_stl_ros2/share/ldlidar_stl_ros2/package.sh'
[0.759s] INFO:colcon.colcon_core.shell:Creating package script '/ros2_ws/install/ldlidar_stl_ros2/share/ldlidar_stl_ros2/package.bash'
[0.759s] INFO:colcon.colcon_core.shell:Creating package script '/ros2_ws/install/ldlidar_stl_ros2/share/ldlidar_stl_ros2/package.zsh'
[0.759s] Level 1:colcon.colcon_core.environment:create_file_with_runtime_dependencies(/ros2_ws/install/ldlidar_stl_ros2/share/colcon-core/packages/ldlidar_stl_ros2)
[0.799s] DEBUG:colcon.colcon_core.event_handler.log_command:Invoked command in '/ros2_ws/build/uart_publisher' returned '0': CMAKE_PREFIX_PATH=${CMAKE_PREFIX_PATH}:/ros2_ws/install/my_robot:/opt/ros/humble /usr/bin/cmake --build /ros2_ws/build/uart_publisher -- -j12 -l12
[0.802s] DEBUG:colcon.colcon_core.event_handler.log_command:Invoking command in '/ros2_ws/build/uart_publisher': CMAKE_PREFIX_PATH=${CMAKE_PREFIX_PATH}:/ros2_ws/install/my_robot:/opt/ros/humble /usr/bin/cmake --install /ros2_ws/build/uart_publisher
[0.813s] Level 1:colcon.colcon_core.environment:create_environment_scripts_only(uart_publisher)
[0.814s] Level 1:colcon.colcon_core.environment:checking '/ros2_ws/install/uart_publisher' for CMake module files
[0.814s] Level 1:colcon.colcon_core.environment:checking '/ros2_ws/install/uart_publisher' for CMake config files
[0.815s] Level 1:colcon.colcon_core.shell:create_environment_hook('uart_publisher', 'cmake_prefix_path')
[0.815s] INFO:colcon.colcon_core.shell:Creating environment hook '/ros2_ws/install/uart_publisher/share/uart_publisher/hook/cmake_prefix_path.ps1'
[0.816s] DEBUG:colcon.colcon_core.event_handler.log_command:Invoked command in '/ros2_ws/build/uart_publisher' returned '0': CMAKE_PREFIX_PATH=${CMAKE_PREFIX_PATH}:/ros2_ws/install/my_robot:/opt/ros/humble /usr/bin/cmake --install /ros2_ws/build/uart_publisher
[0.816s] INFO:colcon.colcon_core.shell:Creating environment descriptor '/ros2_ws/install/uart_publisher/share/uart_publisher/hook/cmake_prefix_path.dsv'
[0.817s] INFO:colcon.colcon_core.shell:Creating environment hook '/ros2_ws/install/uart_publisher/share/uart_publisher/hook/cmake_prefix_path.sh'
[0.818s] Level 1:colcon.colcon_core.environment:checking '/ros2_ws/install/uart_publisher/lib'
[0.818s] Level 1:colcon.colcon_core.environment:checking '/ros2_ws/install/uart_publisher/bin'
[0.818s] Level 1:colcon.colcon_core.environment:checking '/ros2_ws/install/uart_publisher/lib/pkgconfig/uart_publisher.pc'
[0.819s] Level 1:colcon.colcon_core.environment:checking '/ros2_ws/install/uart_publisher/lib/python3.10/site-packages'
[0.819s] Level 1:colcon.colcon_core.environment:checking '/ros2_ws/install/uart_publisher/bin'
[0.819s] INFO:colcon.colcon_core.shell:Creating package script '/ros2_ws/install/uart_publisher/share/uart_publisher/package.ps1'
[0.820s] INFO:colcon.colcon_core.shell:Creating package descriptor '/ros2_ws/install/uart_publisher/share/uart_publisher/package.dsv'
[0.820s] INFO:colcon.colcon_core.shell:Creating package script '/ros2_ws/install/uart_publisher/share/uart_publisher/package.sh'
[0.821s] INFO:colcon.colcon_core.shell:Creating package script '/ros2_ws/install/uart_publisher/share/uart_publisher/package.bash'
[0.822s] INFO:colcon.colcon_core.shell:Creating package script '/ros2_ws/install/uart_publisher/share/uart_publisher/package.zsh'
[0.822s] Level 1:colcon.colcon_core.environment:create_file_with_runtime_dependencies(/ros2_ws/install/uart_publisher/share/colcon-core/packages/uart_publisher)
[0.823s] Level 1:colcon.colcon_core.environment:create_environment_scripts_only(uart_publisher)
[0.823s] Level 1:colcon.colcon_core.environment:checking '/ros2_ws/install/uart_publisher' for CMake module files
[0.824s] Level 1:colcon.colcon_core.environment:checking '/ros2_ws/install/uart_publisher' for CMake config files
[0.824s] Level 1:colcon.colcon_core.shell:create_environment_hook('uart_publisher', 'cmake_prefix_path')
[0.824s] INFO:colcon.colcon_core.shell:Creating environment hook '/ros2_ws/install/uart_publisher/share/uart_publisher/hook/cmake_prefix_path.ps1'
[0.825s] INFO:colcon.colcon_core.shell:Creating environment descriptor '/ros2_ws/install/uart_publisher/share/uart_publisher/hook/cmake_prefix_path.dsv'
[0.826s] INFO:colcon.colcon_core.shell:Creating environment hook '/ros2_ws/install/uart_publisher/share/uart_publisher/hook/cmake_prefix_path.sh'
[0.827s] Level 1:colcon.colcon_core.environment:checking '/ros2_ws/install/uart_publisher/lib'
[0.827s] Level 1:colcon.colcon_core.environment:checking '/ros2_ws/install/uart_publisher/bin'
[0.827s] Level 1:colcon.colcon_core.environment:checking '/ros2_ws/install/uart_publisher/lib/pkgconfig/uart_publisher.pc'
[0.827s] Level 1:colcon.colcon_core.environment:checking '/ros2_ws/install/uart_publisher/lib/python3.10/site-packages'
[0.827s] Level 1:colcon.colcon_core.environment:checking '/ros2_ws/install/uart_publisher/bin'
[0.828s] INFO:colcon.colcon_core.shell:Creating package script '/ros2_ws/install/uart_publisher/share/uart_publisher/package.ps1'
[0.829s] INFO:colcon.colcon_core.shell:Creating package descriptor '/ros2_ws/install/uart_publisher/share/uart_publisher/package.dsv'
[0.829s] INFO:colcon.colcon_core.shell:Creating package script '/ros2_ws/install/uart_publisher/share/uart_publisher/package.sh'
[0.830s] INFO:colcon.colcon_core.shell:Creating package script '/ros2_ws/install/uart_publisher/share/uart_publisher/package.bash'
[0.830s] INFO:colcon.colcon_core.shell:Creating package script '/ros2_ws/install/uart_publisher/share/uart_publisher/package.zsh'
[0.831s] Level 1:colcon.colcon_core.environment:create_file_with_runtime_dependencies(/ros2_ws/install/uart_publisher/share/colcon-core/packages/uart_publisher)
[1.163s] DEBUG:colcon.colcon_core.event_handler.log_command:Invoking command in '/ros2_ws/ros2_ws/src/my_robot': PYTHONPATH=/ros2_ws/build/my_robot/prefix_override:/usr/lib/python3/dist-packages/colcon_core/task/python/colcon_distutils_commands:/ros2_ws/install/my_robot/lib/python3.10/site-packages:${PYTHONPATH} /usr/bin/python3 -W ignore:setup.py install is deprecated -W ignore:easy_install command is deprecated setup.py egg_info --egg-base ../../../build/my_robot build --build-base /ros2_ws/build/my_robot/build install --record /ros2_ws/build/my_robot/install.log --single-version-externally-managed install_data
[1.383s] Level 1:colcon.colcon_core.environment:checking '/ros2_ws/install/my_robot' for CMake module files
[1.384s] DEBUG:colcon.colcon_core.event_handler.log_command:Invoked command in '/ros2_ws/ros2_ws/src/my_robot' returned '0': PYTHONPATH=/ros2_ws/build/my_robot/prefix_override:/usr/lib/python3/dist-packages/colcon_core/task/python/colcon_distutils_commands:/ros2_ws/install/my_robot/lib/python3.10/site-packages:${PYTHONPATH} /usr/bin/python3 -W ignore:setup.py install is deprecated -W ignore:easy_install command is deprecated setup.py egg_info --egg-base ../../../build/my_robot build --build-base /ros2_ws/build/my_robot/build install --record /ros2_ws/build/my_robot/install.log --single-version-externally-managed install_data
[1.384s] Level 1:colcon.colcon_core.environment:checking '/ros2_ws/install/my_robot' for CMake config files
[1.385s] Level 1:colcon.colcon_core.environment:checking '/ros2_ws/install/my_robot/lib'
[1.385s] Level 1:colcon.colcon_core.environment:checking '/ros2_ws/install/my_robot/bin'
[1.385s] Level 1:colcon.colcon_core.environment:checking '/ros2_ws/install/my_robot/lib/pkgconfig/my_robot.pc'
[1.385s] Level 1:colcon.colcon_core.environment:checking '/ros2_ws/install/my_robot/lib/python3.10/site-packages'
[1.385s] Level 1:colcon.colcon_core.shell:create_environment_hook('my_robot', 'pythonpath')
[1.385s] INFO:colcon.colcon_core.shell:Creating environment hook '/ros2_ws/install/my_robot/share/my_robot/hook/pythonpath.ps1'
[1.386s] INFO:colcon.colcon_core.shell:Creating environment descriptor '/ros2_ws/install/my_robot/share/my_robot/hook/pythonpath.dsv'
[1.386s] INFO:colcon.colcon_core.shell:Creating environment hook '/ros2_ws/install/my_robot/share/my_robot/hook/pythonpath.sh'
[1.387s] Level 1:colcon.colcon_core.environment:checking '/ros2_ws/install/my_robot/bin'
[1.387s] Level 1:colcon.colcon_core.environment:create_environment_scripts_only(my_robot)
[1.387s] INFO:colcon.colcon_core.shell:Creating package script '/ros2_ws/install/my_robot/share/my_robot/package.ps1'
[1.388s] INFO:colcon.colcon_core.shell:Creating package descriptor '/ros2_ws/install/my_robot/share/my_robot/package.dsv'
[1.388s] INFO:colcon.colcon_core.shell:Creating package script '/ros2_ws/install/my_robot/share/my_robot/package.sh'
[1.388s] INFO:colcon.colcon_core.shell:Creating package script '/ros2_ws/install/my_robot/share/my_robot/package.bash'
[1.389s] INFO:colcon.colcon_core.shell:Creating package script '/ros2_ws/install/my_robot/share/my_robot/package.zsh'
[1.389s] Level 1:colcon.colcon_core.environment:create_file_with_runtime_dependencies(/ros2_ws/install/my_robot/share/colcon-core/packages/my_robot)
[1.389s] DEBUG:colcon.colcon_parallel_executor.executor.parallel:closing loop
[1.389s] DEBUG:colcon.colcon_parallel_executor.executor.parallel:loop closed
[1.389s] DEBUG:colcon.colcon_parallel_executor.executor.parallel:run_until_complete finished with '0'
[1.390s] DEBUG:colcon.colcon_core.event_reactor:joining thread
[1.401s] INFO:colcon.colcon_core.plugin_system:Skipping extension 'colcon_notification.desktop_notification.notify_send': Could not find 'notify-send'
[1.401s] INFO:colcon.colcon_core.plugin_system:Skipping extension 'colcon_notification.desktop_notification.terminal_notifier': Not used on non-Darwin systems
[1.401s] INFO:colcon.colcon_core.plugin_system:Skipping extension 'colcon_notification.desktop_notification.win32': Not used on non-Windows systems
[1.401s] INFO:colcon.colcon_notification.desktop_notification:Sending desktop notification using 'notify2'
[1.420s] DEBUG:colcon.colcon_notification.desktop_notification.notify2:Failed to initialize notify2: org.freedesktop.DBus.Error.ServiceUnknown: The name org.freedesktop.Notifications was not provided by any .service files
[1.421s] DEBUG:colcon.colcon_core.event_reactor:joined thread
[1.421s] INFO:colcon.colcon_core.shell:Creating prefix script '/ros2_ws/install/local_setup.ps1'
[1.438s] INFO:colcon.colcon_core.shell:Creating prefix util module '/ros2_ws/install/_local_setup_util_ps1.py'
[1.440s] INFO:colcon.colcon_core.shell:Creating prefix chain script '/ros2_ws/install/setup.ps1'
[1.441s] INFO:colcon.colcon_core.shell:Creating prefix script '/ros2_ws/install/local_setup.sh'
[1.441s] INFO:colcon.colcon_core.shell:Creating prefix util module '/ros2_ws/install/_local_setup_util_sh.py'
[1.442s] INFO:colcon.colcon_core.shell:Creating prefix chain script '/ros2_ws/install/setup.sh'
[1.443s] INFO:colcon.colcon_core.shell:Creating prefix script '/ros2_ws/install/local_setup.bash'
[1.443s] INFO:colcon.colcon_core.shell:Creating prefix chain script '/ros2_ws/install/setup.bash'
[1.444s] INFO:colcon.colcon_core.shell:Creating prefix script '/ros2_ws/install/local_setup.zsh'
[1.444s] INFO:colcon.colcon_core.shell:Creating prefix chain script '/ros2_ws/install/setup.zsh'
