[0.020s] Invoking command in '/raspberry-pg/ros2_ws/build/slam_pkg': CMAKE_PREFIX_PATH=/opt/ros/humble /usr/bin/cmake /raspberry-pg/ros2_ws/src/slam_pkg -DCMAKE_INSTALL_PREFIX=/raspberry-pg/ros2_ws/install/slam_pkg
[0.186s] -- The C compiler identification is GNU 11.4.0
[0.324s] -- The CXX compiler identification is GNU 11.4.0
[0.342s] -- Detecting C compiler ABI info
[0.475s] -- Detecting C compiler ABI info - done
[0.490s] -- Check for working C compiler: /usr/bin/cc - skipped
[0.491s] -- Detecting C compile features
[0.492s] -- Detecting C compile features - done
[0.501s] -- Detecting CXX compiler ABI info
[0.653s] -- Detecting CXX compiler ABI info - done
[0.669s] -- Check for working CXX compiler: /usr/bin/c++ - skipped
[0.669s] -- Detecting CXX compile features
[0.670s] -- Detecting CXX compile features - done
[0.677s] -- Found ament_cmake: 1.3.10 (/opt/ros/humble/share/ament_cmake/cmake)
[0.986s] -- Found Python3: /usr/bin/python3 (found version "3.10.12") found components: Interpreter 
[1.199s] -- Found ament_lint_auto: 0.12.11 (/opt/ros/humble/share/ament_lint_auto/cmake)
[1.390s] -- Added test 'lint_cmake' to check CMake code style
[1.392s] -- Added test 'xmllint' to check XML markup files
[1.396s] -- Configuring done
[1.403s] -- Generating done
[1.405s] -- Build files have been written to: /raspberry-pg/ros2_ws/build/slam_pkg
[1.418s] Invoked command in '/raspberry-pg/ros2_ws/build/slam_pkg' returned '0': CMAKE_PREFIX_PATH=/opt/ros/humble /usr/bin/cmake /raspberry-pg/ros2_ws/src/slam_pkg -DCMAKE_INSTALL_PREFIX=/raspberry-pg/ros2_ws/install/slam_pkg
[1.421s] Invoking command in '/raspberry-pg/ros2_ws/build/slam_pkg': CMAKE_PREFIX_PATH=/opt/ros/humble /usr/bin/cmake --build /raspberry-pg/ros2_ws/build/slam_pkg -- -j8 -l8
[1.488s] Invoked command in '/raspberry-pg/ros2_ws/build/slam_pkg' returned '0': CMAKE_PREFIX_PATH=/opt/ros/humble /usr/bin/cmake --build /raspberry-pg/ros2_ws/build/slam_pkg -- -j8 -l8
[1.544s] Invoking command in '/raspberry-pg/ros2_ws/build/slam_pkg': CMAKE_PREFIX_PATH=/opt/ros/humble /usr/bin/cmake --install /raspberry-pg/ros2_ws/build/slam_pkg
[1.561s] -- Install configuration: ""
[1.561s] -- Installing: /raspberry-pg/ros2_ws/install/slam_pkg/share/ament_index/resource_index/package_run_dependencies/slam_pkg
[1.562s] -- Installing: /raspberry-pg/ros2_ws/install/slam_pkg/share/ament_index/resource_index/parent_prefix_path/slam_pkg
[1.562s] -- Installing: /raspberry-pg/ros2_ws/install/slam_pkg/share/slam_pkg/environment/ament_prefix_path.sh
[1.562s] -- Installing: /raspberry-pg/ros2_ws/install/slam_pkg/share/slam_pkg/environment/ament_prefix_path.dsv
[1.563s] -- Installing: /raspberry-pg/ros2_ws/install/slam_pkg/share/slam_pkg/environment/path.sh
[1.563s] -- Installing: /raspberry-pg/ros2_ws/install/slam_pkg/share/slam_pkg/environment/path.dsv
[1.564s] -- Installing: /raspberry-pg/ros2_ws/install/slam_pkg/share/slam_pkg/local_setup.bash
[1.565s] -- Installing: /raspberry-pg/ros2_ws/install/slam_pkg/share/slam_pkg/local_setup.sh
[1.565s] -- Installing: /raspberry-pg/ros2_ws/install/slam_pkg/share/slam_pkg/local_setup.zsh
[1.565s] -- Installing: /raspberry-pg/ros2_ws/install/slam_pkg/share/slam_pkg/local_setup.dsv
[1.565s] -- Installing: /raspberry-pg/ros2_ws/install/slam_pkg/share/slam_pkg/package.dsv
[1.566s] -- Installing: /raspberry-pg/ros2_ws/install/slam_pkg/share/ament_index/resource_index/packages/slam_pkg
[1.567s] -- Installing: /raspberry-pg/ros2_ws/install/slam_pkg/share/slam_pkg/cmake/slam_pkgConfig.cmake
[1.567s] -- Installing: /raspberry-pg/ros2_ws/install/slam_pkg/share/slam_pkg/cmake/slam_pkgConfig-version.cmake
[1.567s] -- Installing: /raspberry-pg/ros2_ws/install/slam_pkg/share/slam_pkg/package.xml
[1.609s] Invoked command in '/raspberry-pg/ros2_ws/build/slam_pkg' returned '0': CMAKE_PREFIX_PATH=/opt/ros/humble /usr/bin/cmake --install /raspberry-pg/ros2_ws/build/slam_pkg
