[0.356s] Invoking command in '/ros2_ws/ros2_ws/src/my_robot': PYTHONPATH=/ros2_ws/ros2_ws/build/my_robot/prefix_override:/usr/lib/python3/dist-packages/colcon_core/task/python/colcon_distutils_commands:/ros2_ws/ros2_ws/install/my_robot/lib/python3.10/site-packages:${PYTHONPATH} /usr/bin/python3 -W ignore:setup.py install is deprecated -W ignore:easy_install command is deprecated setup.py egg_info --egg-base ../../build/my_robot build --build-base /ros2_ws/ros2_ws/build/my_robot/build install --record /ros2_ws/ros2_ws/build/my_robot/install.log --single-version-externally-managed install_data
[0.460s] running egg_info
[0.461s] writing ../../build/my_robot/my_robot.egg-info/PKG-INFO
[0.461s] writing dependency_links to ../../build/my_robot/my_robot.egg-info/dependency_links.txt
[0.461s] writing entry points to ../../build/my_robot/my_robot.egg-info/entry_points.txt
[0.461s] writing requirements to ../../build/my_robot/my_robot.egg-info/requires.txt
[0.461s] writing top-level names to ../../build/my_robot/my_robot.egg-info/top_level.txt
[0.462s] reading manifest file '../../build/my_robot/my_robot.egg-info/SOURCES.txt'
[0.462s] writing manifest file '../../build/my_robot/my_robot.egg-info/SOURCES.txt'
[0.462s] running build
[0.462s] running build_py
[0.462s] running install
[0.462s] running install_lib
[0.463s] running install_data
[0.463s] creating /ros2_ws/ros2_ws/install/my_robot/share/my_robot/launch
[0.463s] copying launch/full_slam_launch.py -> /ros2_ws/ros2_ws/install/my_robot/share/my_robot/launch
[0.463s] running install_egg_info
[0.464s] removing '/ros2_ws/ros2_ws/install/my_robot/lib/python3.10/site-packages/my_robot-0.0.0-py3.10.egg-info' (and everything under it)
[0.464s] Copying ../../build/my_robot/my_robot.egg-info to /ros2_ws/ros2_ws/install/my_robot/lib/python3.10/site-packages/my_robot-0.0.0-py3.10.egg-info
[0.465s] running install_scripts
[0.477s] writing list of installed files to '/ros2_ws/ros2_ws/build/my_robot/install.log'
[0.494s] Invoked command in '/ros2_ws/ros2_ws/src/my_robot' returned '0': PYTHONPATH=/ros2_ws/ros2_ws/build/my_robot/prefix_override:/usr/lib/python3/dist-packages/colcon_core/task/python/colcon_distutils_commands:/ros2_ws/ros2_ws/install/my_robot/lib/python3.10/site-packages:${PYTHONPATH} /usr/bin/python3 -W ignore:setup.py install is deprecated -W ignore:easy_install command is deprecated setup.py egg_info --egg-base ../../build/my_robot build --build-base /ros2_ws/ros2_ws/build/my_robot/build install --record /ros2_ws/ros2_ws/build/my_robot/install.log --single-version-externally-managed install_data
